            --------------------------------------------------------
                             AMBER SQM VERSION 14
 
                                     By
              Ross C. Walker, Michael F. Crowley, Scott Brozell,
                         Tim Giese, Andreas W. Goetz,
                        Tai-Sung Lee and David A. Case
 
            --------------------------------------------------------
 

--------------------------------------------------------------------------------
  QM CALCULATION INFO
--------------------------------------------------------------------------------

| QMMM: Citation for AMBER QMMM Run:
| QMMM: R.C. Walker, M.F. Crowley and D.A. Case, J. COMP. CHEM. 29:1019, 2008

QMMM: SINGLET STATE CALCULATION
QMMM: RHF CALCULATION, NO. OF DOUBLY OCCUPIED LEVELS = 33

| QMMM: *** Selected Hamiltonian *** 
| QMMM: AM1         

| QMMM: *** Parameter sets in use ***
| QMMM: C : M.J.S.DEWAR et al. JACS, 107, 3902, (1985)
| QMMM: P : M.J.S.DEWAR et al. THEOCHEM, 187,1, (1989)
| QMMM: O : M.J.S.DEWAR et al. JACS, 107, 3902, (1985)
| QMMM: H : M.J.S.DEWAR et al. JACS, 107, 3902, (1985)

| QMMM: *** SCF convergence criteria ***
| QMMM: Energy change                :  0.1D-09 kcal/mol
| QMMM: Error matrix |FP-PF|         :  0.1D+00 au
| QMMM: Density matrix change        :  0.1D-09
| QMMM: Maximum number of SCF cycles :     1000

| QMMM: *** Diagonalization Routine Information ***
| QMMM: Pseudo diagonalizations are allowed.
| QMMM: Auto diagonalization routine selection is disabled.
| QMMM: Using internal diagonalization routine (diag_routine=1).

  QMMM: QM Region Cartesian Coordinates (*=link atom) 
  QMMM: QM_NO.   MM_NO.  ATOM         X         Y         Z
  QMMM:     1        1      C        1.9190   -0.8070   -0.0780
  QMMM:     2        2      C        0.8600    0.2520    0.0870
  QMMM:     3        3      C        1.4660    1.6260   -0.2030
  QMMM:     4        4      P       -1.5360   -0.2090    0.0620
  QMMM:     5        5      O        1.7720   -1.6860   -0.8930
  QMMM:     6        6      O        3.0260   -0.7730    0.6790
  QMMM:     7        7      O        0.4610    2.6310   -0.0460
  QMMM:     8        8      O       -0.2100    0.0020   -0.8240
  QMMM:     9        9      O       -1.7970    1.0120    0.8560
  QMMM:    10       10      O       -2.7900   -0.4970   -0.9060
  QMMM:    11       11      O       -1.3260   -1.4590    1.0540
  QMMM:    12       12      H        0.4810    0.2290    1.1080
  QMMM:    13       13      H        1.8450    1.6490   -1.2240
  QMMM:    14       14      H        2.2830    1.8180    0.4920
  QMMM:    15       15      H        3.7060   -1.4530    0.5730
  QMMM:    16       16      H        0.8840    3.4800   -0.2370
  QMMM:    17       17      H       -3.5610   -0.6160   -0.3360
  QMMM:    18       18      H       -1.1590   -2.2320    0.4980

--------------------------------------------------------------------------------
  RESULTS
--------------------------------------------------------------------------------

      iter         sqm energy              rms gradient
      ----    -------------------    -----------------------
xmin    10     -411.4756 kcal/mol        1.3849 kcal/(mol*A)
xmin    20     -413.9912 kcal/mol        4.5801 kcal/(mol*A)
xmin    30     -415.2623 kcal/mol        0.0460 kcal/(mol*A)
xmin    40     -415.3143 kcal/mol        0.4862 kcal/(mol*A)
xmin    50     -415.6626 kcal/mol        1.3236 kcal/(mol*A)
xmin    60     -416.1700 kcal/mol        0.3082 kcal/(mol*A)
xmin    70     -416.2308 kcal/mol        0.1355 kcal/(mol*A)
xmin    80     -416.2909 kcal/mol        0.0129 kcal/(mol*A)
xmin    90     -416.2909 kcal/mol        0.0004 kcal/(mol*A)
  ... geometry converged !
 
 Final MO eigenvalues (eV):
 -41.5053  -39.6994  -38.3048  -37.7182  -37.4627  -36.9564  -35.0875  -31.6755
 -25.6944  -23.1147  -21.4671  -20.2728  -19.6514  -19.3893  -18.7558  -18.4099
 -17.1038  -16.7937  -16.4917  -15.8849  -15.8376  -15.1359  -15.0362  -14.3846
 -14.1077  -13.8620  -13.5157  -12.9265  -12.8103  -12.2844  -12.2373  -11.9189
 -11.4889    0.2735    0.5817    1.5835    2.4670    2.8678    2.8979    3.2505
   3.2697    3.6816    3.7096    3.9729    4.1400    4.7626    5.1333    5.6532
   5.7705    6.1479    6.6516

 Heat of formation   =       -416.29094448 kcal/mol  (      -18.05172995 eV)

 Total SCF energy    =     -65880.88312062 kcal/mol  (    -2856.80946709 eV)
 Electronic energy   =    -284458.33461709 kcal/mol  (   -12335.03901032 eV)
 Core-core repulsion =     218577.45149647 kcal/mol  (     9478.22954323 eV)
 
    Atomic Charges for Step       1 :
  Atom    Element       Mulliken Charge
     1      C                  0.288
     2      C                  0.046
     3      C                 -0.017
     4      P                  2.620
     5      O                 -0.345
     6      O                 -0.311
     7      O                 -0.317
     8      O                 -0.746
     9      O                 -1.077
    10      O                 -0.799
    11      O                 -0.770
    12      H                  0.156
    13      H                  0.088
    14      H                  0.135
    15      H                  0.252
    16      H                  0.212
    17      H                  0.288
    18      H                  0.298
 Total Mulliken Charge =      -0.000
 
                  X        Y        Z     TOTAL  
  QM DIPOLE     1.041    0.827   -2.340    2.691
 
 Final Structure

  QMMM: QM Region Cartesian Coordinates (*=link atom) 
  QMMM: QM_NO.   MM_NO.  ATOM         X         Y         Z
  QMMM:     1        1      C        1.9806   -0.7388    0.4615
  QMMM:     2        2      C        0.9123    0.3265    0.3184
  QMMM:     3        3      C        1.4881    1.5382   -0.4356
  QMMM:     4        4      P       -1.5538   -0.5065    0.3349
  QMMM:     5        5      O        1.9003   -1.9498    0.2504
  QMMM:     6        6      O        3.1739   -0.2551    0.9017
  QMMM:     7        7      O        0.4974    2.5185   -0.6325
  QMMM:     8        8      O       -0.1647   -0.1907   -0.4234
  QMMM:     9        9      O       -1.5360   -0.2990    1.7709
  QMMM:    10       10      O       -2.5571    0.4685   -0.4177
  QMMM:    11       11      O       -1.8609   -1.9146   -0.3126
  QMMM:    12       12      H        0.5590    0.6241    1.3523
  QMMM:    13       13      H        1.9278    1.2039   -1.4107
  QMMM:    14       14      H        2.2759    2.0226    0.2026
  QMMM:    15       15      H        3.8065   -0.9875    0.9986
  QMMM:    16       16      H       -0.0913    2.1972   -1.3284
  QMMM:    17       17      H       -3.0690    1.0630    0.1274
  QMMM:    18       18      H       -1.3650   -2.1536   -1.0958

           --------- Calculation Completed ----------

