            --------------------------------------------------------
                             AMBER SQM VERSION 14
 
                                     By
              Ross C. Walker, Michael F. Crowley, Scott Brozell,
                         Tim Giese, Andreas W. Goetz,
                        Tai-Sung Lee and David A. Case
 
            --------------------------------------------------------
 

--------------------------------------------------------------------------------
  QM CALCULATION INFO
--------------------------------------------------------------------------------

| QMMM: Citation for AMBER QMMM Run:
| QMMM: R.C. Walker, M.F. Crowley and D.A. Case, J. COMP. CHEM. 29:1019, 2008

QMMM: SINGLET STATE CALCULATION
QMMM: RHF CALCULATION, NO. OF DOUBLY OCCUPIED LEVELS = 48

| QMMM: *** Selected Hamiltonian *** 
| QMMM: AM1         

| QMMM: *** Parameter sets in use ***
| QMMM: O : M.J.S.DEWAR et al. JACS, 107, 3902, (1985)
| QMMM: C : M.J.S.DEWAR et al. JACS, 107, 3902, (1985)
| QMMM: P : M.J.S.DEWAR et al. THEOCHEM, 187,1, (1989)
| QMMM: H : M.J.S.DEWAR et al. JACS, 107, 3902, (1985)

| QMMM: *** SCF convergence criteria ***
| QMMM: Energy change                :  0.1D-09 kcal/mol
| QMMM: Error matrix |FP-PF|         :  0.1D+00 au
| QMMM: Density matrix change        :  0.1D-09
| QMMM: Maximum number of SCF cycles :     1000

| QMMM: *** Diagonalization Routine Information ***
| QMMM: Pseudo diagonalizations are allowed.
| QMMM: Auto diagonalization routine selection is disabled.
| QMMM: Using internal diagonalization routine (diag_routine=1).

  QMMM: QM Region Cartesian Coordinates (*=link atom) 
  QMMM: QM_NO.   MM_NO.  ATOM         X         Y         Z
  QMMM:     1        1      O       -2.8300   -2.8170   -0.5080
  QMMM:     2        2      C       -3.1390   -1.4460   -0.7660
  QMMM:     3        3      C       -2.3040   -0.5530    0.1520
  QMMM:     4        4      O       -2.5850   -0.8660    1.5180
  QMMM:     5        5      C       -2.6270    0.9300   -0.1220
  QMMM:     6        6      O       -3.5190    1.4540    0.8630
  QMMM:     7        7      C       -1.2280    1.5970   -0.0130
  QMMM:     8        8      O       -1.1510    2.7730   -0.8210
  QMMM:     9        9      C       -0.3200    0.4740   -0.5760
  QMMM:    10       10      O       -0.9100   -0.7510   -0.1130
  QMMM:    11       11      C        1.1030    0.6160   -0.0330
  QMMM:    12       12      O        1.9050   -0.4630   -0.5130
  QMMM:    13       13      P        3.3810   -0.2510    0.0920
  QMMM:    14       14      O        3.3150   -0.2620    1.5700
  QMMM:    15       15      O        4.3440   -1.4400   -0.4100
  QMMM:    16       16      O        3.9690    1.1610   -0.4070
  QMMM:    17       17      H       -3.3770   -3.3440   -1.1080
  QMMM:    18       18      H       -2.9100   -1.2110   -1.8060
  QMMM:    19       19      H       -4.1980   -1.2700   -0.5790
  QMMM:    20       20      H       -2.3650   -1.7990    1.6420
  QMMM:    21       21      H       -3.0410    1.0580   -1.1230
  QMMM:    22       22      H       -3.6070    2.4010    0.6860
  QMMM:    23       23      H       -0.9790    1.8190    1.0240
  QMMM:    24       24      H       -1.7370    3.4280   -0.4150
  QMMM:    25       25      H       -0.3150    0.5040   -1.6660
  QMMM:    26       26      H        1.5270    1.5620   -0.3710
  QMMM:    27       27      H        1.0800    0.5970    1.0550

--------------------------------------------------------------------------------
  RESULTS
--------------------------------------------------------------------------------

      iter         sqm energy              rms gradient
      ----    -------------------    -----------------------
xmin    10     -440.8694 kcal/mol        2.6560 kcal/(mol*A)
xmin    20     -460.9697 kcal/mol        1.9372 kcal/(mol*A)
xmin    30     -473.9059 kcal/mol        2.8884 kcal/(mol*A)
xmin    40     -474.6999 kcal/mol        0.1178 kcal/(mol*A)
xmin    50     -474.7193 kcal/mol        0.0013 kcal/(mol*A)
  ... geometry converged !
 
 Final MO eigenvalues (eV):
 -36.3023  -33.2496  -32.1585  -31.7372  -30.3127  -29.0716  -25.4079  -24.3179
 -23.7001  -23.2292  -23.1142  -21.4278  -17.9667  -17.1200  -15.7681  -13.9017
 -13.8532  -12.7798  -11.9969  -10.9479  -10.7365  -10.5390  -10.2627   -9.7296
  -9.4815   -9.2791   -8.7617   -8.2735   -7.9789   -7.6128   -7.4843   -7.1446
  -6.6384   -6.5649   -6.1366   -5.5859   -5.1903   -4.6180   -4.5005   -4.2750
  -3.7988   -2.6614   -1.7165   -1.2076   -1.1795   -1.0428   -0.9579   -0.9429
   7.8535    8.0011    8.2588    8.5347    8.7576    8.8412    9.1667    9.2926
   9.4157    9.7495   10.0421   10.5338   10.8319   10.9969   11.0818   11.2330
  11.2543   11.2957   11.5129   11.8493   11.9515   12.6885   13.2770   14.1747
  15.7794   17.5852   17.8366

 Heat of formation   =       -474.71934568 kcal/mol  (      -20.58537556 eV)

 Total SCF energy    =     -90768.30067174 kcal/mol  (    -3936.00887523 eV)
 Electronic energy   =    -493746.07537497 kcal/mol  (   -21410.43646741 eV)
 Core-core repulsion =     402977.77470322 kcal/mol  (    17474.42759218 eV)
 
    Atomic Charges for Step       1 :
  Atom    Element       Mulliken Charge
     1      O                 -0.355
     2      C                  0.001
     3      C                  0.128
     4      O                 -0.371
     5      C                 -0.021
     6      O                 -0.328
     7      C                  0.018
     8      O                 -0.394
     9      C                 -0.048
    10      O                 -0.335
    11      C                  0.079
    12      O                 -0.718
    13      P                  2.524
    14      O                 -1.249
    15      O                 -1.229
    16      O                 -1.275
    17      H                  0.226
    18      H                  0.064
    19      H                  0.093
    20      H                  0.229
    21      H                  0.119
    22      H                  0.207
    23      H                  0.149
    24      H                  0.299
    25      H                  0.114
    26      H                  0.066
    27      H                  0.004
 Total Mulliken Charge =      -2.000
 
                  X        Y        Z     TOTAL  
  QM DIPOLE   -18.309   -7.685   -1.750   19.934
 
 Final Structure

  QMMM: QM Region Cartesian Coordinates (*=link atom) 
  QMMM: QM_NO.   MM_NO.  ATOM         X         Y         Z
  QMMM:     1        1      O       -3.7569   -2.4605   -0.7642
  QMMM:     2        2      C       -3.7396   -1.0469   -0.7640
  QMMM:     3        3      C       -2.5365   -0.4520   -0.0244
  QMMM:     4        4      O       -2.7000   -0.6816    1.3655
  QMMM:     5        5      C       -2.3158    1.0555   -0.3166
  QMMM:     6        6      O       -2.8536    1.8604    0.7090
  QMMM:     7        7      C       -0.7824    1.1899   -0.4685
  QMMM:     8        8      O       -0.5075    1.9363   -1.6303
  QMMM:     9        9      C       -0.2524   -0.2525   -0.6009
  QMMM:    10       10      O       -1.3636   -1.1619   -0.3668
  QMMM:    11       11      C        0.8836   -0.5910    0.3960
  QMMM:    12       12      O        2.1083   -0.4056   -0.1798
  QMMM:    13       13      P        2.8992    1.0722    0.3108
  QMMM:    14       14      O        2.8616    0.9485    1.8074
  QMMM:    15       15      O        4.2295    1.0026   -0.3720
  QMMM:    16       16      O        1.8837    2.0461   -0.2538
  QMMM:    17       17      H       -2.8374   -2.7598   -0.7566
  QMMM:    18       18      H       -3.7228   -0.6863   -1.8275
  QMMM:    19       19      H       -4.6882   -0.7295   -0.2580
  QMMM:    20       20      H       -1.8136   -0.8111    1.7344
  QMMM:    21       21      H       -2.8481    1.3797   -1.2484
  QMMM:    22       22      H       -2.3813    1.6337    1.5214
  QMMM:    23       23      H       -0.3331    1.7052    0.4270
  QMMM:    24       24      H        0.4363    2.2073   -1.5394
  QMMM:    25       25      H        0.0899   -0.4526   -1.6500
  QMMM:    26       26      H        0.7688    0.0349    1.3267
  QMMM:    27       27      H        0.7538   -1.6799    0.6749

           --------- Calculation Completed ----------

