            --------------------------------------------------------
                             AMBER SQM VERSION 14
 
                                     By
              Ross C. Walker, Michael F. Crowley, Scott Brozell,
                         Tim Giese, Andreas W. Goetz,
                        Tai-Sung Lee and David A. Case
 
            --------------------------------------------------------
 

--------------------------------------------------------------------------------
  QM CALCULATION INFO
--------------------------------------------------------------------------------

| QMMM: Citation for AMBER QMMM Run:
| QMMM: R.C. Walker, M.F. Crowley and D.A. Case, J. COMP. CHEM. 29:1019, 2008

QMMM: SINGLET STATE CALCULATION
QMMM: RHF CALCULATION, NO. OF DOUBLY OCCUPIED LEVELS = 16

| QMMM: *** Selected Hamiltonian *** 
| QMMM: AM1         

| QMMM: *** Parameter sets in use ***
| QMMM: P : M.J.S.DEWAR et al. THEOCHEM, 187,1, (1989)
| QMMM: O : M.J.S.DEWAR et al. JACS, 107, 3902, (1985)
| QMMM: H : M.J.S.DEWAR et al. JACS, 107, 3902, (1985)

| QMMM: *** SCF convergence criteria ***
| QMMM: Energy change                :  0.1D-09 kcal/mol
| QMMM: Error matrix |FP-PF|         :  0.1D+00 au
| QMMM: Density matrix change        :  0.1D-09
| QMMM: Maximum number of SCF cycles :     1000

| QMMM: *** Diagonalization Routine Information ***
| QMMM: Pseudo diagonalizations are allowed.
| QMMM: Auto diagonalization routine selection is disabled.
| QMMM: Using internal diagonalization routine (diag_routine=1).

  QMMM: QM Region Cartesian Coordinates (*=link atom) 
  QMMM: QM_NO.   MM_NO.  ATOM         X         Y         Z
  QMMM:     1        1      P       -0.0940    0.0430    0.0330
  QMMM:     2        2      O       -1.4680   -0.4320   -0.2790
  QMMM:     3        3      O        0.5610   -0.7670    1.1420
  QMMM:     4        4      O        0.0590    1.4610    0.2630
  QMMM:     5        5      O        0.8120   -0.3380   -1.0780
  QMMM:     6        6      H        1.6900   -0.0350   -0.8780

--------------------------------------------------------------------------------
  RESULTS
--------------------------------------------------------------------------------

      iter         sqm energy              rms gradient
      ----    -------------------    -----------------------
xmin    10     -204.4887 kcal/mol        1.3007 kcal/(mol*A)
xmin    20     -205.1184 kcal/mol        0.0189 kcal/(mol*A)
  ... geometry converged !
 
 Final MO eigenvalues (eV):
 -25.2462  -22.0702  -21.5647  -21.5587   -7.7590   -5.7645   -4.0157   -3.4826
  -2.7949   -1.7761   -0.1631    0.3096    0.3397    0.3889    0.4979    0.5037
  14.5551   15.7155   17.3852   19.1401   19.1559

 Heat of formation   =       -205.11844165 kcal/mol  (       -8.89460308 eV)

 Total SCF energy    =     -32861.76143104 kcal/mol  (    -1424.99290712 eV)
 Electronic energy   =     -85346.45469661 kcal/mol  (    -3700.89999118 eV)
 Core-core repulsion =      52484.69326557 kcal/mol  (     2275.90708406 eV)
 
    Atomic Charges for Step       1 :
  Atom    Element       Mulliken Charge
     1      P                  2.512
     2      O                 -1.269
     3      O                 -1.290
     4      O                 -1.269
     5      O                 -0.848
     6      H                  0.163
 Total Mulliken Charge =      -2.000
 
                  X        Y        Z     TOTAL  
  QM DIPOLE     2.049   -1.501   -1.490    2.945
 
 Final Structure

  QMMM: QM Region Cartesian Coordinates (*=link atom) 
  QMMM: QM_NO.   MM_NO.  ATOM         X         Y         Z
  QMMM:     1        1      P       -0.1282    0.1175    0.1298
  QMMM:     2        2      O       -1.4049   -0.5482   -0.3224
  QMMM:     3        3      O        0.7067   -0.6655    1.1229
  QMMM:     4        4      O       -0.2180    1.6036    0.3765
  QMMM:     5        5      O        0.9285   -0.0346   -1.1965
  QMMM:     6        6      H        1.6759   -0.5407   -0.9074

           --------- Calculation Completed ----------

