            --------------------------------------------------------
                             AMBER SQM VERSION 14
 
                                     By
              Ross C. Walker, Michael F. Crowley, Scott Brozell,
                         Tim Giese, Andreas W. Goetz,
                        Tai-Sung Lee and David A. Case
 
            --------------------------------------------------------
 

--------------------------------------------------------------------------------
  QM CALCULATION INFO
--------------------------------------------------------------------------------

| QMMM: Citation for AMBER QMMM Run:
| QMMM: R.C. Walker, M.F. Crowley and D.A. Case, J. COMP. CHEM. 29:1019, 2008

QMMM: SINGLET STATE CALCULATION
QMMM: RHF CALCULATION, NO. OF DOUBLY OCCUPIED LEVELS = 29

| QMMM: *** Selected Hamiltonian *** 
| QMMM: AM1         

| QMMM: *** Parameter sets in use ***
| QMMM: C : M.J.S.DEWAR et al. JACS, 107, 3902, (1985)
| QMMM: O : M.J.S.DEWAR et al. JACS, 107, 3902, (1985)
| QMMM: P : M.J.S.DEWAR et al. THEOCHEM, 187,1, (1989)
| QMMM: H : M.J.S.DEWAR et al. JACS, 107, 3902, (1985)

| QMMM: *** SCF convergence criteria ***
| QMMM: Energy change                :  0.1D-09 kcal/mol
| QMMM: Error matrix |FP-PF|         :  0.1D+00 au
| QMMM: Density matrix change        :  0.1D-09
| QMMM: Maximum number of SCF cycles :     1000

| QMMM: *** Diagonalization Routine Information ***
| QMMM: Pseudo diagonalizations are allowed.
| QMMM: Auto diagonalization routine selection is disabled.
| QMMM: Using internal diagonalization routine (diag_routine=1).

  QMMM: QM Region Cartesian Coordinates (*=link atom) 
  QMMM: QM_NO.   MM_NO.  ATOM         X         Y         Z
  QMMM:     1        1      C        0.3120   -0.4910    2.3660
  QMMM:     2        2      O        1.2030   -1.3490    2.3500
  QMMM:     3        3      O       -0.1030    0.1140    3.3770
  QMMM:     4        4      C       -0.4050   -0.1720    1.0160
  QMMM:     5        5      C       -1.7090    0.1310    1.0590
  QMMM:     6        6      O        0.3360   -0.2930   -0.0700
  QMMM:     7        7      P       -0.0450    0.1640   -1.7400
  QMMM:     8        8      O       -0.1180    1.6700   -1.7010
  QMMM:     9        9      O        1.1570   -0.4030   -2.4520
  QMMM:    10       10      O       -1.3520   -0.5300   -2.0400
  QMMM:    11       11      H       -2.2680    0.2850    0.1560
  QMMM:    12       12      H       -2.1880    0.2360    2.0170

--------------------------------------------------------------------------------
  RESULTS
--------------------------------------------------------------------------------

      iter         sqm energy              rms gradient
      ----    -------------------    -----------------------
xmin    10     -157.8794 kcal/mol        3.6496 kcal/(mol*A)
xmin    20     -158.2754 kcal/mol        0.0398 kcal/(mol*A)
xmin    30     -158.2893 kcal/mol        0.2063 kcal/(mol*A)
xmin    40     -158.2898 kcal/mol        0.0417 kcal/(mol*A)
xmin    50     -158.2899 kcal/mol        0.0381 kcal/(mol*A)
xmin    60     -158.2908 kcal/mol        0.0386 kcal/(mol*A)
xmin    70     -158.2909 kcal/mol        0.0482 kcal/(mol*A)
xmin    80     -158.2910 kcal/mol        0.0444 kcal/(mol*A)
xmin    90     -158.2917 kcal/mol        0.0350 kcal/(mol*A)
xmin   100     -158.2918 kcal/mol        0.0425 kcal/(mol*A)
xmin   110     -158.2919 kcal/mol        0.0363 kcal/(mol*A)
xmin   120     -158.2920 kcal/mol        0.0329 kcal/(mol*A)
xmin   130     -158.2920 kcal/mol        0.0305 kcal/(mol*A)
xmin   140     -158.2925 kcal/mol        0.0226 kcal/(mol*A)
xmin   150     -158.2925 kcal/mol        0.0205 kcal/(mol*A)
xmin   160     -158.2929 kcal/mol        0.0278 kcal/(mol*A)
xmin   170     -158.2929 kcal/mol        0.0348 kcal/(mol*A)
xmin   180     -158.2930 kcal/mol        0.0315 kcal/(mol*A)
xmin   190     -158.2934 kcal/mol        0.0550 kcal/(mol*A)
xmin   200     -158.2938 kcal/mol        0.0249 kcal/(mol*A)
xmin   210     -158.2938 kcal/mol        0.0221 kcal/(mol*A)
xmin   220     -158.2939 kcal/mol        0.0209 kcal/(mol*A)
xmin   230     -158.2940 kcal/mol        0.0199 kcal/(mol*A)
xmin   240     -158.2940 kcal/mol        0.0190 kcal/(mol*A)
xmin   250     -158.2941 kcal/mol        0.0182 kcal/(mol*A)
xmin   260     -158.2941 kcal/mol        0.0175 kcal/(mol*A)
xmin   270     -158.2942 kcal/mol        0.0168 kcal/(mol*A)
xmin   280     -158.2945 kcal/mol        0.0215 kcal/(mol*A)
xmin   290     -158.2946 kcal/mol        0.0195 kcal/(mol*A)
xmin   300     -158.2946 kcal/mol        0.0189 kcal/(mol*A)
xmin   310     -158.2946 kcal/mol        0.0184 kcal/(mol*A)
xmin   320     -158.2947 kcal/mol        0.0180 kcal/(mol*A)
xmin   330     -158.2947 kcal/mol        0.0175 kcal/(mol*A)
xmin   340     -158.2947 kcal/mol        0.0171 kcal/(mol*A)
xmin   350     -158.2947 kcal/mol        0.0167 kcal/(mol*A)
xmin   360     -158.2948 kcal/mol        0.0163 kcal/(mol*A)
xmin   370     -158.2948 kcal/mol        0.0160 kcal/(mol*A)
xmin   380     -158.2948 kcal/mol        0.0156 kcal/(mol*A)
xmin   390     -158.2948 kcal/mol        0.0153 kcal/(mol*A)
xmin   400     -158.2949 kcal/mol        0.0150 kcal/(mol*A)
xmin   410     -158.2949 kcal/mol        0.0147 kcal/(mol*A)
xmin   420     -158.2949 kcal/mol        0.0144 kcal/(mol*A)
xmin   430     -158.2949 kcal/mol        0.0141 kcal/(mol*A)
xmin   440     -158.2949 kcal/mol        0.0138 kcal/(mol*A)
xmin   450     -158.2952 kcal/mol        0.0477 kcal/(mol*A)
xmin   460     -158.2953 kcal/mol        0.0159 kcal/(mol*A)
xmin   470     -158.2953 kcal/mol        0.0154 kcal/(mol*A)
xmin   480     -158.2955 kcal/mol        0.0148 kcal/(mol*A)
xmin   490     -158.2956 kcal/mol        0.0156 kcal/(mol*A)
xmin   500     -158.2956 kcal/mol        0.0130 kcal/(mol*A)
xmin   510     -158.2957 kcal/mol        0.0126 kcal/(mol*A)
xmin   520     -158.2957 kcal/mol        0.0122 kcal/(mol*A)
xmin   530     -158.2957 kcal/mol        0.0119 kcal/(mol*A)
xmin   540     -158.2957 kcal/mol        0.0115 kcal/(mol*A)
xmin   550     -158.2957 kcal/mol        0.0112 kcal/(mol*A)
xmin   560     -158.2957 kcal/mol        0.0109 kcal/(mol*A)
xmin   570     -158.2958 kcal/mol        0.0107 kcal/(mol*A)
xmin   580     -158.2958 kcal/mol        0.0104 kcal/(mol*A)
xmin   590     -158.2958 kcal/mol        0.0101 kcal/(mol*A)
xmin   600     -158.2958 kcal/mol        0.0099 kcal/(mol*A)
xmin   610     -158.2958 kcal/mol        0.0096 kcal/(mol*A)
xmin   620     -158.2958 kcal/mol        0.0094 kcal/(mol*A)
xmin   630     -158.2958 kcal/mol        0.0092 kcal/(mol*A)
xmin   640     -158.2958 kcal/mol        0.0090 kcal/(mol*A)
xmin   650     -158.2958 kcal/mol        0.0087 kcal/(mol*A)
xmin   660     -158.2958 kcal/mol        0.0085 kcal/(mol*A)
xmin   670     -158.2958 kcal/mol        0.0083 kcal/(mol*A)
xmin   680     -158.2959 kcal/mol        0.0082 kcal/(mol*A)
xmin   690     -158.2959 kcal/mol        0.0080 kcal/(mol*A)
xmin   700     -158.2959 kcal/mol        0.0078 kcal/(mol*A)
xmin   710     -158.2959 kcal/mol        0.0076 kcal/(mol*A)
xmin   720     -158.2959 kcal/mol        0.0074 kcal/(mol*A)
xmin   730     -158.2959 kcal/mol        0.0073 kcal/(mol*A)
xmin   740     -158.2959 kcal/mol        0.0071 kcal/(mol*A)
xmin   750     -158.2959 kcal/mol        0.0070 kcal/(mol*A)
xmin   760     -158.2959 kcal/mol        0.0068 kcal/(mol*A)
xmin   770     -158.2959 kcal/mol        0.0067 kcal/(mol*A)
xmin   780     -158.2961 kcal/mol        0.0482 kcal/(mol*A)
xmin   790     -158.2961 kcal/mol        0.0076 kcal/(mol*A)
xmin   800     -158.2961 kcal/mol        0.0074 kcal/(mol*A)
xmin   810     -158.2962 kcal/mol        0.0081 kcal/(mol*A)
xmin   820     -158.2963 kcal/mol        0.0074 kcal/(mol*A)
xmin   830     -158.2963 kcal/mol        0.0072 kcal/(mol*A)
xmin   840     -158.2963 kcal/mol        0.0069 kcal/(mol*A)
xmin   850     -158.2963 kcal/mol        0.0078 kcal/(mol*A)
xmin   860     -158.2964 kcal/mol        0.0076 kcal/(mol*A)
xmin   870     -158.2964 kcal/mol        0.0071 kcal/(mol*A)
xmin   880     -158.2964 kcal/mol        0.0067 kcal/(mol*A)
xmin   890     -158.2964 kcal/mol        0.0064 kcal/(mol*A)
xmin   900     -158.2964 kcal/mol        0.0061 kcal/(mol*A)
xmin   910     -158.2964 kcal/mol        0.0059 kcal/(mol*A)
xmin   920     -158.2964 kcal/mol        0.0056 kcal/(mol*A)
xmin   930     -158.2964 kcal/mol        0.0054 kcal/(mol*A)
xmin   940     -158.2964 kcal/mol        0.0053 kcal/(mol*A)
xmin   950     -158.2964 kcal/mol        0.0051 kcal/(mol*A)
xmin   960     -158.2964 kcal/mol        0.0073 kcal/(mol*A)
xmin   970     -158.2964 kcal/mol        0.0058 kcal/(mol*A)
xmin   980     -158.2964 kcal/mol        0.0055 kcal/(mol*A)
xmin   990     -158.2964 kcal/mol        0.0038 kcal/(mol*A)
xmin  1000     -158.2964 kcal/mol        0.0043 kcal/(mol*A)
xmin  1010     -158.2964 kcal/mol        0.0032 kcal/(mol*A)
xmin  1020     -158.2964 kcal/mol        0.0032 kcal/(mol*A)
xmin  1030     -158.2965 kcal/mol        0.0015 kcal/(mol*A)
xmin  1040     -158.2965 kcal/mol        0.0012 kcal/(mol*A)
xmin  1050     -158.2965 kcal/mol        0.0012 kcal/(mol*A)
xmin  1060     -158.2965 kcal/mol        0.0012 kcal/(mol*A)
xmin  1070     -158.2965 kcal/mol        0.0012 kcal/(mol*A)
xmin  1080     -158.2965 kcal/mol        0.0011 kcal/(mol*A)
xmin  1090     -158.2965 kcal/mol        0.0011 kcal/(mol*A)
xmin  1100     -158.2965 kcal/mol        0.0011 kcal/(mol*A)
xmin  1110     -158.2965 kcal/mol        0.0011 kcal/(mol*A)
xmin  1120     -158.2965 kcal/mol        0.0011 kcal/(mol*A)
xmin  1130     -158.2965 kcal/mol        0.0011 kcal/(mol*A)
xmin  1140     -158.2965 kcal/mol        0.0011 kcal/(mol*A)
xmin  1150     -158.2965 kcal/mol        0.0030 kcal/(mol*A)
xmin  1160     -158.2965 kcal/mol        0.0011 kcal/(mol*A)
  ... geometry converged !
 
 Final MO eigenvalues (eV):
 -26.7506  -24.8491  -22.3205  -20.5126  -19.7700  -19.7650  -19.0538  -12.0138
  -8.3397   -5.4980   -4.8588   -4.1578   -3.3705   -2.5419   -2.2120   -1.8519
  -1.3325   -0.8958   -0.4728    0.9325    1.2349    1.4697    2.2115    2.2309
   2.2635    2.3659    2.3698    2.4715    2.8523   13.4938   14.2187   15.0934
  15.6836   16.2129   16.8134   17.3745   18.2490   18.9867   19.6656   19.8369
  21.0475   21.1084

 Heat of formation   =       -158.29645600 kcal/mol  (       -6.86424943 eV)

 Total SCF energy    =     -56699.18358618 kcal/mol  (    -2458.66109823 eV)
 Electronic energy   =    -207026.43268270 kcal/mol  (    -8977.33978070 eV)
 Core-core repulsion =     150327.24909652 kcal/mol  (     6518.67868247 eV)
 
    Atomic Charges for Step       1 :
  Atom    Element       Mulliken Charge
     1      C                  0.342
     2      O                 -0.643
     3      O                 -0.643
     4      C                  0.236
     5      C                 -0.546
     6      O                 -0.662
     7      P                  2.546
     8      O                 -1.256
     9      O                 -1.249
    10      O                 -1.256
    11      H                  0.085
    12      H                  0.046
 Total Mulliken Charge =      -3.000
 
                  X        Y        Z     TOTAL  
  QM DIPOLE    -1.334    1.139    1.990    2.653
 
 Final Structure

  QMMM: QM Region Cartesian Coordinates (*=link atom) 
  QMMM: QM_NO.   MM_NO.  ATOM         X         Y         Z
  QMMM:     1        1      C        0.3100   -0.5206    2.2997
  QMMM:     2        2      O        0.3739   -1.7343    2.6831
  QMMM:     3        3      O        0.8101    0.3962    3.0300
  QMMM:     4        4      C       -0.4514   -0.1558    1.0165
  QMMM:     5        5      C       -1.7826    0.0919    1.1672
  QMMM:     6        6      O        0.2719   -0.1247   -0.0826
  QMMM:     7        7      P        0.0160    0.2097   -1.8138
  QMMM:     8        8      O       -0.4758    1.6295   -1.8687
  QMMM:     9        9      O        1.4145    0.0084   -2.3302
  QMMM:    10       10      O       -0.9765   -0.8243   -2.2686
  QMMM:    11       11      H       -2.4488    0.3616    0.3488
  QMMM:    12       12      H       -2.2412    0.0244    2.1567

           --------- Calculation Completed ----------

