            --------------------------------------------------------
                             AMBER SQM VERSION 14
 
                                     By
              Ross C. Walker, Michael F. Crowley, Scott Brozell,
                         Tim Giese, Andreas W. Goetz,
                        Tai-Sung Lee and David A. Case
 
            --------------------------------------------------------
 

--------------------------------------------------------------------------------
  QM CALCULATION INFO
--------------------------------------------------------------------------------

| QMMM: Citation for AMBER QMMM Run:
| QMMM: R.C. Walker, M.F. Crowley and D.A. Case, J. COMP. CHEM. 29:1019, 2008

QMMM: SINGLET STATE CALCULATION
QMMM: RHF CALCULATION, NO. OF DOUBLY OCCUPIED LEVELS = 33

| QMMM: *** Selected Hamiltonian *** 
| QMMM: AM1         

| QMMM: *** Parameter sets in use ***
| QMMM: C : M.J.S.DEWAR et al. JACS, 107, 3902, (1985)
| QMMM: O : M.J.S.DEWAR et al. JACS, 107, 3902, (1985)
| QMMM: P : M.J.S.DEWAR et al. THEOCHEM, 187,1, (1989)
| QMMM: H : M.J.S.DEWAR et al. JACS, 107, 3902, (1985)

| QMMM: *** SCF convergence criteria ***
| QMMM: Energy change                :  0.1D-09 kcal/mol
| QMMM: Error matrix |FP-PF|         :  0.1D+00 au
| QMMM: Density matrix change        :  0.1D-09
| QMMM: Maximum number of SCF cycles :     1000

| QMMM: *** Diagonalization Routine Information ***
| QMMM: Pseudo diagonalizations are allowed.
| QMMM: Auto diagonalization routine selection is disabled.
| QMMM: Using internal diagonalization routine (diag_routine=1).

  QMMM: QM Region Cartesian Coordinates (*=link atom) 
  QMMM: QM_NO.   MM_NO.  ATOM         X         Y         Z
  QMMM:     1        1      C        1.5260    1.5560   -0.1680
  QMMM:     2        2      O        0.5460    2.5880   -0.0300
  QMMM:     3        3      C        0.8760    0.1970    0.1000
  QMMM:     4        4      O       -0.1790   -0.0180   -0.8380
  QMMM:     5        5      P       -1.5310   -0.1960    0.0160
  QMMM:     6        6      O       -1.3810   -1.4490    1.0000
  QMMM:     7        7      C        1.9090   -0.8900   -0.0440
  QMMM:     8        8      O        2.9970   -0.8910    0.7400
  QMMM:     9        9      O        1.7560   -1.7610   -0.8670
  QMMM:    10       10      O       -1.7770    1.0280    0.8090
  QMMM:    11       11      O       -2.7690   -0.4450   -0.9830
  QMMM:    12       12      H        0.4710    0.1810    1.1120
  QMMM:    13       13      H        1.9310    1.5720   -1.1790
  QMMM:    14       14      H        2.3320    1.7210    0.5480
  QMMM:    15       15      H        0.9970    3.4250   -0.2070
  QMMM:    16       16      H       -2.1780   -1.5530    1.5020

--------------------------------------------------------------------------------
  RESULTS
--------------------------------------------------------------------------------

      iter         sqm energy              rms gradient
      ----    -------------------    -----------------------
xmin    10     -393.0275 kcal/mol        1.8954 kcal/(mol*A)
xmin    20     -398.6240 kcal/mol        4.6319 kcal/(mol*A)
xmin    30     -406.8419 kcal/mol        2.5197 kcal/(mol*A)
xmin    40     -411.1712 kcal/mol        1.4598 kcal/(mol*A)
xmin    50     -411.8836 kcal/mol        0.0716 kcal/(mol*A)
xmin    60     -411.8871 kcal/mol        0.0013 kcal/(mol*A)
  ... geometry converged !
 
 Final MO eigenvalues (eV):
 -31.9034  -29.9355  -29.0569  -27.9845  -26.2132  -25.6800  -25.5657  -22.3020
 -16.9152  -12.7322  -11.7003  -10.9708  -10.5519   -9.2576   -8.5649   -7.8199
  -7.4532   -7.2777   -7.0905   -6.4965   -6.2418   -5.9722   -5.1429   -4.5981
  -4.2248   -3.8561   -3.5030   -3.2619   -3.0466   -2.9509   -2.3525   -2.0663
  -1.4997   10.0931   10.7621   10.9086   11.1698   11.2885   11.3619   11.7001
  12.0231   12.1468   13.2127   13.5372   14.5583   14.7213   15.3041   15.8019
  16.1250

 Heat of formation   =       -411.88710389 kcal/mol  (      -17.86076510 eV)

 Total SCF energy    =     -65246.64927394 kcal/mol  (    -2829.30702372 eV)
 Electronic energy   =    -273925.35392574 kcal/mol  (   -11878.29469345 eV)
 Core-core repulsion =     208678.70465180 kcal/mol  (     9048.98766974 eV)
 
    Atomic Charges for Step       1 :
  Atom    Element       Mulliken Charge
     1      C                 -0.016
     2      O                 -0.412
     3      C                 -0.014
     4      O                 -0.745
     5      P                  2.547
     6      O                 -0.851
     7      C                  0.330
     8      O                 -0.599
     9      O                 -0.604
    10      O                 -1.194
    11      O                 -1.169
    12      H                  0.071
    13      H                  0.054
    14      H                  0.083
    15      H                  0.248
    16      H                  0.271
 Total Mulliken Charge =      -2.000
 
                  X        Y        Z     TOTAL  
  QM DIPOLE     0.418    2.418   -0.426    2.490
 
 Final Structure

  QMMM: QM Region Cartesian Coordinates (*=link atom) 
  QMMM: QM_NO.   MM_NO.  ATOM         X         Y         Z
  QMMM:     1        1      C        1.5706    1.4647   -0.4721
  QMMM:     2        2      O        0.9604    2.6933   -0.1054
  QMMM:     3        3      C        0.8611    0.2455    0.1236
  QMMM:     4        4      O       -0.2469   -0.0831   -0.6737
  QMMM:     5        5      P       -1.7234    0.1076    0.0282
  QMMM:     6        6      O       -1.5842   -1.0668    1.1444
  QMMM:     7        7      C        1.8080   -0.9722    0.2646
  QMMM:     8        8      O        1.3436   -2.0057    0.8335
  QMMM:     9        9      O        3.0108   -0.8841   -0.1222
  QMMM:    10       10      O       -1.6804    1.4333    0.6990
  QMMM:    11       11      O       -2.7848   -0.2546   -0.9375
  QMMM:    12       12      H        0.5049    0.5142    1.1645
  QMMM:    13       13      H        1.5748    1.3937   -1.5917
  QMMM:    14       14      H        2.6255    1.5136   -0.0953
  QMMM:    15       15      H        0.0334    2.5021    0.1265
  QMMM:    16       16      H       -0.7474   -1.5364    1.1246

           --------- Calculation Completed ----------

