log started: Mon Jan  8 01:26:36 2018

Log file: ./leap.log
> 
> ###########################################################
> # leaprc for loading the ff99SB (Hornak & Simmerling) force field
> ###########################################################
> 
> ###########################################################
> #   load atom type hybridizations
> #
> addAtomTypes {
>     { "H"   "H" "sp3" }
>     { "HO"  "H" "sp3" }
>     { "HS"  "H" "sp3" }
>     { "H1"  "H" "sp3" }
>     { "H2"  "H" "sp3" }
>     { "H3"  "H" "sp3" }
>     { "H4"  "H" "sp3" }
>     { "H5"  "H" "sp3" }
>     { "HW"  "H" "sp3" }
>     { "HC"  "H" "sp3" }
>     { "HA"  "H" "sp3" }
>     { "HP"  "H" "sp3" }
>     { "OH"  "O" "sp3" }
>     { "OS"  "O" "sp3" }
>     { "O"   "O" "sp2" }
>     { "O2"  "O" "sp2" }
>     { "OW"  "O" "sp3" }
>     { "CT"  "C" "sp3" }
>     { "CH"  "C" "sp3" }
>     { "C2"  "C" "sp3" }
>     { "C3"  "C" "sp3" }
>     { "C"   "C" "sp2" }
>     { "C*"  "C" "sp2" }
>     { "CA"  "C" "sp2" }
>     { "CB"  "C" "sp2" }
>     { "CC"  "C" "sp2" }
>     { "CN"  "C" "sp2" }
>     { "CM"  "C" "sp2" }
>     { "CK"  "C" "sp2" }
>     { "CQ"  "C" "sp2" }
>     { "CD"  "C" "sp2" }
>     { "CE"  "C" "sp2" }
>     { "CF"  "C" "sp2" }
>     { "CG"  "C" "sp2" }
>     { "CP"  "C" "sp2" }
>     { "CI"  "C" "sp2" }
>     { "CJ"  "C" "sp2" }
>     { "CW"  "C" "sp2" }
>     { "CV"  "C" "sp2" }
>     { "CR"  "C" "sp2" }
>     { "CA"  "C" "sp2" }
>     { "CY"  "C" "sp2" }
>     { "C0"  "C" "sp2" }
>     { "MG"  "Mg" "sp3" }
>     { "N"   "N" "sp2" }
>     { "NA"  "N" "sp2" }
>     { "N2"  "N" "sp2" }
>     { "N*"  "N" "sp2" }
>     { "NP"  "N" "sp2" }
>     { "NQ"  "N" "sp2" }
>     { "NB"  "N" "sp2" }
>     { "NC"  "N" "sp2" }
>     { "NT"  "N" "sp3" }
>     { "N3"  "N" "sp3" }
>     { "S"   "S" "sp3" }
>     { "SH"  "S" "sp3" }
>     { "P"   "P" "sp3" }
>     { "LP"  ""  "sp3" }
>     { "F"   "F" "sp3" }
>     { "CL"  "Cl" "sp3" }
>     { "BR"  "Br" "sp3" }
>     { "I"   "I"  "sp3" }
>     { "FE"  "Fe" "sp3" }
>     { "EP"  ""  "sp3" }
> # glycam
>     { "OG"  "O" "sp3" }
>     { "OL"  "O" "sp3" }
>     { "AC"  "C" "sp3" }
>     { "EC"  "C" "sp3" }
> }
> ###########################################################
> 
> ###########################################################
> #   Load the main parameter set.
> #
> parm99 = loadamberparams parm99.dat
Loading parameters: /usr/local/amber14/dat/leap/parm/parm99.dat
Reading title:
PARM99 for DNA,RNA,AA, organic molecules, TIP3P wat. Polariz.& LP incl.02/04/99
(UNKNOWN ATOM TYPE: HZ)
(UNKNOWN ATOM TYPE: IM)
(UNKNOWN ATOM TYPE: Li)
(UNKNOWN ATOM TYPE: IP)
(UNKNOWN ATOM TYPE: K)
(UNKNOWN ATOM TYPE: Rb)
(UNKNOWN ATOM TYPE: Cs)
(UNKNOWN ATOM TYPE: Zn)
(UNKNOWN ATOM TYPE: IB)
(UNKNOWN ATOM TYPE: LP)
> frcmod99SB = loadamberparams frcmod.ff99SB
Loading parameters: /usr/local/amber14/dat/leap/parm/frcmod.ff99SB
Reading force field modification type file (frcmod)
Reading title:
Modification/update of parm99.dat (Hornak & Simmerling)
> 
> ###########################################################
> 
> ###########################################################
> #   Load DNA/RNA libraries
> #
> loadOff all_nucleic94.lib
Loading library: /usr/local/amber14/dat/leap/lib/all_nucleic94.lib
Loading: DA
Loading: DA3
Loading: DA5
Loading: DAN
Loading: DC
Loading: DC3
Loading: DC5
Loading: DCN
Loading: DG
Loading: DG3
Loading: DG5
Loading: DGN
Loading: DT
Loading: DT3
Loading: DT5
Loading: DTN
Loading: RA
Loading: RA3
Loading: RA5
Loading: RAN
Loading: RC
Loading: RC3
Loading: RC5
Loading: RCN
Loading: RG
Loading: RG3
Loading: RG5
Loading: RGN
Loading: RU
Loading: RU3
Loading: RU5
Loading: RUN
> ###########################################################
> 
> ###########################################################
> #   Load main chain and terminating 
> #   amino acid libraries (i.e. ff94 libs)
> #
> loadOff all_amino94.lib
Loading library: /usr/local/amber14/dat/leap/lib/all_amino94.lib
Loading: ALA
Loading: ARG
Loading: ASH
Loading: ASN
Loading: ASP
Loading: CYM
Loading: CYS
Loading: CYX
Loading: GLH
Loading: GLN
Loading: GLU
Loading: GLY
Loading: HID
Loading: HIE
Loading: HIP
Loading: ILE
Loading: LEU
Loading: LYN
Loading: LYS
Loading: MET
Loading: PHE
Loading: PRO
Loading: SER
Loading: THR
Loading: TRP
Loading: TYR
Loading: VAL
> loadOff all_aminoct94.lib
Loading library: /usr/local/amber14/dat/leap/lib/all_aminoct94.lib
Loading: CALA
Loading: CARG
Loading: CASN
Loading: CASP
Loading: CCYS
Loading: CCYX
Loading: CGLN
Loading: CGLU
Loading: CGLY
Loading: CHID
Loading: CHIE
Loading: CHIP
Loading: CILE
Loading: CLEU
Loading: CLYS
Loading: CMET
Loading: CPHE
Loading: CPRO
Loading: CSER
Loading: CTHR
Loading: CTRP
Loading: CTYR
Loading: CVAL
Loading: NHE
Loading: NME
> loadOff all_aminont94.lib
Loading library: /usr/local/amber14/dat/leap/lib/all_aminont94.lib
Loading: ACE
Loading: NALA
Loading: NARG
Loading: NASN
Loading: NASP
Loading: NCYS
Loading: NCYX
Loading: NGLN
Loading: NGLU
Loading: NGLY
Loading: NHID
Loading: NHIE
Loading: NHIP
Loading: NILE
Loading: NLEU
Loading: NLYS
Loading: NMET
Loading: NPHE
Loading: NPRO
Loading: NSER
Loading: NTHR
Loading: NTRP
Loading: NTYR
Loading: NVAL
> ###########################################################
> 
> ###########################################################
> #   Load water and ions
> # 
> loadOff ions94.lib
Loading library: /usr/local/amber14/dat/leap/lib/ions94.lib
Loading: CIO
Loading: Cl-
Loading: Cs+
Loading: IB
Loading: K+
Loading: Li+
Loading: MG2
Loading: Na+
Loading: Rb+
> loadOff solvents.lib
Loading library: /usr/local/amber14/dat/leap/lib/solvents.lib
Loading: CHCL3BOX
Loading: DC4
Loading: MEOHBOX
Loading: NMABOX
Loading: OPC
Loading: OPCBOX
Loading: PL3
Loading: POL3BOX
Loading: QSPCFWBOX
Loading: SPC
Loading: SPCBOX
Loading: SPCFWBOX
Loading: SPF
Loading: SPG
Loading: T4E
Loading: TIP3PBOX
Loading: TIP3PFBOX
Loading: TIP4PBOX
Loading: TIP4PEWBOX
Loading: TIP5PBOX
Loading: TP3
Loading: TP4
Loading: TP5
Loading: TPF
> HOH = TP3
> WAT = TP3
> ###########################################################
> 
> 
> ###########################################################
> #   Define the PDB name map for the amino acids and DNA.
> #
> addPdbResMap {
>   { 0 "ALA" "NALA" } { 1 "ALA" "CALA" }
>   { 0 "ARG" "NARG" } { 1 "ARG" "CARG" }
>   { 0 "ASN" "NASN" } { 1 "ASN" "CASN" }
>   { 0 "ASP" "NASP" } { 1 "ASP" "CASP" }
>   { 0 "CYS" "NCYS" } { 1 "CYS" "CCYS" }
>   { 0 "CYX" "NCYX" } { 1 "CYX" "CCYX" }
>   { 0 "GLN" "NGLN" } { 1 "GLN" "CGLN" }
>   { 0 "GLU" "NGLU" } { 1 "GLU" "CGLU" }
>   { 0 "GLY" "NGLY" } { 1 "GLY" "CGLY" }
>   { 0 "HID" "NHID" } { 1 "HID" "CHID" }
>   { 0 "HIE" "NHIE" } { 1 "HIE" "CHIE" }
>   { 0 "HIP" "NHIP" } { 1 "HIP" "CHIP" }
>   { 0 "ILE" "NILE" } { 1 "ILE" "CILE" }
>   { 0 "LEU" "NLEU" } { 1 "LEU" "CLEU" }
>   { 0 "LYS" "NLYS" } { 1 "LYS" "CLYS" }
>   { 0 "MET" "NMET" } { 1 "MET" "CMET" }
>   { 0 "PHE" "NPHE" } { 1 "PHE" "CPHE" }
>   { 0 "PRO" "NPRO" } { 1 "PRO" "CPRO" }
>   { 0 "SER" "NSER" } { 1 "SER" "CSER" }
>   { 0 "THR" "NTHR" } { 1 "THR" "CTHR" }
>   { 0 "TRP" "NTRP" } { 1 "TRP" "CTRP" }
>   { 0 "TYR" "NTYR" } { 1 "TYR" "CTYR" }
>   { 0 "VAL" "NVAL" } { 1 "VAL" "CVAL" }
>   { 0 "HIS" "NHIS" } { 1 "HIS" "CHIS" }
>   { 0 "GUA" "DG5"  } { 1 "GUA" "DG3"  } { "GUA" "DG" }
>   { 0 "ADE" "DA5"  } { 1 "ADE" "DA3"  } { "ADE" "DA" }
>   { 0 "CYT" "DC5"  } { 1 "CYT" "DC3"  } { "CYT" "DC" }
>   { 0 "THY" "DT5"  } { 1 "THY" "DT3"  } { "THY" "DT" }
>   { 0 "G" "DG5"  } { 1 "G" "DG3"  } { "G" "DG" } { "GN" "DGN" }
>   { 0 "A" "DA5"  } { 1 "A" "DA3"  } { "A" "DA" } { "AN" "DAN" }
>   { 0 "C" "DC5"  } { 1 "C" "DC3"  } { "C" "DC" } { "CN" "DCN" }
>   { 0 "T" "DT5"  } { 1 "T" "DT3"  } { "T" "DT" } { "TN" "DTN" }
>   { 0 "C5" "DC5" }
>   { 0 "G5" "DG5" }
>   { 0 "A5" "DA5" }
>   { 0 "T5" "DT5" }
>   { 1 "C3" "DC3" }
>   { 1 "G3" "DG3" }
>   { 1 "A3" "DA3" }
>   { 1 "T3" "DT3" }
> }
> 
> addPdbAtomMap {
>   { "O5*" "O5'" }
>   { "C5*" "C5'" }
>   { "C4*" "C4'" }
>   { "O4*" "O4'" }
>   { "C3*" "C3'" }
>   { "O3*" "O3'" }
>   { "C2*" "C2'" }
>   { "C1*" "C1'" }
>   { "C5M" "C7"  }
>   { "H1*" "H1'" }
>   { "H2*1" "H2'1" }
>   { "H2*2" "H2'2" }
>   { "H3*" "H3'" }
>   { "H4*" "H4'" }
>   { "H5*1" "H5'1" }
>   { "H5*2" "H5'2" }
> # old ff atom names -> new
>   { "O1'" "O4'" }
>   { "OA"  "O1P" }
>   { "OB"  "O2P" }
> }
> ###########################################################
> 
> ###########################################################
> # assumed that most often proteins use HIE
> #
> NHIS = NHIE
> HIS = HIE
> CHIS = CHIE
> ###########################################################
> 
> ###########################################################
> # load any required parameter files
> ############################################################
> 
> #13DPG
> loadamberparams /home/marta/GAPDH/0_Ligands_param/2_13DPG/13DPG.frcmod
Loading parameters: /home/marta/GAPDH/0_Ligands_param/2_13DPG/13DPG.frcmod
Reading force field modification type file (frcmod)
Reading title:
remark goes here
> loadOff /home/marta/GAPDH/0_Ligands_param/2_13DPG/13DPG.off
Loading library: /home/marta/GAPDH/0_Ligands_param/2_13DPG/13DPG.off
Loading: DPG
> 
> #NAD
> loadamberparams /home/marta/GAPDH/0_Ligands_param/5_NADH/NADH.frcmod
Loading parameters: /home/marta/GAPDH/0_Ligands_param/5_NADH/NADH.frcmod
Reading force field modification type file (frcmod)
Reading title:
AMBER FF94 and FF99 NADH Params
(UNKNOWN ATOM TYPE: NE)
(UNKNOWN ATOM TYPE: NF)
(UNKNOWN ATOM TYPE: OE)
(UNKNOWN ATOM TYPE: HE)
(UNKNOWN ATOM TYPE: HF)
(UNKNOWN ATOM TYPE: HG)
> loadOff /home/marta/GAPDH/0_Ligands_param/5_NADH/NADH.off
Loading library: /home/marta/GAPDH/0_Ligands_param/5_NADH/NADH.off
Loading: NAD
> 
> ###########################################################
> # load in PDB structure
> # 
> set default PBRadii bondi
Using Bondi radii
> mol = loadpdb GAPDH_WT_NAD_rem3PG-070_receptor_13DPG_docked.pdb
Loading PDB file: ./GAPDH_WT_NAD_rem3PG-070_receptor_13DPG_docked.pdb
Enter zPdbReadScan from call depth  0.
Exit  zPdbReadScan from call depth  0.
Matching PDB residue names to LEaP variables.
Mapped residue THR, term: Terminal/beginning, seq. number: 0 to: NTHR.
(Residue 1: ILE, Nonterminal, was not found in name map.)
(Residue 2: LYS, Nonterminal, was not found in name map.)
(Residue 3: VAL, Nonterminal, was not found in name map.)
(Residue 4: GLY, Nonterminal, was not found in name map.)
(Residue 5: ILE, Nonterminal, was not found in name map.)
(Residue 6: ASN, Nonterminal, was not found in name map.)
(Residue 7: GLY, Nonterminal, was not found in name map.)
(Residue 8: PHE, Nonterminal, was not found in name map.)
(Residue 9: GLY, Nonterminal, was not found in name map.)
(Residue 10: ARG, Nonterminal, was not found in name map.)
(Residue 11: ILE, Nonterminal, was not found in name map.)
(Residue 12: GLY, Nonterminal, was not found in name map.)
(Residue 13: ARG, Nonterminal, was not found in name map.)
(Residue 14: ILE, Nonterminal, was not found in name map.)
(Residue 15: VAL, Nonterminal, was not found in name map.)
(Residue 16: PHE, Nonterminal, was not found in name map.)
(Residue 17: ARG, Nonterminal, was not found in name map.)
(Residue 18: ALA, Nonterminal, was not found in name map.)
(Residue 19: ALA, Nonterminal, was not found in name map.)
(Residue 20: GLN, Nonterminal, was not found in name map.)
(Residue 21: LYS, Nonterminal, was not found in name map.)
(Residue 22: ARG, Nonterminal, was not found in name map.)
(Residue 23: SER, Nonterminal, was not found in name map.)
(Residue 24: ASP, Nonterminal, was not found in name map.)
(Residue 25: ILE, Nonterminal, was not found in name map.)
(Residue 26: GLU, Nonterminal, was not found in name map.)
(Residue 27: ILE, Nonterminal, was not found in name map.)
(Residue 28: VAL, Nonterminal, was not found in name map.)
(Residue 29: ALA, Nonterminal, was not found in name map.)
(Residue 30: ILE, Nonterminal, was not found in name map.)
(Residue 31: ASN, Nonterminal, was not found in name map.)
(Residue 32: ASP, Nonterminal, was not found in name map.)
(Residue 33: LEU, Nonterminal, was not found in name map.)
(Residue 34: LEU, Nonterminal, was not found in name map.)
(Residue 35: ASP, Nonterminal, was not found in name map.)
(Residue 36: ALA, Nonterminal, was not found in name map.)
(Residue 37: ASP, Nonterminal, was not found in name map.)
(Residue 38: TYR, Nonterminal, was not found in name map.)
(Residue 39: MET, Nonterminal, was not found in name map.)
(Residue 40: ALA, Nonterminal, was not found in name map.)
(Residue 41: TYR, Nonterminal, was not found in name map.)
(Residue 42: MET, Nonterminal, was not found in name map.)
(Residue 43: LEU, Nonterminal, was not found in name map.)
(Residue 44: LYS, Nonterminal, was not found in name map.)
(Residue 45: TYR, Nonterminal, was not found in name map.)
(Residue 46: ASP, Nonterminal, was not found in name map.)
(Residue 47: SER, Nonterminal, was not found in name map.)
(Residue 48: THR, Nonterminal, was not found in name map.)
(Residue 49: HIE, Nonterminal, was not found in name map.)
(Residue 50: GLY, Nonterminal, was not found in name map.)
(Residue 51: ARG, Nonterminal, was not found in name map.)
(Residue 52: PHE, Nonterminal, was not found in name map.)
(Residue 53: ASP, Nonterminal, was not found in name map.)
(Residue 54: GLY, Nonterminal, was not found in name map.)
(Residue 55: THR, Nonterminal, was not found in name map.)
(Residue 56: VAL, Nonterminal, was not found in name map.)
(Residue 57: GLU, Nonterminal, was not found in name map.)
(Residue 58: VAL, Nonterminal, was not found in name map.)
(Residue 59: LYS, Nonterminal, was not found in name map.)
(Residue 60: ASP, Nonterminal, was not found in name map.)
(Residue 61: GLY, Nonterminal, was not found in name map.)
(Residue 62: HIE, Nonterminal, was not found in name map.)
(Residue 63: LEU, Nonterminal, was not found in name map.)
(Residue 64: ILE, Nonterminal, was not found in name map.)
(Residue 65: VAL, Nonterminal, was not found in name map.)
(Residue 66: ASN, Nonterminal, was not found in name map.)
(Residue 67: GLY, Nonterminal, was not found in name map.)
(Residue 68: LYS, Nonterminal, was not found in name map.)
(Residue 69: LYS, Nonterminal, was not found in name map.)
(Residue 70: ILE, Nonterminal, was not found in name map.)
(Residue 71: ARG, Nonterminal, was not found in name map.)
(Residue 72: VAL, Nonterminal, was not found in name map.)
(Residue 73: THR, Nonterminal, was not found in name map.)
(Residue 74: ALA, Nonterminal, was not found in name map.)
(Residue 75: GLU, Nonterminal, was not found in name map.)
(Residue 76: ARG, Nonterminal, was not found in name map.)
(Residue 77: ASP, Nonterminal, was not found in name map.)
(Residue 78: PRO, Nonterminal, was not found in name map.)
(Residue 79: ALA, Nonterminal, was not found in name map.)
(Residue 80: ASN, Nonterminal, was not found in name map.)
(Residue 81: LEU, Nonterminal, was not found in name map.)
(Residue 82: LYS, Nonterminal, was not found in name map.)
(Residue 83: TRP, Nonterminal, was not found in name map.)
(Residue 84: ASP, Nonterminal, was not found in name map.)
(Residue 85: GLU, Nonterminal, was not found in name map.)
(Residue 86: VAL, Nonterminal, was not found in name map.)
(Residue 87: GLY, Nonterminal, was not found in name map.)
(Residue 88: VAL, Nonterminal, was not found in name map.)
(Residue 89: ASP, Nonterminal, was not found in name map.)
(Residue 90: VAL, Nonterminal, was not found in name map.)
(Residue 91: VAL, Nonterminal, was not found in name map.)
(Residue 92: ALA, Nonterminal, was not found in name map.)
(Residue 93: GLU, Nonterminal, was not found in name map.)
(Residue 94: ALA, Nonterminal, was not found in name map.)
(Residue 95: THR, Nonterminal, was not found in name map.)
(Residue 96: GLY, Nonterminal, was not found in name map.)
(Residue 97: LEU, Nonterminal, was not found in name map.)
(Residue 98: PHE, Nonterminal, was not found in name map.)
(Residue 99: LEU, Nonterminal, was not found in name map.)
(Residue 100: THR, Nonterminal, was not found in name map.)
(Residue 101: ASP, Nonterminal, was not found in name map.)
(Residue 102: GLU, Nonterminal, was not found in name map.)
(Residue 103: THR, Nonterminal, was not found in name map.)
(Residue 104: ALA, Nonterminal, was not found in name map.)
(Residue 105: ARG, Nonterminal, was not found in name map.)
(Residue 106: LYS, Nonterminal, was not found in name map.)
(Residue 107: HIE, Nonterminal, was not found in name map.)
(Residue 108: ILE, Nonterminal, was not found in name map.)
(Residue 109: THR, Nonterminal, was not found in name map.)
(Residue 110: ALA, Nonterminal, was not found in name map.)
(Residue 111: GLY, Nonterminal, was not found in name map.)
(Residue 112: ALA, Nonterminal, was not found in name map.)
(Residue 113: LYS, Nonterminal, was not found in name map.)
(Residue 114: LYS, Nonterminal, was not found in name map.)
(Residue 115: VAL, Nonterminal, was not found in name map.)
(Residue 116: VAL, Nonterminal, was not found in name map.)
(Residue 117: MET, Nonterminal, was not found in name map.)
(Residue 118: THR, Nonterminal, was not found in name map.)
(Residue 119: GLY, Nonterminal, was not found in name map.)
(Residue 120: PRO, Nonterminal, was not found in name map.)
(Residue 121: SER, Nonterminal, was not found in name map.)
(Residue 122: LYS, Nonterminal, was not found in name map.)
(Residue 123: ASP, Nonterminal, was not found in name map.)
(Residue 124: ASN, Nonterminal, was not found in name map.)
(Residue 125: THR, Nonterminal, was not found in name map.)
(Residue 126: PRO, Nonterminal, was not found in name map.)
(Residue 127: MET, Nonterminal, was not found in name map.)
(Residue 128: PHE, Nonterminal, was not found in name map.)
(Residue 129: VAL, Nonterminal, was not found in name map.)
(Residue 130: LYS, Nonterminal, was not found in name map.)
(Residue 131: GLY, Nonterminal, was not found in name map.)
(Residue 132: ALA, Nonterminal, was not found in name map.)
(Residue 133: ASN, Nonterminal, was not found in name map.)
(Residue 134: PHE, Nonterminal, was not found in name map.)
(Residue 135: ASP, Nonterminal, was not found in name map.)
(Residue 136: LYS, Nonterminal, was not found in name map.)
(Residue 137: TYR, Nonterminal, was not found in name map.)
(Residue 138: ALA, Nonterminal, was not found in name map.)
(Residue 139: GLY, Nonterminal, was not found in name map.)
(Residue 140: GLN, Nonterminal, was not found in name map.)
(Residue 141: ASP, Nonterminal, was not found in name map.)
(Residue 142: ILE, Nonterminal, was not found in name map.)
(Residue 143: VAL, Nonterminal, was not found in name map.)
(Residue 144: SER, Nonterminal, was not found in name map.)
(Residue 145: ASN, Nonterminal, was not found in name map.)
(Residue 146: ALA, Nonterminal, was not found in name map.)
(Residue 147: SER, Nonterminal, was not found in name map.)
(Residue 148: CYS, Nonterminal, was not found in name map.)
(Residue 149: THR, Nonterminal, was not found in name map.)
(Residue 150: THR, Nonterminal, was not found in name map.)
(Residue 151: ASN, Nonterminal, was not found in name map.)
(Residue 152: CYS, Nonterminal, was not found in name map.)
(Residue 153: LEU, Nonterminal, was not found in name map.)
(Residue 154: ALA, Nonterminal, was not found in name map.)
(Residue 155: PRO, Nonterminal, was not found in name map.)
(Residue 156: LEU, Nonterminal, was not found in name map.)
(Residue 157: ALA, Nonterminal, was not found in name map.)
(Residue 158: LYS, Nonterminal, was not found in name map.)
(Residue 159: VAL, Nonterminal, was not found in name map.)
(Residue 160: ILE, Nonterminal, was not found in name map.)
(Residue 161: ASN, Nonterminal, was not found in name map.)
(Residue 162: ASP, Nonterminal, was not found in name map.)
(Residue 163: ASN, Nonterminal, was not found in name map.)
(Residue 164: PHE, Nonterminal, was not found in name map.)
(Residue 165: GLY, Nonterminal, was not found in name map.)
(Residue 166: ILE, Nonterminal, was not found in name map.)
(Residue 167: ILE, Nonterminal, was not found in name map.)
(Residue 168: GLU, Nonterminal, was not found in name map.)
(Residue 169: GLY, Nonterminal, was not found in name map.)
(Residue 170: LEU, Nonterminal, was not found in name map.)
(Residue 171: MET, Nonterminal, was not found in name map.)
(Residue 172: THR, Nonterminal, was not found in name map.)
(Residue 173: THR, Nonterminal, was not found in name map.)
(Residue 174: VAL, Nonterminal, was not found in name map.)
(Residue 175: HIE, Nonterminal, was not found in name map.)
(Residue 176: ALA, Nonterminal, was not found in name map.)
(Residue 177: THR, Nonterminal, was not found in name map.)
(Residue 178: THR, Nonterminal, was not found in name map.)
(Residue 179: ALA, Nonterminal, was not found in name map.)
(Residue 180: THR, Nonterminal, was not found in name map.)
(Residue 181: GLN, Nonterminal, was not found in name map.)
(Residue 182: LYS, Nonterminal, was not found in name map.)
(Residue 183: THR, Nonterminal, was not found in name map.)
(Residue 184: VAL, Nonterminal, was not found in name map.)
(Residue 185: ASP, Nonterminal, was not found in name map.)
(Residue 186: GLY, Nonterminal, was not found in name map.)
(Residue 187: PRO, Nonterminal, was not found in name map.)
(Residue 188: SER, Nonterminal, was not found in name map.)
(Residue 189: HIE, Nonterminal, was not found in name map.)
(Residue 190: LYS, Nonterminal, was not found in name map.)
(Residue 191: ASP, Nonterminal, was not found in name map.)
(Residue 192: TRP, Nonterminal, was not found in name map.)
(Residue 193: ARG, Nonterminal, was not found in name map.)
(Residue 194: GLY, Nonterminal, was not found in name map.)
(Residue 195: GLY, Nonterminal, was not found in name map.)
(Residue 196: ARG, Nonterminal, was not found in name map.)
(Residue 197: GLY, Nonterminal, was not found in name map.)
(Residue 198: ALA, Nonterminal, was not found in name map.)
(Residue 199: SER, Nonterminal, was not found in name map.)
(Residue 200: GLN, Nonterminal, was not found in name map.)
(Residue 201: ASN, Nonterminal, was not found in name map.)
(Residue 202: ILE, Nonterminal, was not found in name map.)
(Residue 203: ILE, Nonterminal, was not found in name map.)
(Residue 204: PRO, Nonterminal, was not found in name map.)
(Residue 205: SER, Nonterminal, was not found in name map.)
(Residue 206: SER, Nonterminal, was not found in name map.)
(Residue 207: THR, Nonterminal, was not found in name map.)
(Residue 208: GLY, Nonterminal, was not found in name map.)
(Residue 209: ALA, Nonterminal, was not found in name map.)
(Residue 210: ALA, Nonterminal, was not found in name map.)
(Residue 211: LYS, Nonterminal, was not found in name map.)
(Residue 212: ALA, Nonterminal, was not found in name map.)
(Residue 213: VAL, Nonterminal, was not found in name map.)
(Residue 214: GLY, Nonterminal, was not found in name map.)
(Residue 215: LYS, Nonterminal, was not found in name map.)
(Residue 216: VAL, Nonterminal, was not found in name map.)
(Residue 217: LEU, Nonterminal, was not found in name map.)
(Residue 218: PRO, Nonterminal, was not found in name map.)
(Residue 219: GLU, Nonterminal, was not found in name map.)
(Residue 220: LEU, Nonterminal, was not found in name map.)
(Residue 221: ASN, Nonterminal, was not found in name map.)
(Residue 222: GLY, Nonterminal, was not found in name map.)
(Residue 223: LYS, Nonterminal, was not found in name map.)
(Residue 224: LEU, Nonterminal, was not found in name map.)
(Residue 225: THR, Nonterminal, was not found in name map.)
(Residue 226: GLY, Nonterminal, was not found in name map.)
(Residue 227: MET, Nonterminal, was not found in name map.)
(Residue 228: ALA, Nonterminal, was not found in name map.)
(Residue 229: PHE, Nonterminal, was not found in name map.)
(Residue 230: ARG, Nonterminal, was not found in name map.)
(Residue 231: VAL, Nonterminal, was not found in name map.)
(Residue 232: PRO, Nonterminal, was not found in name map.)
(Residue 233: THR, Nonterminal, was not found in name map.)
(Residue 234: PRO, Nonterminal, was not found in name map.)
(Residue 235: ASN, Nonterminal, was not found in name map.)
(Residue 236: VAL, Nonterminal, was not found in name map.)
(Residue 237: SER, Nonterminal, was not found in name map.)
(Residue 238: VAL, Nonterminal, was not found in name map.)
(Residue 239: VAL, Nonterminal, was not found in name map.)
(Residue 240: ASP, Nonterminal, was not found in name map.)
(Residue 241: LEU, Nonterminal, was not found in name map.)
(Residue 242: THR, Nonterminal, was not found in name map.)
(Residue 243: VAL, Nonterminal, was not found in name map.)
(Residue 244: ARG, Nonterminal, was not found in name map.)
(Residue 245: LEU, Nonterminal, was not found in name map.)
(Residue 246: GLU, Nonterminal, was not found in name map.)
(Residue 247: LYS, Nonterminal, was not found in name map.)
(Residue 248: ALA, Nonterminal, was not found in name map.)
(Residue 249: ALA, Nonterminal, was not found in name map.)
(Residue 250: THR, Nonterminal, was not found in name map.)
(Residue 251: TYR, Nonterminal, was not found in name map.)
(Residue 252: GLU, Nonterminal, was not found in name map.)
(Residue 253: GLN, Nonterminal, was not found in name map.)
(Residue 254: ILE, Nonterminal, was not found in name map.)
(Residue 255: LYS, Nonterminal, was not found in name map.)
(Residue 256: ALA, Nonterminal, was not found in name map.)
(Residue 257: ALA, Nonterminal, was not found in name map.)
(Residue 258: VAL, Nonterminal, was not found in name map.)
(Residue 259: LYS, Nonterminal, was not found in name map.)
(Residue 260: ALA, Nonterminal, was not found in name map.)
(Residue 261: ALA, Nonterminal, was not found in name map.)
(Residue 262: ALA, Nonterminal, was not found in name map.)
(Residue 263: GLU, Nonterminal, was not found in name map.)
(Residue 264: GLY, Nonterminal, was not found in name map.)
(Residue 265: GLU, Nonterminal, was not found in name map.)
(Residue 266: MET, Nonterminal, was not found in name map.)
(Residue 267: LYS, Nonterminal, was not found in name map.)
(Residue 268: GLY, Nonterminal, was not found in name map.)
(Residue 269: VAL, Nonterminal, was not found in name map.)
(Residue 270: LEU, Nonterminal, was not found in name map.)
(Residue 271: GLY, Nonterminal, was not found in name map.)
(Residue 272: TYR, Nonterminal, was not found in name map.)
(Residue 273: THR, Nonterminal, was not found in name map.)
(Residue 274: GLU, Nonterminal, was not found in name map.)
(Residue 275: ASP, Nonterminal, was not found in name map.)
(Residue 276: ASP, Nonterminal, was not found in name map.)
(Residue 277: VAL, Nonterminal, was not found in name map.)
(Residue 278: VAL, Nonterminal, was not found in name map.)
(Residue 279: SER, Nonterminal, was not found in name map.)
(Residue 280: THR, Nonterminal, was not found in name map.)
(Residue 281: ASP, Nonterminal, was not found in name map.)
(Residue 282: PHE, Nonterminal, was not found in name map.)
(Residue 283: ASN, Nonterminal, was not found in name map.)
(Residue 284: GLY, Nonterminal, was not found in name map.)
(Residue 285: GLU, Nonterminal, was not found in name map.)
(Residue 286: VAL, Nonterminal, was not found in name map.)
(Residue 287: CYS, Nonterminal, was not found in name map.)
(Residue 288: THR, Nonterminal, was not found in name map.)
(Residue 289: SER, Nonterminal, was not found in name map.)
(Residue 290: VAL, Nonterminal, was not found in name map.)
(Residue 291: PHE, Nonterminal, was not found in name map.)
(Residue 292: ASP, Nonterminal, was not found in name map.)
(Residue 293: ALA, Nonterminal, was not found in name map.)
(Residue 294: LYS, Nonterminal, was not found in name map.)
(Residue 295: ALA, Nonterminal, was not found in name map.)
(Residue 296: GLY, Nonterminal, was not found in name map.)
(Residue 297: ILE, Nonterminal, was not found in name map.)
(Residue 298: ALA, Nonterminal, was not found in name map.)
(Residue 299: LEU, Nonterminal, was not found in name map.)
(Residue 300: ASN, Nonterminal, was not found in name map.)
(Residue 301: ASP, Nonterminal, was not found in name map.)
(Residue 302: ASN, Nonterminal, was not found in name map.)
(Residue 303: PHE, Nonterminal, was not found in name map.)
(Residue 304: VAL, Nonterminal, was not found in name map.)
(Residue 305: LYS, Nonterminal, was not found in name map.)
(Residue 306: LEU, Nonterminal, was not found in name map.)
(Residue 307: VAL, Nonterminal, was not found in name map.)
(Residue 308: SER, Nonterminal, was not found in name map.)
(Residue 309: TRP, Nonterminal, was not found in name map.)
(Residue 310: TYR, Nonterminal, was not found in name map.)
(Residue 311: ASP, Nonterminal, was not found in name map.)
(Residue 312: ASN, Nonterminal, was not found in name map.)
(Residue 313: GLU, Nonterminal, was not found in name map.)
(Residue 314: THR, Nonterminal, was not found in name map.)
(Residue 315: GLY, Nonterminal, was not found in name map.)
(Residue 316: TYR, Nonterminal, was not found in name map.)
(Residue 317: SER, Nonterminal, was not found in name map.)
(Residue 318: ASN, Nonterminal, was not found in name map.)
(Residue 319: LYS, Nonterminal, was not found in name map.)
(Residue 320: VAL, Nonterminal, was not found in name map.)
(Residue 321: LEU, Nonterminal, was not found in name map.)
(Residue 322: ASP, Nonterminal, was not found in name map.)
(Residue 323: LEU, Nonterminal, was not found in name map.)
(Residue 324: ILE, Nonterminal, was not found in name map.)
(Residue 325: ALA, Nonterminal, was not found in name map.)
(Residue 326: HIE, Nonterminal, was not found in name map.)
(Residue 327: ILE, Nonterminal, was not found in name map.)
(Residue 328: SER, Nonterminal, was not found in name map.)
Mapped residue LYS, term: Terminal/last, seq. number: 329 to: CLYS.
(Residue 330: NAD, Terminal/last, was not found in name map.)
(Residue 331: DPG, Terminal/last, was not found in name map.)
Joining NTHR - ILE
Joining ILE - LYS
Joining LYS - VAL
Joining VAL - GLY
Joining GLY - ILE
Joining ILE - ASN
Joining ASN - GLY
Joining GLY - PHE
Joining PHE - GLY
Joining GLY - ARG
Joining ARG - ILE
Joining ILE - GLY
Joining GLY - ARG
Joining ARG - ILE
Joining ILE - VAL
Joining VAL - PHE
Joining PHE - ARG
Joining ARG - ALA
Joining ALA - ALA
Joining ALA - GLN
Joining GLN - LYS
Joining LYS - ARG
Joining ARG - SER
Joining SER - ASP
Joining ASP - ILE
Joining ILE - GLU
Joining GLU - ILE
Joining ILE - VAL
Joining VAL - ALA
Joining ALA - ILE
Joining ILE - ASN
Joining ASN - ASP
Joining ASP - LEU
Joining LEU - LEU
Joining LEU - ASP
Joining ASP - ALA
Joining ALA - ASP
Joining ASP - TYR
Joining TYR - MET
Joining MET - ALA
Joining ALA - TYR
Joining TYR - MET
Joining MET - LEU
Joining LEU - LYS
Joining LYS - TYR
Joining TYR - ASP
Joining ASP - SER
Joining SER - THR
Joining THR - HIE
Joining HIE - GLY
Joining GLY - ARG
Joining ARG - PHE
Joining PHE - ASP
Joining ASP - GLY
Joining GLY - THR
Joining THR - VAL
Joining VAL - GLU
Joining GLU - VAL
Joining VAL - LYS
Joining LYS - ASP
Joining ASP - GLY
Joining GLY - HIE
Joining HIE - LEU
Joining LEU - ILE
Joining ILE - VAL
Joining VAL - ASN
Joining ASN - GLY
Joining GLY - LYS
Joining LYS - LYS
Joining LYS - ILE
Joining ILE - ARG
Joining ARG - VAL
Joining VAL - THR
Joining THR - ALA
Joining ALA - GLU
Joining GLU - ARG
Joining ARG - ASP
Joining ASP - PRO
Joining PRO - ALA
Joining ALA - ASN
Joining ASN - LEU
Joining LEU - LYS
Joining LYS - TRP
Joining TRP - ASP
Joining ASP - GLU
Joining GLU - VAL
Joining VAL - GLY
Joining GLY - VAL
Joining VAL - ASP
Joining ASP - VAL
Joining VAL - VAL
Joining VAL - ALA
Joining ALA - GLU
Joining GLU - ALA
Joining ALA - THR
Joining THR - GLY
Joining GLY - LEU
Joining LEU - PHE
Joining PHE - LEU
Joining LEU - THR
Joining THR - ASP
Joining ASP - GLU
Joining GLU - THR
Joining THR - ALA
Joining ALA - ARG
Joining ARG - LYS
Joining LYS - HIE
Joining HIE - ILE
Joining ILE - THR
Joining THR - ALA
Joining ALA - GLY
Joining GLY - ALA
Joining ALA - LYS
Joining LYS - LYS
Joining LYS - VAL
Joining VAL - VAL
Joining VAL - MET
Joining MET - THR
Joining THR - GLY
Joining GLY - PRO
Joining PRO - SER
Joining SER - LYS
Joining LYS - ASP
Joining ASP - ASN
Joining ASN - THR
Joining THR - PRO
Joining PRO - MET
Joining MET - PHE
Joining PHE - VAL
Joining VAL - LYS
Joining LYS - GLY
Joining GLY - ALA
Joining ALA - ASN
Joining ASN - PHE
Joining PHE - ASP
Joining ASP - LYS
Joining LYS - TYR
Joining TYR - ALA
Joining ALA - GLY
Joining GLY - GLN
Joining GLN - ASP
Joining ASP - ILE
Joining ILE - VAL
Joining VAL - SER
Joining SER - ASN
Joining ASN - ALA
Joining ALA - SER
Joining SER - CYS
Joining CYS - THR
Joining THR - THR
Joining THR - ASN
Joining ASN - CYS
Joining CYS - LEU
Joining LEU - ALA
Joining ALA - PRO
Joining PRO - LEU
Joining LEU - ALA
Joining ALA - LYS
Joining LYS - VAL
Joining VAL - ILE
Joining ILE - ASN
Joining ASN - ASP
Joining ASP - ASN
Joining ASN - PHE
Joining PHE - GLY
Joining GLY - ILE
Joining ILE - ILE
Joining ILE - GLU
Joining GLU - GLY
Joining GLY - LEU
Joining LEU - MET
Joining MET - THR
Joining THR - THR
Joining THR - VAL
Joining VAL - HIE
Joining HIE - ALA
Joining ALA - THR
Joining THR - THR
Joining THR - ALA
Joining ALA - THR
Joining THR - GLN
Joining GLN - LYS
Joining LYS - THR
Joining THR - VAL
Joining VAL - ASP
Joining ASP - GLY
Joining GLY - PRO
Joining PRO - SER
Joining SER - HIE
Joining HIE - LYS
Joining LYS - ASP
Joining ASP - TRP
Joining TRP - ARG
Joining ARG - GLY
Joining GLY - GLY
Joining GLY - ARG
Joining ARG - GLY
Joining GLY - ALA
Joining ALA - SER
Joining SER - GLN
Joining GLN - ASN
Joining ASN - ILE
Joining ILE - ILE
Joining ILE - PRO
Joining PRO - SER
Joining SER - SER
Joining SER - THR
Joining THR - GLY
Joining GLY - ALA
Joining ALA - ALA
Joining ALA - LYS
Joining LYS - ALA
Joining ALA - VAL
Joining VAL - GLY
Joining GLY - LYS
Joining LYS - VAL
Joining VAL - LEU
Joining LEU - PRO
Joining PRO - GLU
Joining GLU - LEU
Joining LEU - ASN
Joining ASN - GLY
Joining GLY - LYS
Joining LYS - LEU
Joining LEU - THR
Joining THR - GLY
Joining GLY - MET
Joining MET - ALA
Joining ALA - PHE
Joining PHE - ARG
Joining ARG - VAL
Joining VAL - PRO
Joining PRO - THR
Joining THR - PRO
Joining PRO - ASN
Joining ASN - VAL
Joining VAL - SER
Joining SER - VAL
Joining VAL - VAL
Joining VAL - ASP
Joining ASP - LEU
Joining LEU - THR
Joining THR - VAL
Joining VAL - ARG
Joining ARG - LEU
Joining LEU - GLU
Joining GLU - LYS
Joining LYS - ALA
Joining ALA - ALA
Joining ALA - THR
Joining THR - TYR
Joining TYR - GLU
Joining GLU - GLN
Joining GLN - ILE
Joining ILE - LYS
Joining LYS - ALA
Joining ALA - ALA
Joining ALA - VAL
Joining VAL - LYS
Joining LYS - ALA
Joining ALA - ALA
Joining ALA - ALA
Joining ALA - GLU
Joining GLU - GLY
Joining GLY - GLU
Joining GLU - MET
Joining MET - LYS
Joining LYS - GLY
Joining GLY - VAL
Joining VAL - LEU
Joining LEU - GLY
Joining GLY - TYR
Joining TYR - THR
Joining THR - GLU
Joining GLU - ASP
Joining ASP - ASP
Joining ASP - VAL
Joining VAL - VAL
Joining VAL - SER
Joining SER - THR
Joining THR - ASP
Joining ASP - PHE
Joining PHE - ASN
Joining ASN - GLY
Joining GLY - GLU
Joining GLU - VAL
Joining VAL - CYS
Joining CYS - THR
Joining THR - SER
Joining SER - VAL
Joining VAL - PHE
Joining PHE - ASP
Joining ASP - ALA
Joining ALA - LYS
Joining LYS - ALA
Joining ALA - GLY
Joining GLY - ILE
Joining ILE - ALA
Joining ALA - LEU
Joining LEU - ASN
Joining ASN - ASP
Joining ASP - ASN
Joining ASN - PHE
Joining PHE - VAL
Joining VAL - LYS
Joining LYS - LEU
Joining LEU - VAL
Joining VAL - SER
Joining SER - TRP
Joining TRP - TYR
Joining TYR - ASP
Joining ASP - ASN
Joining ASN - GLU
Joining GLU - THR
Joining THR - GLY
Joining GLY - TYR
Joining TYR - SER
Joining SER - ASN
Joining ASN - LYS
Joining LYS - VAL
Joining VAL - LEU
Joining LEU - ASP
Joining ASP - LEU
Joining LEU - ILE
Joining ILE - ALA
Joining ALA - HIE
Joining HIE - ILE
Joining ILE - SER
Joining SER - CLYS
  total atoms in file: 2551
  Leap added 2533 missing atoms according to residue templates:
       2533 H / lone pairs
> ###########################################################
> 
> ###########################################################
> # any additional post-processing of PDB structure should occur here
> ############################################################
> 
> 
> ###########################################################
> # save pdb, set box, solvate, add ions
> #
> charge mol
Total unperturbed charge:  -7.000000
Total perturbed charge:    -7.000000
> addIons mol Na+ 0
7 Na+ ions required to neutralize.
Adding 7 counter ions to "mol" using 1A grid
Total solute charge:  -7.00  Max atom radius:   2.10
Grid extends from solute vdw + 3.74  to  9.84
Box:
   enclosing:   5.30  2.90 -4.41   74.07 76.94 77.73
   sized:			      133.30 130.90 123.59
   edge:        128.00
Resolution:      1.00 Angstrom.
Tree depth: 7
grid build: 0 sec
Volume =  3.54% of box, grid points 74217
 (no solvent present)
Calculating grid charges
charges: 8 sec
Placed Na+ in mol at (46.30, 20.90, 36.59).
Placed Na+ in mol at (27.30, 44.90, 42.59).
Placed Na+ in mol at (43.30, 12.90, 40.59).
Placed Na+ in mol at (46.30, 37.90, 13.59).
Placed Na+ in mol at (30.30, 17.90, 40.59).
Placed Na+ in mol at (34.30, 62.90, 31.59).
Placed Na+ in mol at (62.30, 63.90, 45.59).

Done adding ions.
> solvatebox mol TIP3PBOX 12
  Solute vdw bounding box:              52.087 57.553 65.190
  Total bounding box for atom centers:  76.087 81.553 89.190
  Solvent unit box:                     18.774 18.774 18.774
The number of boxes:  x= 5  y= 5  z= 5
Adding box at: x=0  y=0  z=0
Center of solvent box is: 37.548698, 37.548698, 37.548698
Adding box at: x=0  y=0  z=1
Center of solvent box is: 37.548698, 37.548698, 18.774349
Adding box at: x=0  y=0  z=2
Center of solvent box is: 37.548698, 37.548698, 0.000000
Adding box at: x=0  y=0  z=3
Center of solvent box is: 37.548698, 37.548698, -18.774349
Adding box at: x=0  y=0  z=4
Center of solvent box is: 37.548698, 37.548698, -37.548698
Adding box at: x=0  y=1  z=0
Center of solvent box is: 37.548698, 18.774349, 37.548698
Adding box at: x=0  y=1  z=1
Center of solvent box is: 37.548698, 18.774349, 18.774349
Adding box at: x=0  y=1  z=2
Center of solvent box is: 37.548698, 18.774349, 0.000000
Adding box at: x=0  y=1  z=3
Center of solvent box is: 37.548698, 18.774349, -18.774349
Adding box at: x=0  y=1  z=4
Center of solvent box is: 37.548698, 18.774349, -37.548698
Adding box at: x=0  y=2  z=0
Center of solvent box is: 37.548698, 0.000000, 37.548698
Adding box at: x=0  y=2  z=1
Center of solvent box is: 37.548698, 0.000000, 18.774349
Adding box at: x=0  y=2  z=2
Center of solvent box is: 37.548698, 0.000000, 0.000000
Adding box at: x=0  y=2  z=3
Center of solvent box is: 37.548698, 0.000000, -18.774349
Adding box at: x=0  y=2  z=4
Center of solvent box is: 37.548698, 0.000000, -37.548698
Adding box at: x=0  y=3  z=0
Center of solvent box is: 37.548698, -18.774349, 37.548698
Adding box at: x=0  y=3  z=1
Center of solvent box is: 37.548698, -18.774349, 18.774349
Adding box at: x=0  y=3  z=2
Center of solvent box is: 37.548698, -18.774349, 0.000000
Adding box at: x=0  y=3  z=3
Center of solvent box is: 37.548698, -18.774349, -18.774349
Adding box at: x=0  y=3  z=4
Center of solvent box is: 37.548698, -18.774349, -37.548698
Adding box at: x=0  y=4  z=0
Center of solvent box is: 37.548698, -37.548698, 37.548698
Adding box at: x=0  y=4  z=1
Center of solvent box is: 37.548698, -37.548698, 18.774349
Adding box at: x=0  y=4  z=2
Center of solvent box is: 37.548698, -37.548698, 0.000000
Adding box at: x=0  y=4  z=3
Center of solvent box is: 37.548698, -37.548698, -18.774349
Adding box at: x=0  y=4  z=4
Center of solvent box is: 37.548698, -37.548698, -37.548698
Adding box at: x=1  y=0  z=0
Center of solvent box is: 18.774349, 37.548698, 37.548698
Adding box at: x=1  y=0  z=1
Center of solvent box is: 18.774349, 37.548698, 18.774349
Adding box at: x=1  y=0  z=2
Center of solvent box is: 18.774349, 37.548698, 0.000000
Adding box at: x=1  y=0  z=3
Center of solvent box is: 18.774349, 37.548698, -18.774349
Adding box at: x=1  y=0  z=4
Center of solvent box is: 18.774349, 37.548698, -37.548698
Adding box at: x=1  y=1  z=0
Center of solvent box is: 18.774349, 18.774349, 37.548698
Adding box at: x=1  y=1  z=1
Center of solvent box is: 18.774349, 18.774349, 18.774349
Adding box at: x=1  y=1  z=2
Center of solvent box is: 18.774349, 18.774349, 0.000000
Adding box at: x=1  y=1  z=3
Center of solvent box is: 18.774349, 18.774349, -18.774349
Adding box at: x=1  y=1  z=4
Center of solvent box is: 18.774349, 18.774349, -37.548698
Adding box at: x=1  y=2  z=0
Center of solvent box is: 18.774349, 0.000000, 37.548698
Adding box at: x=1  y=2  z=1
Center of solvent box is: 18.774349, 0.000000, 18.774349
Adding box at: x=1  y=2  z=2
Center of solvent box is: 18.774349, 0.000000, 0.000000
Adding box at: x=1  y=2  z=3
Center of solvent box is: 18.774349, 0.000000, -18.774349
Adding box at: x=1  y=2  z=4
Center of solvent box is: 18.774349, 0.000000, -37.548698
Adding box at: x=1  y=3  z=0
Center of solvent box is: 18.774349, -18.774349, 37.548698
Adding box at: x=1  y=3  z=1
Center of solvent box is: 18.774349, -18.774349, 18.774349
Adding box at: x=1  y=3  z=2
Center of solvent box is: 18.774349, -18.774349, 0.000000
Adding box at: x=1  y=3  z=3
Center of solvent box is: 18.774349, -18.774349, -18.774349
Adding box at: x=1  y=3  z=4
Center of solvent box is: 18.774349, -18.774349, -37.548698
Adding box at: x=1  y=4  z=0
Center of solvent box is: 18.774349, -37.548698, 37.548698
Adding box at: x=1  y=4  z=1
Center of solvent box is: 18.774349, -37.548698, 18.774349
Adding box at: x=1  y=4  z=2
Center of solvent box is: 18.774349, -37.548698, 0.000000
Adding box at: x=1  y=4  z=3
Center of solvent box is: 18.774349, -37.548698, -18.774349
Adding box at: x=1  y=4  z=4
Center of solvent box is: 18.774349, -37.548698, -37.548698
Adding box at: x=2  y=0  z=0
Center of solvent box is: 0.000000, 37.548698, 37.548698
Adding box at: x=2  y=0  z=1
Center of solvent box is: 0.000000, 37.548698, 18.774349
Adding box at: x=2  y=0  z=2
Center of solvent box is: 0.000000, 37.548698, 0.000000
Adding box at: x=2  y=0  z=3
Center of solvent box is: 0.000000, 37.548698, -18.774349
Adding box at: x=2  y=0  z=4
Center of solvent box is: 0.000000, 37.548698, -37.548698
Adding box at: x=2  y=1  z=0
Center of solvent box is: 0.000000, 18.774349, 37.548698
Adding box at: x=2  y=1  z=1
Center of solvent box is: 0.000000, 18.774349, 18.774349
Adding box at: x=2  y=1  z=2
Center of solvent box is: 0.000000, 18.774349, 0.000000
Adding box at: x=2  y=1  z=3
Center of solvent box is: 0.000000, 18.774349, -18.774349
Adding box at: x=2  y=1  z=4
Center of solvent box is: 0.000000, 18.774349, -37.548698
Adding box at: x=2  y=2  z=0
Center of solvent box is: 0.000000, 0.000000, 37.548698
Adding box at: x=2  y=2  z=1
Center of solvent box is: 0.000000, 0.000000, 18.774349
Adding box at: x=2  y=2  z=2
Center of solvent box is: 0.000000, 0.000000, 0.000000
Adding box at: x=2  y=2  z=3
Center of solvent box is: 0.000000, 0.000000, -18.774349
Adding box at: x=2  y=2  z=4
Center of solvent box is: 0.000000, 0.000000, -37.548698
Adding box at: x=2  y=3  z=0
Center of solvent box is: 0.000000, -18.774349, 37.548698
Adding box at: x=2  y=3  z=1
Center of solvent box is: 0.000000, -18.774349, 18.774349
Adding box at: x=2  y=3  z=2
Center of solvent box is: 0.000000, -18.774349, 0.000000
Adding box at: x=2  y=3  z=3
Center of solvent box is: 0.000000, -18.774349, -18.774349
Adding box at: x=2  y=3  z=4
Center of solvent box is: 0.000000, -18.774349, -37.548698
Adding box at: x=2  y=4  z=0
Center of solvent box is: 0.000000, -37.548698, 37.548698
Adding box at: x=2  y=4  z=1
Center of solvent box is: 0.000000, -37.548698, 18.774349
Adding box at: x=2  y=4  z=2
Center of solvent box is: 0.000000, -37.548698, 0.000000
Adding box at: x=2  y=4  z=3
Center of solvent box is: 0.000000, -37.548698, -18.774349
Adding box at: x=2  y=4  z=4
Center of solvent box is: 0.000000, -37.548698, -37.548698
Adding box at: x=3  y=0  z=0
Center of solvent box is: -18.774349, 37.548698, 37.548698
Adding box at: x=3  y=0  z=1
Center of solvent box is: -18.774349, 37.548698, 18.774349
Adding box at: x=3  y=0  z=2
Center of solvent box is: -18.774349, 37.548698, 0.000000
Adding box at: x=3  y=0  z=3
Center of solvent box is: -18.774349, 37.548698, -18.774349
Adding box at: x=3  y=0  z=4
Center of solvent box is: -18.774349, 37.548698, -37.548698
Adding box at: x=3  y=1  z=0
Center of solvent box is: -18.774349, 18.774349, 37.548698
Adding box at: x=3  y=1  z=1
Center of solvent box is: -18.774349, 18.774349, 18.774349
Adding box at: x=3  y=1  z=2
Center of solvent box is: -18.774349, 18.774349, 0.000000
Adding box at: x=3  y=1  z=3
Center of solvent box is: -18.774349, 18.774349, -18.774349
Adding box at: x=3  y=1  z=4
Center of solvent box is: -18.774349, 18.774349, -37.548698
Adding box at: x=3  y=2  z=0
Center of solvent box is: -18.774349, 0.000000, 37.548698
Adding box at: x=3  y=2  z=1
Center of solvent box is: -18.774349, 0.000000, 18.774349
Adding box at: x=3  y=2  z=2
Center of solvent box is: -18.774349, 0.000000, 0.000000
Adding box at: x=3  y=2  z=3
Center of solvent box is: -18.774349, 0.000000, -18.774349
Adding box at: x=3  y=2  z=4
Center of solvent box is: -18.774349, 0.000000, -37.548698
Adding box at: x=3  y=3  z=0
Center of solvent box is: -18.774349, -18.774349, 37.548698
Adding box at: x=3  y=3  z=1
Center of solvent box is: -18.774349, -18.774349, 18.774349
Adding box at: x=3  y=3  z=2
Center of solvent box is: -18.774349, -18.774349, 0.000000
Adding box at: x=3  y=3  z=3
Center of solvent box is: -18.774349, -18.774349, -18.774349
Adding box at: x=3  y=3  z=4
Center of solvent box is: -18.774349, -18.774349, -37.548698
Adding box at: x=3  y=4  z=0
Center of solvent box is: -18.774349, -37.548698, 37.548698
Adding box at: x=3  y=4  z=1
Center of solvent box is: -18.774349, -37.548698, 18.774349
Adding box at: x=3  y=4  z=2
Center of solvent box is: -18.774349, -37.548698, 0.000000
Adding box at: x=3  y=4  z=3
Center of solvent box is: -18.774349, -37.548698, -18.774349
Adding box at: x=3  y=4  z=4
Center of solvent box is: -18.774349, -37.548698, -37.548698
Adding box at: x=4  y=0  z=0
Center of solvent box is: -37.548698, 37.548698, 37.548698
Adding box at: x=4  y=0  z=1
Center of solvent box is: -37.548698, 37.548698, 18.774349
Adding box at: x=4  y=0  z=2
Center of solvent box is: -37.548698, 37.548698, 0.000000
Adding box at: x=4  y=0  z=3
Center of solvent box is: -37.548698, 37.548698, -18.774349
Adding box at: x=4  y=0  z=4
Center of solvent box is: -37.548698, 37.548698, -37.548698
Adding box at: x=4  y=1  z=0
Center of solvent box is: -37.548698, 18.774349, 37.548698
Adding box at: x=4  y=1  z=1
Center of solvent box is: -37.548698, 18.774349, 18.774349
Adding box at: x=4  y=1  z=2
Center of solvent box is: -37.548698, 18.774349, 0.000000
Adding box at: x=4  y=1  z=3
Center of solvent box is: -37.548698, 18.774349, -18.774349
Adding box at: x=4  y=1  z=4
Center of solvent box is: -37.548698, 18.774349, -37.548698
Adding box at: x=4  y=2  z=0
Center of solvent box is: -37.548698, 0.000000, 37.548698
Adding box at: x=4  y=2  z=1
Center of solvent box is: -37.548698, 0.000000, 18.774349
Adding box at: x=4  y=2  z=2
Center of solvent box is: -37.548698, 0.000000, 0.000000
Adding box at: x=4  y=2  z=3
Center of solvent box is: -37.548698, 0.000000, -18.774349
Adding box at: x=4  y=2  z=4
Center of solvent box is: -37.548698, 0.000000, -37.548698
Adding box at: x=4  y=3  z=0
Center of solvent box is: -37.548698, -18.774349, 37.548698
Adding box at: x=4  y=3  z=1
Center of solvent box is: -37.548698, -18.774349, 18.774349
Adding box at: x=4  y=3  z=2
Center of solvent box is: -37.548698, -18.774349, 0.000000
Adding box at: x=4  y=3  z=3
Center of solvent box is: -37.548698, -18.774349, -18.774349
Adding box at: x=4  y=3  z=4
Center of solvent box is: -37.548698, -18.774349, -37.548698
Adding box at: x=4  y=4  z=0
Center of solvent box is: -37.548698, -37.548698, 37.548698
Adding box at: x=4  y=4  z=1
Center of solvent box is: -37.548698, -37.548698, 18.774349
Adding box at: x=4  y=4  z=2
Center of solvent box is: -37.548698, -37.548698, 0.000000
Adding box at: x=4  y=4  z=3
Center of solvent box is: -37.548698, -37.548698, -18.774349
Adding box at: x=4  y=4  z=4
Center of solvent box is: -37.548698, -37.548698, -37.548698
  Total vdw box size:                   79.094 84.824 92.522 angstroms.
  Volume: 620736.885 A^3 
  Total mass 308888.876 amu,  Density 0.826 g/cc
  Added 15120 residues.
> savepdb mol GAPDH_WT_NAD_rem3PG_13DPG_docked_watbox.pdb
Writing pdb file: GAPDH_WT_NAD_rem3PG_13DPG_docked_watbox.pdb
 Converting N-terminal residue name to PDB format: NTHR -> THR
 Converting C-terminal residue name to PDB format: CLYS -> LYS
> 
> saveamberparm mol GAPDH_WT_NAD_rem3PG_13DPG_docked.prmtop GAPDH_WT_NAD_rem3PG_13DPG_docked.inpcrd
Checking Unit.
Building topology.
Building atom parameters.
Building bond parameters.
Building angle parameters.
Building proper torsion parameters.
Building improper torsion parameters.
 ** Warning: No sp2 improper torsion term for  C*-CN-CB-CA
        atoms are: CG CE2 CD2 CE3
 ** Warning: No sp2 improper torsion term for  NA-CA-CN-CB
        atoms are: NE1 CZ2 CE2 CD2
 ** Warning: No sp2 improper torsion term for  C*-CN-CB-CA
        atoms are: CG CE2 CD2 CE3
 ** Warning: No sp2 improper torsion term for  NA-CA-CN-CB
        atoms are: NE1 CZ2 CE2 CD2
 ** Warning: No sp2 improper torsion term for  C*-CN-CB-CA
        atoms are: CG CE2 CD2 CE3
 ** Warning: No sp2 improper torsion term for  NA-CA-CN-CB
        atoms are: NE1 CZ2 CE2 CD2
 ** Warning: No sp2 improper torsion term for  NF-CF-CG-HF
        atoms are: N6 C20 C21 H71
 ** Warning: No sp2 improper torsion term for  CH-CG-CF-HF
        atoms are: C19 C21 C20 H70
 ** Warning: No sp2 improper torsion term for  CF-NE-CE-OE
        atoms are: C17 N7 C18 O14
 ** Warning: No sp2 improper torsion term for  CG-CE-CF-CH
        atoms are: C16 C18 C17 C19
 ** Warning: No sp2 improper torsion term for  NF-CF-CG-HF
        atoms are: N6 C17 C16 H66
 ** Warning: No sp2 improper torsion term for  N*-CB-CB-NC
        atoms are: N1 C7 C10 N5
 ** Warning: No sp2 improper torsion term for  NB-CB-CB-CA
        atoms are: N2 C10 C7 C8
 total 958 improper torsions applied
Building H-Bond parameters.
Incorporating Non-Bonded adjustments.
Not Marking per-residue atom chain types.
Marking per-residue atom chain types.
  (Residues lacking connect0/connect1 - 
   these don't have chain types marked:

	res	total affected

	CLYS	1
	NAD	1
	NTHR	1
	WAT	15120
  )
 (no restraints)
> ###########################################################
> 
> 
> quit
	Quit
