            --------------------------------------------------------
                             AMBER SQM VERSION 14
 
                                     By
              Ross C. Walker, Michael F. Crowley, Scott Brozell,
                         Tim Giese, Andreas W. Goetz,
                        Tai-Sung Lee and David A. Case
 
            --------------------------------------------------------
 

--------------------------------------------------------------------------------
  QM CALCULATION INFO
--------------------------------------------------------------------------------

| QMMM: Citation for AMBER QMMM Run:
| QMMM: R.C. Walker, M.F. Crowley and D.A. Case, J. COMP. CHEM. 29:1019, 2008

QMMM: SINGLET STATE CALCULATION
QMMM: RHF CALCULATION, NO. OF DOUBLY OCCUPIED LEVELS = 48

| QMMM: *** Selected Hamiltonian *** 
| QMMM: AM1         

| QMMM: *** Parameter sets in use ***
| QMMM: O : M.J.S.DEWAR et al. JACS, 107, 3902, (1985)
| QMMM: C : M.J.S.DEWAR et al. JACS, 107, 3902, (1985)
| QMMM: P : M.J.S.DEWAR et al. THEOCHEM, 187,1, (1989)
| QMMM: H : M.J.S.DEWAR et al. JACS, 107, 3902, (1985)

| QMMM: *** SCF convergence criteria ***
| QMMM: Energy change                :  0.1D-09 kcal/mol
| QMMM: Error matrix |FP-PF|         :  0.1D+00 au
| QMMM: Density matrix change        :  0.1D-09
| QMMM: Maximum number of SCF cycles :     1000

| QMMM: *** Diagonalization Routine Information ***
| QMMM: Pseudo diagonalizations are allowed.
| QMMM: Auto diagonalization routine selection is disabled.
| QMMM: Using internal diagonalization routine (diag_routine=1).

  QMMM: QM Region Cartesian Coordinates (*=link atom) 
  QMMM: QM_NO.   MM_NO.  ATOM         X         Y         Z
  QMMM:     1        1      O       -3.8230   -1.6980    0.2990
  QMMM:     2        2      C       -3.5030   -0.3440    0.1160
  QMMM:     3        3      C       -2.0020   -0.1220    0.0150
  QMMM:     4        4      O       -1.4500   -0.8470    1.0680
  QMMM:     5        5      C       -1.5660    1.3470    0.0570
  QMMM:     6        6      O       -1.7200    1.9450    1.3150
  QMMM:     7        7      C       -0.1320    1.1790   -0.4150
  QMMM:     8        8      O        0.5330    2.3180   -0.8540
  QMMM:     9        9      C       -0.2680    0.0800   -1.4850
  QMMM:    10       10      O       -1.5410   -0.5410   -1.2310
  QMMM:    11       11      C        0.8180   -1.0160   -1.4990
  QMMM:    12       12      O        2.0760   -0.5640   -1.1740
  QMMM:    13       13      P        2.5150   -0.3590    0.4750
  QMMM:    14       14      O        1.2890   -0.9220    1.2040
  QMMM:    15       15      O        3.7750   -1.1340    0.6420
  QMMM:    16       16      O        2.6180    1.1500    0.5760
  QMMM:    17       17      H       -3.0700   -2.0680    0.7490
  QMMM:    18       18      H       -3.9800   -0.0010   -0.7940
  QMMM:    19       19      H       -3.8760    0.2480    0.9500
  QMMM:    20       20      H       -0.4650   -0.8960    1.0670
  QMMM:    21       21      H       -2.1630    1.9290   -0.6390
  QMMM:    22       22      H       -1.1460    1.4790    1.9120
  QMMM:    23       23      H        0.4010    0.7950    0.4290
  QMMM:    24       24      H        1.4240    2.1740   -0.4990
  QMMM:    25       25      H       -0.3370    0.5660   -2.4540
  QMMM:    26       26      H        0.4910   -1.8060   -0.8380
  QMMM:    27       27      H        0.8550   -1.4320   -2.5100

--------------------------------------------------------------------------------
  RESULTS
--------------------------------------------------------------------------------

      iter         sqm energy              rms gradient
      ----    -------------------    -----------------------
xmin    10     -481.8725 kcal/mol        1.9026 kcal/(mol*A)
xmin    20     -483.0808 kcal/mol        0.0107 kcal/(mol*A)
  ... geometry converged !
 
 Final MO eigenvalues (eV):
 -35.4281  -32.7155  -31.3587  -31.0149  -29.6890  -29.0578  -24.5274  -24.1308
 -23.9784  -23.5105  -23.4307  -20.9810  -17.7952  -16.2924  -15.2684  -13.4148
 -12.4910  -12.0673  -11.6992  -10.4340  -10.2852   -9.9305   -9.5117   -9.4922
  -8.9136   -8.6878   -8.5070   -7.9956   -7.4359   -7.2244   -7.0834   -6.5100
  -5.9758   -5.7528   -5.5806   -5.5094   -4.9319   -4.7017   -4.5141   -4.1774
  -3.9306   -2.7945   -2.0752   -1.6186   -1.5363   -1.2848   -1.2486   -1.2185
   8.6693    8.9331    9.0878    9.2880    9.5734    9.6171    9.7706    9.9281
  10.2195   10.3530   10.5806   10.7852   11.0121   11.1890   11.3511   11.6098
  11.6513   11.8114   12.1601   12.2672   12.5453   12.9728   13.3227   13.9611
  15.5443   17.2316   17.5995

 Heat of formation   =       -483.08092174 kcal/mol  (      -20.94796070 eV)

 Total SCF energy    =     -90776.66224781 kcal/mol  (    -3936.37146038 eV)
 Electronic energy   =    -507819.98275680 kcal/mol  (   -22020.72688768 eV)
 Core-core repulsion =     417043.32050899 kcal/mol  (    18084.35542730 eV)
 
    Atomic Charges for Step       1 :
  Atom    Element       Mulliken Charge
     1      O                 -0.368
     2      C                  0.006
     3      C                  0.144
     4      O                 -0.398
     5      C                  0.031
     6      O                 -0.374
     7      C                 -0.043
     8      O                 -0.363
     9      C                 -0.028
    10      O                 -0.324
    11      C                  0.069
    12      O                 -0.735
    13      P                  2.535
    14      O                 -1.283
    15      O                 -1.236
    16      O                 -1.229
    17      H                  0.232
    18      H                  0.071
    19      H                  0.066
    20      H                  0.308
    21      H                  0.086
    22      H                  0.293
    23      H                  0.197
    24      H                  0.200
    25      H                  0.064
    26      H                  0.076
    27      H                  0.001
 Total Mulliken Charge =      -2.000
 
                  X        Y        Z     TOTAL  
  QM DIPOLE   -14.303    3.361   -6.035   15.883
 
 Final Structure

  QMMM: QM Region Cartesian Coordinates (*=link atom) 
  QMMM: QM_NO.   MM_NO.  ATOM         X         Y         Z
  QMMM:     1        1      O       -4.0288   -1.5874   -0.0364
  QMMM:     2        2      C       -3.5188   -0.2678    0.0076
  QMMM:     3        3      C       -1.9875   -0.2062    0.0919
  QMMM:     4        4      O       -1.5829   -1.1112    1.0788
  QMMM:     5        5      C       -1.4550    1.2391    0.2962
  QMMM:     6        6      O       -1.1461    1.5007    1.6375
  QMMM:     7        7      C       -0.2321    1.3180   -0.6386
  QMMM:     8        8      O       -0.3594    2.4691   -1.4646
  QMMM:     9        9      C       -0.2535    0.0295   -1.4824
  QMMM:    10       10      O       -1.4428   -0.7069   -1.1298
  QMMM:    11       11      C        0.9811   -0.8779   -1.2484
  QMMM:    12       12      O        2.0893   -0.1655   -0.8706
  QMMM:    13       13      P        2.5353   -0.3890    0.7949
  QMMM:    14       14      O        1.1504   -0.2056    1.4056
  QMMM:    15       15      O        3.0544   -1.7919    0.8319
  QMMM:    16       16      O        3.4822    0.7472    1.0180
  QMMM:    17       17      H       -3.3034   -2.1827    0.1989
  QMMM:    18       18      H       -3.8680    0.2421   -0.9279
  QMMM:    19       19      H       -3.9491    0.2392    0.9118
  QMMM:    20       20      H       -0.6068   -1.0210    1.2003
  QMMM:    21       21      H       -2.2371    1.9919    0.0106
  QMMM:    22       22      H       -0.3473    0.9763    1.8730
  QMMM:    23       23      H        0.7225    1.3498   -0.0224
  QMMM:    24       24      H        0.5337    2.6523   -1.7768
  QMMM:    25       25      H       -0.3720    0.2726   -2.5714
  QMMM:    26       26      H        0.7103   -1.6536   -0.4763
  QMMM:    27       27      H        1.1845   -1.4012   -2.2296

           --------- Calculation Completed ----------

