log started: Sat Jan 13 13:15:52 2018

Log file: ./leap.log
> 
> ###########################################################
> # leaprc for loading the ff99SB (Hornak & Simmerling) force field
> ###########################################################
> 
> ###########################################################
> #   load atom type hybridizations
> #
> addAtomTypes {
>     { "H"   "H" "sp3" }
>     { "HO"  "H" "sp3" }
>     { "HS"  "H" "sp3" }
>     { "H1"  "H" "sp3" }
>     { "H2"  "H" "sp3" }
>     { "H3"  "H" "sp3" }
>     { "H4"  "H" "sp3" }
>     { "H5"  "H" "sp3" }
>     { "HW"  "H" "sp3" }
>     { "HC"  "H" "sp3" }
>     { "HA"  "H" "sp3" }
>     { "HP"  "H" "sp3" }
>     { "OH"  "O" "sp3" }
>     { "OS"  "O" "sp3" }
>     { "O"   "O" "sp2" }
>     { "O2"  "O" "sp2" }
>     { "OW"  "O" "sp3" }
>     { "CT"  "C" "sp3" }
>     { "CH"  "C" "sp3" }
>     { "C2"  "C" "sp3" }
>     { "C3"  "C" "sp3" }
>     { "C"   "C" "sp2" }
>     { "C*"  "C" "sp2" }
>     { "CA"  "C" "sp2" }
>     { "CB"  "C" "sp2" }
>     { "CC"  "C" "sp2" }
>     { "CN"  "C" "sp2" }
>     { "CM"  "C" "sp2" }
>     { "CK"  "C" "sp2" }
>     { "CQ"  "C" "sp2" }
>     { "CD"  "C" "sp2" }
>     { "CE"  "C" "sp2" }
>     { "CF"  "C" "sp2" }
>     { "CG"  "C" "sp2" }
>     { "CP"  "C" "sp2" }
>     { "CI"  "C" "sp2" }
>     { "CJ"  "C" "sp2" }
>     { "CW"  "C" "sp2" }
>     { "CV"  "C" "sp2" }
>     { "CR"  "C" "sp2" }
>     { "CA"  "C" "sp2" }
>     { "CY"  "C" "sp2" }
>     { "C0"  "C" "sp2" }
>     { "MG"  "Mg" "sp3" }
>     { "N"   "N" "sp2" }
>     { "NA"  "N" "sp2" }
>     { "N2"  "N" "sp2" }
>     { "N*"  "N" "sp2" }
>     { "NP"  "N" "sp2" }
>     { "NQ"  "N" "sp2" }
>     { "NB"  "N" "sp2" }
>     { "NC"  "N" "sp2" }
>     { "NT"  "N" "sp3" }
>     { "N3"  "N" "sp3" }
>     { "S"   "S" "sp3" }
>     { "SH"  "S" "sp3" }
>     { "P"   "P" "sp3" }
>     { "LP"  ""  "sp3" }
>     { "F"   "F" "sp3" }
>     { "CL"  "Cl" "sp3" }
>     { "BR"  "Br" "sp3" }
>     { "I"   "I"  "sp3" }
>     { "FE"  "Fe" "sp3" }
>     { "EP"  ""  "sp3" }
> # glycam
>     { "OG"  "O" "sp3" }
>     { "OL"  "O" "sp3" }
>     { "AC"  "C" "sp3" }
>     { "EC"  "C" "sp3" }
> }
> ###########################################################
> 
> ###########################################################
> #   Load the main parameter set.
> #
> parm99 = loadamberparams parm99.dat
Loading parameters: /usr/local/amber14/dat/leap/parm/parm99.dat
Reading title:
PARM99 for DNA,RNA,AA, organic molecules, TIP3P wat. Polariz.& LP incl.02/04/99
(UNKNOWN ATOM TYPE: HZ)
(UNKNOWN ATOM TYPE: IM)
(UNKNOWN ATOM TYPE: Li)
(UNKNOWN ATOM TYPE: IP)
(UNKNOWN ATOM TYPE: K)
(UNKNOWN ATOM TYPE: Rb)
(UNKNOWN ATOM TYPE: Cs)
(UNKNOWN ATOM TYPE: Zn)
(UNKNOWN ATOM TYPE: IB)
(UNKNOWN ATOM TYPE: LP)
> frcmod99SB = loadamberparams frcmod.ff99SB
Loading parameters: /usr/local/amber14/dat/leap/parm/frcmod.ff99SB
Reading force field modification type file (frcmod)
Reading title:
Modification/update of parm99.dat (Hornak & Simmerling)
> 
> ###########################################################
> 
> ###########################################################
> #   Load DNA/RNA libraries
> #
> loadOff all_nucleic94.lib
Loading library: /usr/local/amber14/dat/leap/lib/all_nucleic94.lib
Loading: DA
Loading: DA3
Loading: DA5
Loading: DAN
Loading: DC
Loading: DC3
Loading: DC5
Loading: DCN
Loading: DG
Loading: DG3
Loading: DG5
Loading: DGN
Loading: DT
Loading: DT3
Loading: DT5
Loading: DTN
Loading: RA
Loading: RA3
Loading: RA5
Loading: RAN
Loading: RC
Loading: RC3
Loading: RC5
Loading: RCN
Loading: RG
Loading: RG3
Loading: RG5
Loading: RGN
Loading: RU
Loading: RU3
Loading: RU5
Loading: RUN
> ###########################################################
> 
> ###########################################################
> #   Load main chain and terminating 
> #   amino acid libraries (i.e. ff94 libs)
> #
> loadOff all_amino94.lib
Loading library: /usr/local/amber14/dat/leap/lib/all_amino94.lib
Loading: ALA
Loading: ARG
Loading: ASH
Loading: ASN
Loading: ASP
Loading: CYM
Loading: CYS
Loading: CYX
Loading: GLH
Loading: GLN
Loading: GLU
Loading: GLY
Loading: HID
Loading: HIE
Loading: HIP
Loading: ILE
Loading: LEU
Loading: LYN
Loading: LYS
Loading: MET
Loading: PHE
Loading: PRO
Loading: SER
Loading: THR
Loading: TRP
Loading: TYR
Loading: VAL
> loadOff all_aminoct94.lib
Loading library: /usr/local/amber14/dat/leap/lib/all_aminoct94.lib
Loading: CALA
Loading: CARG
Loading: CASN
Loading: CASP
Loading: CCYS
Loading: CCYX
Loading: CGLN
Loading: CGLU
Loading: CGLY
Loading: CHID
Loading: CHIE
Loading: CHIP
Loading: CILE
Loading: CLEU
Loading: CLYS
Loading: CMET
Loading: CPHE
Loading: CPRO
Loading: CSER
Loading: CTHR
Loading: CTRP
Loading: CTYR
Loading: CVAL
Loading: NHE
Loading: NME
> loadOff all_aminont94.lib
Loading library: /usr/local/amber14/dat/leap/lib/all_aminont94.lib
Loading: ACE
Loading: NALA
Loading: NARG
Loading: NASN
Loading: NASP
Loading: NCYS
Loading: NCYX
Loading: NGLN
Loading: NGLU
Loading: NGLY
Loading: NHID
Loading: NHIE
Loading: NHIP
Loading: NILE
Loading: NLEU
Loading: NLYS
Loading: NMET
Loading: NPHE
Loading: NPRO
Loading: NSER
Loading: NTHR
Loading: NTRP
Loading: NTYR
Loading: NVAL
> ###########################################################
> 
> ###########################################################
> #   Load water and ions
> # 
> loadOff ions94.lib
Loading library: /usr/local/amber14/dat/leap/lib/ions94.lib
Loading: CIO
Loading: Cl-
Loading: Cs+
Loading: IB
Loading: K+
Loading: Li+
Loading: MG2
Loading: Na+
Loading: Rb+
> loadOff solvents.lib
Loading library: /usr/local/amber14/dat/leap/lib/solvents.lib
Loading: CHCL3BOX
Loading: DC4
Loading: MEOHBOX
Loading: NMABOX
Loading: OPC
Loading: OPCBOX
Loading: PL3
Loading: POL3BOX
Loading: QSPCFWBOX
Loading: SPC
Loading: SPCBOX
Loading: SPCFWBOX
Loading: SPF
Loading: SPG
Loading: T4E
Loading: TIP3PBOX
Loading: TIP3PFBOX
Loading: TIP4PBOX
Loading: TIP4PEWBOX
Loading: TIP5PBOX
Loading: TP3
Loading: TP4
Loading: TP5
Loading: TPF
> HOH = TP3
> WAT = TP3
> ###########################################################
> 
> 
> ###########################################################
> #   Define the PDB name map for the amino acids and DNA.
> #
> addPdbResMap {
>   { 0 "ALA" "NALA" } { 1 "ALA" "CALA" }
>   { 0 "ARG" "NARG" } { 1 "ARG" "CARG" }
>   { 0 "ASN" "NASN" } { 1 "ASN" "CASN" }
>   { 0 "ASP" "NASP" } { 1 "ASP" "CASP" }
>   { 0 "CYS" "NCYS" } { 1 "CYS" "CCYS" }
>   { 0 "CYX" "NCYX" } { 1 "CYX" "CCYX" }
>   { 0 "GLN" "NGLN" } { 1 "GLN" "CGLN" }
>   { 0 "GLU" "NGLU" } { 1 "GLU" "CGLU" }
>   { 0 "GLY" "NGLY" } { 1 "GLY" "CGLY" }
>   { 0 "HID" "NHID" } { 1 "HID" "CHID" }
>   { 0 "HIE" "NHIE" } { 1 "HIE" "CHIE" }
>   { 0 "HIP" "NHIP" } { 1 "HIP" "CHIP" }
>   { 0 "ILE" "NILE" } { 1 "ILE" "CILE" }
>   { 0 "LEU" "NLEU" } { 1 "LEU" "CLEU" }
>   { 0 "LYS" "NLYS" } { 1 "LYS" "CLYS" }
>   { 0 "MET" "NMET" } { 1 "MET" "CMET" }
>   { 0 "PHE" "NPHE" } { 1 "PHE" "CPHE" }
>   { 0 "PRO" "NPRO" } { 1 "PRO" "CPRO" }
>   { 0 "SER" "NSER" } { 1 "SER" "CSER" }
>   { 0 "THR" "NTHR" } { 1 "THR" "CTHR" }
>   { 0 "TRP" "NTRP" } { 1 "TRP" "CTRP" }
>   { 0 "TYR" "NTYR" } { 1 "TYR" "CTYR" }
>   { 0 "VAL" "NVAL" } { 1 "VAL" "CVAL" }
>   { 0 "HIS" "NHIS" } { 1 "HIS" "CHIS" }
>   { 0 "GUA" "DG5"  } { 1 "GUA" "DG3"  } { "GUA" "DG" }
>   { 0 "ADE" "DA5"  } { 1 "ADE" "DA3"  } { "ADE" "DA" }
>   { 0 "CYT" "DC5"  } { 1 "CYT" "DC3"  } { "CYT" "DC" }
>   { 0 "THY" "DT5"  } { 1 "THY" "DT3"  } { "THY" "DT" }
>   { 0 "G" "DG5"  } { 1 "G" "DG3"  } { "G" "DG" } { "GN" "DGN" }
>   { 0 "A" "DA5"  } { 1 "A" "DA3"  } { "A" "DA" } { "AN" "DAN" }
>   { 0 "C" "DC5"  } { 1 "C" "DC3"  } { "C" "DC" } { "CN" "DCN" }
>   { 0 "T" "DT5"  } { 1 "T" "DT3"  } { "T" "DT" } { "TN" "DTN" }
>   { 0 "C5" "DC5" }
>   { 0 "G5" "DG5" }
>   { 0 "A5" "DA5" }
>   { 0 "T5" "DT5" }
>   { 1 "C3" "DC3" }
>   { 1 "G3" "DG3" }
>   { 1 "A3" "DA3" }
>   { 1 "T3" "DT3" }
> }
> 
> addPdbAtomMap {
>   { "O5*" "O5'" }
>   { "C5*" "C5'" }
>   { "C4*" "C4'" }
>   { "O4*" "O4'" }
>   { "C3*" "C3'" }
>   { "O3*" "O3'" }
>   { "C2*" "C2'" }
>   { "C1*" "C1'" }
>   { "C5M" "C7"  }
>   { "H1*" "H1'" }
>   { "H2*1" "H2'1" }
>   { "H2*2" "H2'2" }
>   { "H3*" "H3'" }
>   { "H4*" "H4'" }
>   { "H5*1" "H5'1" }
>   { "H5*2" "H5'2" }
> # old ff atom names -> new
>   { "O1'" "O4'" }
>   { "OA"  "O1P" }
>   { "OB"  "O2P" }
> }
> ###########################################################
> 
> ###########################################################
> # assumed that most often proteins use HIE
> #
> NHIS = NHIE
> HIS = HIE
> CHIS = CHIE
> ###########################################################
> 
> ###########################################################
> # load any required parameter files
> ############################################################
> 
> #S7P
> loadamberparams /home/marta/TalB/0_Ligands_param/3_S7P_linear_noopt/S7P.frcmod
Loading parameters: /home/marta/TalB/0_Ligands_param/3_S7P_linear_noopt/S7P.frcmod
Reading force field modification type file (frcmod)
Reading title:
remark goes here
> loadOff /home/marta/TalB/0_Ligands_param/3_S7P_linear_noopt/S7P.off
Loading library: /home/marta/TalB/0_Ligands_param/3_S7P_linear_noopt/S7P.off
Loading: S7P
> 
> ###########################################################
> # load in PDB structure
> # 
> set default PBRadii bondi
Using Bondi radii
> mol = loadpdb TALB_WT_HALO_S7P_remS7P-225_receptor_S7P_linear_docked.pdb
Loading PDB file: ./TALB_WT_HALO_S7P_remS7P-225_receptor_S7P_linear_docked.pdb
Enter zPdbReadScan from call depth  0.
Exit  zPdbReadScan from call depth  0.
Matching PDB residue names to LEaP variables.
Mapped residue THR, term: Terminal/beginning, seq. number: 0 to: NTHR.
(Residue 1: ASP, Nonterminal, was not found in name map.)
(Residue 2: LYS, Nonterminal, was not found in name map.)
(Residue 3: LEU, Nonterminal, was not found in name map.)
(Residue 4: THR, Nonterminal, was not found in name map.)
(Residue 5: SER, Nonterminal, was not found in name map.)
(Residue 6: LEU, Nonterminal, was not found in name map.)
(Residue 7: ARG, Nonterminal, was not found in name map.)
(Residue 8: GLN, Nonterminal, was not found in name map.)
(Residue 9: TYR, Nonterminal, was not found in name map.)
(Residue 10: THR, Nonterminal, was not found in name map.)
(Residue 11: THR, Nonterminal, was not found in name map.)
(Residue 12: VAL, Nonterminal, was not found in name map.)
(Residue 13: VAL, Nonterminal, was not found in name map.)
(Residue 14: ALA, Nonterminal, was not found in name map.)
(Residue 15: ASP, Nonterminal, was not found in name map.)
(Residue 16: THR, Nonterminal, was not found in name map.)
(Residue 17: GLY, Nonterminal, was not found in name map.)
(Residue 18: ASP, Nonterminal, was not found in name map.)
(Residue 19: ILE, Nonterminal, was not found in name map.)
(Residue 20: ALA, Nonterminal, was not found in name map.)
(Residue 21: ALA, Nonterminal, was not found in name map.)
(Residue 22: MET, Nonterminal, was not found in name map.)
(Residue 23: LYS, Nonterminal, was not found in name map.)
(Residue 24: LEU, Nonterminal, was not found in name map.)
(Residue 25: TYR, Nonterminal, was not found in name map.)
(Residue 26: GLN, Nonterminal, was not found in name map.)
(Residue 27: PRO, Nonterminal, was not found in name map.)
(Residue 28: GLN, Nonterminal, was not found in name map.)
(Residue 29: ASP, Nonterminal, was not found in name map.)
(Residue 30: ALA, Nonterminal, was not found in name map.)
(Residue 31: THR, Nonterminal, was not found in name map.)
(Residue 32: THR, Nonterminal, was not found in name map.)
(Residue 33: ASN, Nonterminal, was not found in name map.)
(Residue 34: PRO, Nonterminal, was not found in name map.)
(Residue 35: SER, Nonterminal, was not found in name map.)
(Residue 36: LEU, Nonterminal, was not found in name map.)
(Residue 37: ILE, Nonterminal, was not found in name map.)
(Residue 38: LEU, Nonterminal, was not found in name map.)
(Residue 39: ASN, Nonterminal, was not found in name map.)
(Residue 40: ALA, Nonterminal, was not found in name map.)
(Residue 41: ALA, Nonterminal, was not found in name map.)
(Residue 42: GLN, Nonterminal, was not found in name map.)
(Residue 43: ILE, Nonterminal, was not found in name map.)
(Residue 44: PRO, Nonterminal, was not found in name map.)
(Residue 45: GLU, Nonterminal, was not found in name map.)
(Residue 46: TYR, Nonterminal, was not found in name map.)
(Residue 47: ARG, Nonterminal, was not found in name map.)
(Residue 48: LYS, Nonterminal, was not found in name map.)
(Residue 49: LEU, Nonterminal, was not found in name map.)
(Residue 50: ILE, Nonterminal, was not found in name map.)
(Residue 51: ASP, Nonterminal, was not found in name map.)
(Residue 52: ASP, Nonterminal, was not found in name map.)
(Residue 53: ALA, Nonterminal, was not found in name map.)
(Residue 54: VAL, Nonterminal, was not found in name map.)
(Residue 55: ALA, Nonterminal, was not found in name map.)
(Residue 56: TRP, Nonterminal, was not found in name map.)
(Residue 57: ALA, Nonterminal, was not found in name map.)
(Residue 58: LYS, Nonterminal, was not found in name map.)
(Residue 59: GLN, Nonterminal, was not found in name map.)
(Residue 60: GLN, Nonterminal, was not found in name map.)
(Residue 61: SER, Nonterminal, was not found in name map.)
(Residue 62: ASN, Nonterminal, was not found in name map.)
(Residue 63: ASP, Nonterminal, was not found in name map.)
(Residue 64: ARG, Nonterminal, was not found in name map.)
(Residue 65: ALA, Nonterminal, was not found in name map.)
(Residue 66: GLN, Nonterminal, was not found in name map.)
(Residue 67: GLN, Nonterminal, was not found in name map.)
(Residue 68: ILE, Nonterminal, was not found in name map.)
(Residue 69: VAL, Nonterminal, was not found in name map.)
(Residue 70: ASP, Nonterminal, was not found in name map.)
(Residue 71: ALA, Nonterminal, was not found in name map.)
(Residue 72: THR, Nonterminal, was not found in name map.)
(Residue 73: ASP, Nonterminal, was not found in name map.)
(Residue 74: LYS, Nonterminal, was not found in name map.)
(Residue 75: LEU, Nonterminal, was not found in name map.)
(Residue 76: ALA, Nonterminal, was not found in name map.)
(Residue 77: VAL, Nonterminal, was not found in name map.)
(Residue 78: ASN, Nonterminal, was not found in name map.)
(Residue 79: ILE, Nonterminal, was not found in name map.)
(Residue 80: GLY, Nonterminal, was not found in name map.)
(Residue 81: LEU, Nonterminal, was not found in name map.)
(Residue 82: GLU, Nonterminal, was not found in name map.)
(Residue 83: ILE, Nonterminal, was not found in name map.)
(Residue 84: LEU, Nonterminal, was not found in name map.)
(Residue 85: LYS, Nonterminal, was not found in name map.)
(Residue 86: LEU, Nonterminal, was not found in name map.)
(Residue 87: VAL, Nonterminal, was not found in name map.)
(Residue 88: PRO, Nonterminal, was not found in name map.)
(Residue 89: GLY, Nonterminal, was not found in name map.)
(Residue 90: ARG, Nonterminal, was not found in name map.)
(Residue 91: ILE, Nonterminal, was not found in name map.)
(Residue 92: SER, Nonterminal, was not found in name map.)
(Residue 93: THR, Nonterminal, was not found in name map.)
(Residue 94: GLU, Nonterminal, was not found in name map.)
(Residue 95: VAL, Nonterminal, was not found in name map.)
(Residue 96: ASP, Nonterminal, was not found in name map.)
(Residue 97: ALA, Nonterminal, was not found in name map.)
(Residue 98: ARG, Nonterminal, was not found in name map.)
(Residue 99: LEU, Nonterminal, was not found in name map.)
(Residue 100: SER, Nonterminal, was not found in name map.)
(Residue 101: TYR, Nonterminal, was not found in name map.)
(Residue 102: ASP, Nonterminal, was not found in name map.)
(Residue 103: THR, Nonterminal, was not found in name map.)
(Residue 104: GLU, Nonterminal, was not found in name map.)
(Residue 105: ALA, Nonterminal, was not found in name map.)
(Residue 106: SER, Nonterminal, was not found in name map.)
(Residue 107: ILE, Nonterminal, was not found in name map.)
(Residue 108: ALA, Nonterminal, was not found in name map.)
(Residue 109: LYS, Nonterminal, was not found in name map.)
(Residue 110: ALA, Nonterminal, was not found in name map.)
(Residue 111: LYS, Nonterminal, was not found in name map.)
(Residue 112: ARG, Nonterminal, was not found in name map.)
(Residue 113: LEU, Nonterminal, was not found in name map.)
(Residue 114: ILE, Nonterminal, was not found in name map.)
(Residue 115: LYS, Nonterminal, was not found in name map.)
(Residue 116: LEU, Nonterminal, was not found in name map.)
(Residue 117: TYR, Nonterminal, was not found in name map.)
(Residue 118: ASN, Nonterminal, was not found in name map.)
(Residue 119: ASP, Nonterminal, was not found in name map.)
(Residue 120: ALA, Nonterminal, was not found in name map.)
(Residue 121: GLY, Nonterminal, was not found in name map.)
(Residue 122: ILE, Nonterminal, was not found in name map.)
(Residue 123: SER, Nonterminal, was not found in name map.)
(Residue 124: ASN, Nonterminal, was not found in name map.)
(Residue 125: ASP, Nonterminal, was not found in name map.)
(Residue 126: ARG, Nonterminal, was not found in name map.)
(Residue 127: ILE, Nonterminal, was not found in name map.)
(Residue 128: LEU, Nonterminal, was not found in name map.)
(Residue 129: ILE, Nonterminal, was not found in name map.)
(Residue 130: LYS, Nonterminal, was not found in name map.)
(Residue 131: LEU, Nonterminal, was not found in name map.)
(Residue 132: ALA, Nonterminal, was not found in name map.)
(Residue 133: SER, Nonterminal, was not found in name map.)
(Residue 134: THR, Nonterminal, was not found in name map.)
(Residue 135: TRP, Nonterminal, was not found in name map.)
(Residue 136: GLN, Nonterminal, was not found in name map.)
(Residue 137: GLY, Nonterminal, was not found in name map.)
(Residue 138: ILE, Nonterminal, was not found in name map.)
(Residue 139: ARG, Nonterminal, was not found in name map.)
(Residue 140: ALA, Nonterminal, was not found in name map.)
(Residue 141: ALA, Nonterminal, was not found in name map.)
(Residue 142: GLU, Nonterminal, was not found in name map.)
(Residue 143: GLN, Nonterminal, was not found in name map.)
(Residue 144: LEU, Nonterminal, was not found in name map.)
(Residue 145: GLU, Nonterminal, was not found in name map.)
(Residue 146: LYS, Nonterminal, was not found in name map.)
(Residue 147: GLU, Nonterminal, was not found in name map.)
(Residue 148: GLY, Nonterminal, was not found in name map.)
(Residue 149: ILE, Nonterminal, was not found in name map.)
(Residue 150: ASN, Nonterminal, was not found in name map.)
(Residue 151: CYS, Nonterminal, was not found in name map.)
(Residue 152: ASN, Nonterminal, was not found in name map.)
(Residue 153: LEU, Nonterminal, was not found in name map.)
(Residue 154: THR, Nonterminal, was not found in name map.)
(Residue 155: LEU, Nonterminal, was not found in name map.)
(Residue 156: LEU, Nonterminal, was not found in name map.)
(Residue 157: PHE, Nonterminal, was not found in name map.)
(Residue 158: SER, Nonterminal, was not found in name map.)
(Residue 159: PHE, Nonterminal, was not found in name map.)
(Residue 160: ALA, Nonterminal, was not found in name map.)
(Residue 161: GLN, Nonterminal, was not found in name map.)
(Residue 162: ALA, Nonterminal, was not found in name map.)
(Residue 163: ARG, Nonterminal, was not found in name map.)
(Residue 164: ALA, Nonterminal, was not found in name map.)
(Residue 165: CYS, Nonterminal, was not found in name map.)
(Residue 166: ALA, Nonterminal, was not found in name map.)
(Residue 167: GLU, Nonterminal, was not found in name map.)
(Residue 168: ALA, Nonterminal, was not found in name map.)
(Residue 169: GLY, Nonterminal, was not found in name map.)
(Residue 170: VAL, Nonterminal, was not found in name map.)
(Residue 171: PHE, Nonterminal, was not found in name map.)
(Residue 172: LEU, Nonterminal, was not found in name map.)
(Residue 173: ILE, Nonterminal, was not found in name map.)
(Residue 174: SER, Nonterminal, was not found in name map.)
(Residue 175: PRO, Nonterminal, was not found in name map.)
(Residue 176: PHE, Nonterminal, was not found in name map.)
(Residue 177: VAL, Nonterminal, was not found in name map.)
(Residue 178: GLY, Nonterminal, was not found in name map.)
(Residue 179: ARG, Nonterminal, was not found in name map.)
(Residue 180: ILE, Nonterminal, was not found in name map.)
(Residue 181: LEU, Nonterminal, was not found in name map.)
(Residue 182: ASP, Nonterminal, was not found in name map.)
(Residue 183: TRP, Nonterminal, was not found in name map.)
(Residue 184: TYR, Nonterminal, was not found in name map.)
(Residue 185: LYS, Nonterminal, was not found in name map.)
(Residue 186: ALA, Nonterminal, was not found in name map.)
(Residue 187: ASN, Nonterminal, was not found in name map.)
(Residue 188: THR, Nonterminal, was not found in name map.)
(Residue 189: ASP, Nonterminal, was not found in name map.)
(Residue 190: LYS, Nonterminal, was not found in name map.)
(Residue 191: LYS, Nonterminal, was not found in name map.)
(Residue 192: GLU, Nonterminal, was not found in name map.)
(Residue 193: TYR, Nonterminal, was not found in name map.)
(Residue 194: ALA, Nonterminal, was not found in name map.)
(Residue 195: PRO, Nonterminal, was not found in name map.)
(Residue 196: ALA, Nonterminal, was not found in name map.)
(Residue 197: GLU, Nonterminal, was not found in name map.)
(Residue 198: ASP, Nonterminal, was not found in name map.)
(Residue 199: PRO, Nonterminal, was not found in name map.)
(Residue 200: GLY, Nonterminal, was not found in name map.)
(Residue 201: VAL, Nonterminal, was not found in name map.)
(Residue 202: VAL, Nonterminal, was not found in name map.)
(Residue 203: SER, Nonterminal, was not found in name map.)
(Residue 204: VAL, Nonterminal, was not found in name map.)
(Residue 205: SER, Nonterminal, was not found in name map.)
(Residue 206: GLU, Nonterminal, was not found in name map.)
(Residue 207: ILE, Nonterminal, was not found in name map.)
(Residue 208: TYR, Nonterminal, was not found in name map.)
(Residue 209: GLN, Nonterminal, was not found in name map.)
(Residue 210: TYR, Nonterminal, was not found in name map.)
(Residue 211: TYR, Nonterminal, was not found in name map.)
(Residue 212: LYS, Nonterminal, was not found in name map.)
(Residue 213: GLU, Nonterminal, was not found in name map.)
(Residue 214: HIE, Nonterminal, was not found in name map.)
(Residue 215: GLY, Nonterminal, was not found in name map.)
(Residue 216: TYR, Nonterminal, was not found in name map.)
(Residue 217: GLU, Nonterminal, was not found in name map.)
(Residue 218: THR, Nonterminal, was not found in name map.)
(Residue 219: VAL, Nonterminal, was not found in name map.)
(Residue 220: VAL, Nonterminal, was not found in name map.)
(Residue 221: MET, Nonterminal, was not found in name map.)
(Residue 222: GLY, Nonterminal, was not found in name map.)
(Residue 223: ALA, Nonterminal, was not found in name map.)
(Residue 224: SER, Nonterminal, was not found in name map.)
(Residue 225: PHE, Nonterminal, was not found in name map.)
(Residue 226: ARG, Nonterminal, was not found in name map.)
(Residue 227: ASN, Nonterminal, was not found in name map.)
(Residue 228: ILE, Nonterminal, was not found in name map.)
(Residue 229: GLY, Nonterminal, was not found in name map.)
(Residue 230: GLU, Nonterminal, was not found in name map.)
(Residue 231: ILE, Nonterminal, was not found in name map.)
(Residue 232: LEU, Nonterminal, was not found in name map.)
(Residue 233: GLU, Nonterminal, was not found in name map.)
(Residue 234: LEU, Nonterminal, was not found in name map.)
(Residue 235: ALA, Nonterminal, was not found in name map.)
(Residue 236: GLY, Nonterminal, was not found in name map.)
(Residue 237: CYS, Nonterminal, was not found in name map.)
(Residue 238: ASP, Nonterminal, was not found in name map.)
(Residue 239: ARG, Nonterminal, was not found in name map.)
(Residue 240: LEU, Nonterminal, was not found in name map.)
(Residue 241: THR, Nonterminal, was not found in name map.)
(Residue 242: ILE, Nonterminal, was not found in name map.)
(Residue 243: ALA, Nonterminal, was not found in name map.)
(Residue 244: PRO, Nonterminal, was not found in name map.)
(Residue 245: ALA, Nonterminal, was not found in name map.)
(Residue 246: LEU, Nonterminal, was not found in name map.)
(Residue 247: LEU, Nonterminal, was not found in name map.)
(Residue 248: LYS, Nonterminal, was not found in name map.)
(Residue 249: GLU, Nonterminal, was not found in name map.)
(Residue 250: LEU, Nonterminal, was not found in name map.)
(Residue 251: ALA, Nonterminal, was not found in name map.)
(Residue 252: GLU, Nonterminal, was not found in name map.)
(Residue 253: SER, Nonterminal, was not found in name map.)
(Residue 254: GLU, Nonterminal, was not found in name map.)
(Residue 255: GLY, Nonterminal, was not found in name map.)
(Residue 256: ALA, Nonterminal, was not found in name map.)
(Residue 257: ILE, Nonterminal, was not found in name map.)
(Residue 258: GLU, Nonterminal, was not found in name map.)
(Residue 259: ARG, Nonterminal, was not found in name map.)
(Residue 260: LYS, Nonterminal, was not found in name map.)
(Residue 261: LEU, Nonterminal, was not found in name map.)
(Residue 262: SER, Nonterminal, was not found in name map.)
(Residue 263: TYR, Nonterminal, was not found in name map.)
(Residue 264: THR, Nonterminal, was not found in name map.)
(Residue 265: GLY, Nonterminal, was not found in name map.)
(Residue 266: GLU, Nonterminal, was not found in name map.)
(Residue 267: VAL, Nonterminal, was not found in name map.)
(Residue 268: LYS, Nonterminal, was not found in name map.)
(Residue 269: ALA, Nonterminal, was not found in name map.)
(Residue 270: ARG, Nonterminal, was not found in name map.)
(Residue 271: PRO, Nonterminal, was not found in name map.)
(Residue 272: ALA, Nonterminal, was not found in name map.)
(Residue 273: ARG, Nonterminal, was not found in name map.)
(Residue 274: ILE, Nonterminal, was not found in name map.)
(Residue 275: THR, Nonterminal, was not found in name map.)
(Residue 276: GLU, Nonterminal, was not found in name map.)
(Residue 277: SER, Nonterminal, was not found in name map.)
(Residue 278: GLU, Nonterminal, was not found in name map.)
(Residue 279: PHE, Nonterminal, was not found in name map.)
(Residue 280: LEU, Nonterminal, was not found in name map.)
(Residue 281: TRP, Nonterminal, was not found in name map.)
(Residue 282: GLN, Nonterminal, was not found in name map.)
(Residue 283: HIE, Nonterminal, was not found in name map.)
(Residue 284: ASN, Nonterminal, was not found in name map.)
(Residue 285: GLN, Nonterminal, was not found in name map.)
(Residue 286: ASP, Nonterminal, was not found in name map.)
(Residue 287: PRO, Nonterminal, was not found in name map.)
(Residue 288: MET, Nonterminal, was not found in name map.)
(Residue 289: ALA, Nonterminal, was not found in name map.)
(Residue 290: VAL, Nonterminal, was not found in name map.)
(Residue 291: ASP, Nonterminal, was not found in name map.)
(Residue 292: LYS, Nonterminal, was not found in name map.)
(Residue 293: LEU, Nonterminal, was not found in name map.)
(Residue 294: ALA, Nonterminal, was not found in name map.)
(Residue 295: GLU, Nonterminal, was not found in name map.)
(Residue 296: GLY, Nonterminal, was not found in name map.)
(Residue 297: ILE, Nonterminal, was not found in name map.)
(Residue 298: ARG, Nonterminal, was not found in name map.)
(Residue 299: LYS, Nonterminal, was not found in name map.)
(Residue 300: PHE, Nonterminal, was not found in name map.)
(Residue 301: ALA, Nonterminal, was not found in name map.)
(Residue 302: ILE, Nonterminal, was not found in name map.)
(Residue 303: ASP, Nonterminal, was not found in name map.)
(Residue 304: GLN, Nonterminal, was not found in name map.)
(Residue 305: GLU, Nonterminal, was not found in name map.)
(Residue 306: LYS, Nonterminal, was not found in name map.)
(Residue 307: LEU, Nonterminal, was not found in name map.)
(Residue 308: GLU, Nonterminal, was not found in name map.)
(Residue 309: LYS, Nonterminal, was not found in name map.)
(Residue 310: MET, Nonterminal, was not found in name map.)
(Residue 311: ILE, Nonterminal, was not found in name map.)
(Residue 312: GLY, Nonterminal, was not found in name map.)
(Residue 313: ASP, Nonterminal, was not found in name map.)
(Residue 314: LEU, Nonterminal, was not found in name map.)
Mapped residue LEU, term: Terminal/last, seq. number: 315 to: CLEU.
(Residue 316: S7P, Terminal/last, was not found in name map.)
Joining NTHR - ASP
Joining ASP - LYS
Joining LYS - LEU
Joining LEU - THR
Joining THR - SER
Joining SER - LEU
Joining LEU - ARG
Joining ARG - GLN
Joining GLN - TYR
Joining TYR - THR
Joining THR - THR
Joining THR - VAL
Joining VAL - VAL
Joining VAL - ALA
Joining ALA - ASP
Joining ASP - THR
Joining THR - GLY
Joining GLY - ASP
Joining ASP - ILE
Joining ILE - ALA
Joining ALA - ALA
Joining ALA - MET
Joining MET - LYS
Joining LYS - LEU
Joining LEU - TYR
Joining TYR - GLN
Joining GLN - PRO
Joining PRO - GLN
Joining GLN - ASP
Joining ASP - ALA
Joining ALA - THR
Joining THR - THR
Joining THR - ASN
Joining ASN - PRO
Joining PRO - SER
Joining SER - LEU
Joining LEU - ILE
Joining ILE - LEU
Joining LEU - ASN
Joining ASN - ALA
Joining ALA - ALA
Joining ALA - GLN
Joining GLN - ILE
Joining ILE - PRO
Joining PRO - GLU
Joining GLU - TYR
Joining TYR - ARG
Joining ARG - LYS
Joining LYS - LEU
Joining LEU - ILE
Joining ILE - ASP
Joining ASP - ASP
Joining ASP - ALA
Joining ALA - VAL
Joining VAL - ALA
Joining ALA - TRP
Joining TRP - ALA
Joining ALA - LYS
Joining LYS - GLN
Joining GLN - GLN
Joining GLN - SER
Joining SER - ASN
Joining ASN - ASP
Joining ASP - ARG
Joining ARG - ALA
Joining ALA - GLN
Joining GLN - GLN
Joining GLN - ILE
Joining ILE - VAL
Joining VAL - ASP
Joining ASP - ALA
Joining ALA - THR
Joining THR - ASP
Joining ASP - LYS
Joining LYS - LEU
Joining LEU - ALA
Joining ALA - VAL
Joining VAL - ASN
Joining ASN - ILE
Joining ILE - GLY
Joining GLY - LEU
Joining LEU - GLU
Joining GLU - ILE
Joining ILE - LEU
Joining LEU - LYS
Joining LYS - LEU
Joining LEU - VAL
Joining VAL - PRO
Joining PRO - GLY
Joining GLY - ARG
Joining ARG - ILE
Joining ILE - SER
Joining SER - THR
Joining THR - GLU
Joining GLU - VAL
Joining VAL - ASP
Joining ASP - ALA
Joining ALA - ARG
Joining ARG - LEU
Joining LEU - SER
Joining SER - TYR
Joining TYR - ASP
Joining ASP - THR
Joining THR - GLU
Joining GLU - ALA
Joining ALA - SER
Joining SER - ILE
Joining ILE - ALA
Joining ALA - LYS
Joining LYS - ALA
Joining ALA - LYS
Joining LYS - ARG
Joining ARG - LEU
Joining LEU - ILE
Joining ILE - LYS
Joining LYS - LEU
Joining LEU - TYR
Joining TYR - ASN
Joining ASN - ASP
Joining ASP - ALA
Joining ALA - GLY
Joining GLY - ILE
Joining ILE - SER
Joining SER - ASN
Joining ASN - ASP
Joining ASP - ARG
Joining ARG - ILE
Joining ILE - LEU
Joining LEU - ILE
Joining ILE - LYS
Joining LYS - LEU
Joining LEU - ALA
Joining ALA - SER
Joining SER - THR
Joining THR - TRP
Joining TRP - GLN
Joining GLN - GLY
Joining GLY - ILE
Joining ILE - ARG
Joining ARG - ALA
Joining ALA - ALA
Joining ALA - GLU
Joining GLU - GLN
Joining GLN - LEU
Joining LEU - GLU
Joining GLU - LYS
Joining LYS - GLU
Joining GLU - GLY
Joining GLY - ILE
Joining ILE - ASN
Joining ASN - CYS
Joining CYS - ASN
Joining ASN - LEU
Joining LEU - THR
Joining THR - LEU
Joining LEU - LEU
Joining LEU - PHE
Joining PHE - SER
Joining SER - PHE
Joining PHE - ALA
Joining ALA - GLN
Joining GLN - ALA
Joining ALA - ARG
Joining ARG - ALA
Joining ALA - CYS
Joining CYS - ALA
Joining ALA - GLU
Joining GLU - ALA
Joining ALA - GLY
Joining GLY - VAL
Joining VAL - PHE
Joining PHE - LEU
Joining LEU - ILE
Joining ILE - SER
Joining SER - PRO
Joining PRO - PHE
Joining PHE - VAL
Joining VAL - GLY
Joining GLY - ARG
Joining ARG - ILE
Joining ILE - LEU
Joining LEU - ASP
Joining ASP - TRP
Joining TRP - TYR
Joining TYR - LYS
Joining LYS - ALA
Joining ALA - ASN
Joining ASN - THR
Joining THR - ASP
Joining ASP - LYS
Joining LYS - LYS
Joining LYS - GLU
Joining GLU - TYR
Joining TYR - ALA
Joining ALA - PRO
Joining PRO - ALA
Joining ALA - GLU
Joining GLU - ASP
Joining ASP - PRO
Joining PRO - GLY
Joining GLY - VAL
Joining VAL - VAL
Joining VAL - SER
Joining SER - VAL
Joining VAL - SER
Joining SER - GLU
Joining GLU - ILE
Joining ILE - TYR
Joining TYR - GLN
Joining GLN - TYR
Joining TYR - TYR
Joining TYR - LYS
Joining LYS - GLU
Joining GLU - HIE
Joining HIE - GLY
Joining GLY - TYR
Joining TYR - GLU
Joining GLU - THR
Joining THR - VAL
Joining VAL - VAL
Joining VAL - MET
Joining MET - GLY
Joining GLY - ALA
Joining ALA - SER
Joining SER - PHE
Joining PHE - ARG
Joining ARG - ASN
Joining ASN - ILE
Joining ILE - GLY
Joining GLY - GLU
Joining GLU - ILE
Joining ILE - LEU
Joining LEU - GLU
Joining GLU - LEU
Joining LEU - ALA
Joining ALA - GLY
Joining GLY - CYS
Joining CYS - ASP
Joining ASP - ARG
Joining ARG - LEU
Joining LEU - THR
Joining THR - ILE
Joining ILE - ALA
Joining ALA - PRO
Joining PRO - ALA
Joining ALA - LEU
Joining LEU - LEU
Joining LEU - LYS
Joining LYS - GLU
Joining GLU - LEU
Joining LEU - ALA
Joining ALA - GLU
Joining GLU - SER
Joining SER - GLU
Joining GLU - GLY
Joining GLY - ALA
Joining ALA - ILE
Joining ILE - GLU
Joining GLU - ARG
Joining ARG - LYS
Joining LYS - LEU
Joining LEU - SER
Joining SER - TYR
Joining TYR - THR
Joining THR - GLY
Joining GLY - GLU
Joining GLU - VAL
Joining VAL - LYS
Joining LYS - ALA
Joining ALA - ARG
Joining ARG - PRO
Joining PRO - ALA
Joining ALA - ARG
Joining ARG - ILE
Joining ILE - THR
Joining THR - GLU
Joining GLU - SER
Joining SER - GLU
Joining GLU - PHE
Joining PHE - LEU
Joining LEU - TRP
Joining TRP - GLN
Joining GLN - HIE
Joining HIE - ASN
Joining ASN - GLN
Joining GLN - ASP
Joining ASP - PRO
Joining PRO - MET
Joining MET - ALA
Joining ALA - VAL
Joining VAL - ASP
Joining ASP - LYS
Joining LYS - LEU
Joining LEU - ALA
Joining ALA - GLU
Joining GLU - GLY
Joining GLY - ILE
Joining ILE - ARG
Joining ARG - LYS
Joining LYS - PHE
Joining PHE - ALA
Joining ALA - ILE
Joining ILE - ASP
Joining ASP - GLN
Joining GLN - GLU
Joining GLU - LYS
Joining LYS - LEU
Joining LEU - GLU
Joining GLU - LYS
Joining LYS - MET
Joining MET - ILE
Joining ILE - GLY
Joining GLY - ASP
Joining ASP - LEU
Joining LEU - CLEU
  total atoms in file: 2501
  Leap added 2500 missing atoms according to residue templates:
       2500 H / lone pairs
> ###########################################################
> 
> ###########################################################
> # any additional post-processing of PDB structure should occur here
> ############################################################
> 
> 
> ###########################################################
> # save pdb, set box, solvate, add ions
> #
> charge mol
Total unperturbed charge: -10.000000
Total perturbed charge:   -10.000000
> addIons mol Na+ 0
10 Na+ ions required to neutralize.
Adding 10 counter ions to "mol" using 1A grid
Total solute charge:  -10.00  Max atom radius:   2.10
Grid extends from solute vdw + 4.15  to  10.25
Box:
   enclosing:  -0.09 -6.55 10.48   84.48 69.96 74.04
   sized:			      127.91 121.45 138.48
   edge:        128.00
Resolution:      1.00 Angstrom.
Tree depth: 7
grid build: 0 sec
Volume =  3.59% of box, grid points 75211
 (no solvent present)
Calculating grid charges
charges: 7 sec
Placed Na+ in mol at (47.91, 19.45, 22.48).
Placed Na+ in mol at (65.91, 57.45, 43.48).
Placed Na+ in mol at (64.91, 17.45, 42.48).
Placed Na+ in mol at (62.91, 62.45, 32.48).
Placed Na+ in mol at (19.91, 41.45, 28.48).
Placed Na+ in mol at (18.91, 49.45, 55.48).
Placed Na+ in mol at (74.91, 30.45, 43.48).
Placed Na+ in mol at (27.91, 13.45, 43.48).
Placed Na+ in mol at (50.91, 18.45, 61.48).
Placed Na+ in mol at (78.91, 13.45, 33.48).

Done adding ions.
> solvatebox mol TIP3PBOX 12
  Solute vdw bounding box:              71.732 61.614 46.193
  Total bounding box for atom centers:  95.732 85.614 70.193
  Solvent unit box:                     18.774 18.774 18.774
The number of boxes:  x= 6  y= 5  z= 4
Adding box at: x=0  y=0  z=0
Center of solvent box is: 46.935873, 37.548698, 28.161524
Adding box at: x=0  y=0  z=1
Center of solvent box is: 46.935873, 37.548698, 9.387175
Adding box at: x=0  y=0  z=2
Center of solvent box is: 46.935873, 37.548698, -9.387175
Adding box at: x=0  y=0  z=3
Center of solvent box is: 46.935873, 37.548698, -28.161524
Adding box at: x=0  y=1  z=0
Center of solvent box is: 46.935873, 18.774349, 28.161524
Adding box at: x=0  y=1  z=1
Center of solvent box is: 46.935873, 18.774349, 9.387175
Adding box at: x=0  y=1  z=2
Center of solvent box is: 46.935873, 18.774349, -9.387175
Adding box at: x=0  y=1  z=3
Center of solvent box is: 46.935873, 18.774349, -28.161524
Adding box at: x=0  y=2  z=0
Center of solvent box is: 46.935873, 0.000000, 28.161524
Adding box at: x=0  y=2  z=1
Center of solvent box is: 46.935873, 0.000000, 9.387175
Adding box at: x=0  y=2  z=2
Center of solvent box is: 46.935873, 0.000000, -9.387175
Adding box at: x=0  y=2  z=3
Center of solvent box is: 46.935873, 0.000000, -28.161524
Adding box at: x=0  y=3  z=0
Center of solvent box is: 46.935873, -18.774349, 28.161524
Adding box at: x=0  y=3  z=1
Center of solvent box is: 46.935873, -18.774349, 9.387175
Adding box at: x=0  y=3  z=2
Center of solvent box is: 46.935873, -18.774349, -9.387175
Adding box at: x=0  y=3  z=3
Center of solvent box is: 46.935873, -18.774349, -28.161524
Adding box at: x=0  y=4  z=0
Center of solvent box is: 46.935873, -37.548698, 28.161524
Adding box at: x=0  y=4  z=1
Center of solvent box is: 46.935873, -37.548698, 9.387175
Adding box at: x=0  y=4  z=2
Center of solvent box is: 46.935873, -37.548698, -9.387175
Adding box at: x=0  y=4  z=3
Center of solvent box is: 46.935873, -37.548698, -28.161524
Adding box at: x=1  y=0  z=0
Center of solvent box is: 28.161524, 37.548698, 28.161524
Adding box at: x=1  y=0  z=1
Center of solvent box is: 28.161524, 37.548698, 9.387175
Adding box at: x=1  y=0  z=2
Center of solvent box is: 28.161524, 37.548698, -9.387175
Adding box at: x=1  y=0  z=3
Center of solvent box is: 28.161524, 37.548698, -28.161524
Adding box at: x=1  y=1  z=0
Center of solvent box is: 28.161524, 18.774349, 28.161524
Adding box at: x=1  y=1  z=1
Center of solvent box is: 28.161524, 18.774349, 9.387175
Adding box at: x=1  y=1  z=2
Center of solvent box is: 28.161524, 18.774349, -9.387175
Adding box at: x=1  y=1  z=3
Center of solvent box is: 28.161524, 18.774349, -28.161524
Adding box at: x=1  y=2  z=0
Center of solvent box is: 28.161524, 0.000000, 28.161524
Adding box at: x=1  y=2  z=1
Center of solvent box is: 28.161524, 0.000000, 9.387175
Adding box at: x=1  y=2  z=2
Center of solvent box is: 28.161524, 0.000000, -9.387175
Adding box at: x=1  y=2  z=3
Center of solvent box is: 28.161524, 0.000000, -28.161524
Adding box at: x=1  y=3  z=0
Center of solvent box is: 28.161524, -18.774349, 28.161524
Adding box at: x=1  y=3  z=1
Center of solvent box is: 28.161524, -18.774349, 9.387175
Adding box at: x=1  y=3  z=2
Center of solvent box is: 28.161524, -18.774349, -9.387175
Adding box at: x=1  y=3  z=3
Center of solvent box is: 28.161524, -18.774349, -28.161524
Adding box at: x=1  y=4  z=0
Center of solvent box is: 28.161524, -37.548698, 28.161524
Adding box at: x=1  y=4  z=1
Center of solvent box is: 28.161524, -37.548698, 9.387175
Adding box at: x=1  y=4  z=2
Center of solvent box is: 28.161524, -37.548698, -9.387175
Adding box at: x=1  y=4  z=3
Center of solvent box is: 28.161524, -37.548698, -28.161524
Adding box at: x=2  y=0  z=0
Center of solvent box is: 9.387175, 37.548698, 28.161524
Adding box at: x=2  y=0  z=1
Center of solvent box is: 9.387175, 37.548698, 9.387175
Adding box at: x=2  y=0  z=2
Center of solvent box is: 9.387175, 37.548698, -9.387175
Adding box at: x=2  y=0  z=3
Center of solvent box is: 9.387175, 37.548698, -28.161524
Adding box at: x=2  y=1  z=0
Center of solvent box is: 9.387175, 18.774349, 28.161524
Adding box at: x=2  y=1  z=1
Center of solvent box is: 9.387175, 18.774349, 9.387175
Adding box at: x=2  y=1  z=2
Center of solvent box is: 9.387175, 18.774349, -9.387175
Adding box at: x=2  y=1  z=3
Center of solvent box is: 9.387175, 18.774349, -28.161524
Adding box at: x=2  y=2  z=0
Center of solvent box is: 9.387175, 0.000000, 28.161524
Adding box at: x=2  y=2  z=1
Center of solvent box is: 9.387175, 0.000000, 9.387175
Adding box at: x=2  y=2  z=2
Center of solvent box is: 9.387175, 0.000000, -9.387175
Adding box at: x=2  y=2  z=3
Center of solvent box is: 9.387175, 0.000000, -28.161524
Adding box at: x=2  y=3  z=0
Center of solvent box is: 9.387175, -18.774349, 28.161524
Adding box at: x=2  y=3  z=1
Center of solvent box is: 9.387175, -18.774349, 9.387175
Adding box at: x=2  y=3  z=2
Center of solvent box is: 9.387175, -18.774349, -9.387175
Adding box at: x=2  y=3  z=3
Center of solvent box is: 9.387175, -18.774349, -28.161524
Adding box at: x=2  y=4  z=0
Center of solvent box is: 9.387175, -37.548698, 28.161524
Adding box at: x=2  y=4  z=1
Center of solvent box is: 9.387175, -37.548698, 9.387175
Adding box at: x=2  y=4  z=2
Center of solvent box is: 9.387175, -37.548698, -9.387175
Adding box at: x=2  y=4  z=3
Center of solvent box is: 9.387175, -37.548698, -28.161524
Adding box at: x=3  y=0  z=0
Center of solvent box is: -9.387175, 37.548698, 28.161524
Adding box at: x=3  y=0  z=1
Center of solvent box is: -9.387175, 37.548698, 9.387175
Adding box at: x=3  y=0  z=2
Center of solvent box is: -9.387175, 37.548698, -9.387175
Adding box at: x=3  y=0  z=3
Center of solvent box is: -9.387175, 37.548698, -28.161524
Adding box at: x=3  y=1  z=0
Center of solvent box is: -9.387175, 18.774349, 28.161524
Adding box at: x=3  y=1  z=1
Center of solvent box is: -9.387175, 18.774349, 9.387175
Adding box at: x=3  y=1  z=2
Center of solvent box is: -9.387175, 18.774349, -9.387175
Adding box at: x=3  y=1  z=3
Center of solvent box is: -9.387175, 18.774349, -28.161524
Adding box at: x=3  y=2  z=0
Center of solvent box is: -9.387175, 0.000000, 28.161524
Adding box at: x=3  y=2  z=1
Center of solvent box is: -9.387175, 0.000000, 9.387175
Adding box at: x=3  y=2  z=2
Center of solvent box is: -9.387175, 0.000000, -9.387175
Adding box at: x=3  y=2  z=3
Center of solvent box is: -9.387175, 0.000000, -28.161524
Adding box at: x=3  y=3  z=0
Center of solvent box is: -9.387175, -18.774349, 28.161524
Adding box at: x=3  y=3  z=1
Center of solvent box is: -9.387175, -18.774349, 9.387175
Adding box at: x=3  y=3  z=2
Center of solvent box is: -9.387175, -18.774349, -9.387175
Adding box at: x=3  y=3  z=3
Center of solvent box is: -9.387175, -18.774349, -28.161524
Adding box at: x=3  y=4  z=0
Center of solvent box is: -9.387175, -37.548698, 28.161524
Adding box at: x=3  y=4  z=1
Center of solvent box is: -9.387175, -37.548698, 9.387175
Adding box at: x=3  y=4  z=2
Center of solvent box is: -9.387175, -37.548698, -9.387175
Adding box at: x=3  y=4  z=3
Center of solvent box is: -9.387175, -37.548698, -28.161524
Adding box at: x=4  y=0  z=0
Center of solvent box is: -28.161524, 37.548698, 28.161524
Adding box at: x=4  y=0  z=1
Center of solvent box is: -28.161524, 37.548698, 9.387175
Adding box at: x=4  y=0  z=2
Center of solvent box is: -28.161524, 37.548698, -9.387175
Adding box at: x=4  y=0  z=3
Center of solvent box is: -28.161524, 37.548698, -28.161524
Adding box at: x=4  y=1  z=0
Center of solvent box is: -28.161524, 18.774349, 28.161524
Adding box at: x=4  y=1  z=1
Center of solvent box is: -28.161524, 18.774349, 9.387175
Adding box at: x=4  y=1  z=2
Center of solvent box is: -28.161524, 18.774349, -9.387175
Adding box at: x=4  y=1  z=3
Center of solvent box is: -28.161524, 18.774349, -28.161524
Adding box at: x=4  y=2  z=0
Center of solvent box is: -28.161524, 0.000000, 28.161524
Adding box at: x=4  y=2  z=1
Center of solvent box is: -28.161524, 0.000000, 9.387175
Adding box at: x=4  y=2  z=2
Center of solvent box is: -28.161524, 0.000000, -9.387175
Adding box at: x=4  y=2  z=3
Center of solvent box is: -28.161524, 0.000000, -28.161524
Adding box at: x=4  y=3  z=0
Center of solvent box is: -28.161524, -18.774349, 28.161524
Adding box at: x=4  y=3  z=1
Center of solvent box is: -28.161524, -18.774349, 9.387175
Adding box at: x=4  y=3  z=2
Center of solvent box is: -28.161524, -18.774349, -9.387175
Adding box at: x=4  y=3  z=3
Center of solvent box is: -28.161524, -18.774349, -28.161524
Adding box at: x=4  y=4  z=0
Center of solvent box is: -28.161524, -37.548698, 28.161524
Adding box at: x=4  y=4  z=1
Center of solvent box is: -28.161524, -37.548698, 9.387175
Adding box at: x=4  y=4  z=2
Center of solvent box is: -28.161524, -37.548698, -9.387175
Adding box at: x=4  y=4  z=3
Center of solvent box is: -28.161524, -37.548698, -28.161524
Adding box at: x=5  y=0  z=0
Center of solvent box is: -46.935873, 37.548698, 28.161524
Adding box at: x=5  y=0  z=1
Center of solvent box is: -46.935873, 37.548698, 9.387175
Adding box at: x=5  y=0  z=2
Center of solvent box is: -46.935873, 37.548698, -9.387175
Adding box at: x=5  y=0  z=3
Center of solvent box is: -46.935873, 37.548698, -28.161524
Adding box at: x=5  y=1  z=0
Center of solvent box is: -46.935873, 18.774349, 28.161524
Adding box at: x=5  y=1  z=1
Center of solvent box is: -46.935873, 18.774349, 9.387175
Adding box at: x=5  y=1  z=2
Center of solvent box is: -46.935873, 18.774349, -9.387175
Adding box at: x=5  y=1  z=3
Center of solvent box is: -46.935873, 18.774349, -28.161524
Adding box at: x=5  y=2  z=0
Center of solvent box is: -46.935873, 0.000000, 28.161524
Adding box at: x=5  y=2  z=1
Center of solvent box is: -46.935873, 0.000000, 9.387175
Adding box at: x=5  y=2  z=2
Center of solvent box is: -46.935873, 0.000000, -9.387175
Adding box at: x=5  y=2  z=3
Center of solvent box is: -46.935873, 0.000000, -28.161524
Adding box at: x=5  y=3  z=0
Center of solvent box is: -46.935873, -18.774349, 28.161524
Adding box at: x=5  y=3  z=1
Center of solvent box is: -46.935873, -18.774349, 9.387175
Adding box at: x=5  y=3  z=2
Center of solvent box is: -46.935873, -18.774349, -9.387175
Adding box at: x=5  y=3  z=3
Center of solvent box is: -46.935873, -18.774349, -28.161524
Adding box at: x=5  y=4  z=0
Center of solvent box is: -46.935873, -37.548698, 28.161524
Adding box at: x=5  y=4  z=1
Center of solvent box is: -46.935873, -37.548698, 9.387175
Adding box at: x=5  y=4  z=2
Center of solvent box is: -46.935873, -37.548698, -9.387175
Adding box at: x=5  y=4  z=3
Center of solvent box is: -46.935873, -37.548698, -28.161524
  Total vdw box size:                   98.436 88.616 73.272 angstroms.
  Volume: 639149.672 A^3 
  Total mass 317152.342 amu,  Density 0.824 g/cc
  Added 15628 residues.
> savepdb mol TALB_WT_HALO_S7P_remS7P_S7P_linear_docked_watbox.pdb
Writing pdb file: TALB_WT_HALO_S7P_remS7P_S7P_linear_docked_watbox.pdb
 Converting N-terminal residue name to PDB format: NTHR -> THR
 Converting C-terminal residue name to PDB format: CLEU -> LEU
> 
> saveamberparm mol TALB_WT_HALO_S7P_remS7P_S7P_linear_docked.prmtop TALB_WT_HALO_S7P_remS7P_S7P_linear_docked.inpcrd
Checking Unit.
Building topology.
Building atom parameters.
Building bond parameters.
Building angle parameters.
Building proper torsion parameters.
Building improper torsion parameters.
 ** Warning: No sp2 improper torsion term for  C*-CN-CB-CA
        atoms are: CG CE2 CD2 CE3
 ** Warning: No sp2 improper torsion term for  NA-CA-CN-CB
        atoms are: NE1 CZ2 CE2 CD2
 ** Warning: No sp2 improper torsion term for  C*-CN-CB-CA
        atoms are: CG CE2 CD2 CE3
 ** Warning: No sp2 improper torsion term for  NA-CA-CN-CB
        atoms are: NE1 CZ2 CE2 CD2
 ** Warning: No sp2 improper torsion term for  C*-CN-CB-CA
        atoms are: CG CE2 CD2 CE3
 ** Warning: No sp2 improper torsion term for  NA-CA-CN-CB
        atoms are: NE1 CZ2 CE2 CD2
 ** Warning: No sp2 improper torsion term for  C*-CN-CB-CA
        atoms are: CG CE2 CD2 CE3
 ** Warning: No sp2 improper torsion term for  NA-CA-CN-CB
        atoms are: NE1 CZ2 CE2 CD2
 total 944 improper torsions applied
Building H-Bond parameters.
Incorporating Non-Bonded adjustments.
Not Marking per-residue atom chain types.
Marking per-residue atom chain types.
  (Residues lacking connect0/connect1 - 
   these don't have chain types marked:

	res	total affected

	CLEU	1
	NTHR	1
	WAT	15628
  )
 (no restraints)
> ###########################################################
> 
> 
> quit
	Quit
