            --------------------------------------------------------
                             AMBER SQM VERSION 14
 
                                     By
              Ross C. Walker, Michael F. Crowley, Scott Brozell,
                         Tim Giese, Andreas W. Goetz,
                        Tai-Sung Lee and David A. Case
 
            --------------------------------------------------------
 

--------------------------------------------------------------------------------
  QM CALCULATION INFO
--------------------------------------------------------------------------------

| QMMM: Citation for AMBER QMMM Run:
| QMMM: R.C. Walker, M.F. Crowley and D.A. Case, J. COMP. CHEM. 29:1019, 2008

QMMM: SINGLET STATE CALCULATION
QMMM: RHF CALCULATION, NO. OF DOUBLY OCCUPIED LEVELS = 54

| QMMM: *** Selected Hamiltonian *** 
| QMMM: AM1         

| QMMM: *** Parameter sets in use ***
| QMMM: O : M.J.S.DEWAR et al. JACS, 107, 3902, (1985)
| QMMM: P : M.J.S.DEWAR et al. THEOCHEM, 187,1, (1989)
| QMMM: C : M.J.S.DEWAR et al. JACS, 107, 3902, (1985)
| QMMM: H : M.J.S.DEWAR et al. JACS, 107, 3902, (1985)

| QMMM: *** SCF convergence criteria ***
| QMMM: Energy change                :  0.1D-09 kcal/mol
| QMMM: Error matrix |FP-PF|         :  0.1D+00 au
| QMMM: Density matrix change        :  0.1D-09
| QMMM: Maximum number of SCF cycles :     1000

| QMMM: *** Diagonalization Routine Information ***
| QMMM: Pseudo diagonalizations are allowed.
| QMMM: Auto diagonalization routine selection is disabled.
| QMMM: Using internal diagonalization routine (diag_routine=1).

  QMMM: QM Region Cartesian Coordinates (*=link atom) 
  QMMM: QM_NO.   MM_NO.  ATOM         X         Y         Z
  QMMM:     1        1      O        3.5570   -1.5570    0.7050
  QMMM:     2        2      P        4.3360   -0.2840    0.0860
  QMMM:     3        3      O        4.5460    0.7530    1.1260
  QMMM:     4        4      O        5.4550   -0.7680   -0.7480
  QMMM:     5        5      O        3.1850    0.2810   -0.9560
  QMMM:     6        6      C        2.0620    0.9790   -0.5010
  QMMM:     7        7      C        0.8290    0.0680   -0.3930
  QMMM:     8        8      O        0.8950   -0.7780    0.6630
  QMMM:     9        9      C       -0.4600    0.9310   -0.3310
  QMMM:    10       10      O       -0.7150    1.6170   -1.5520
  QMMM:    11       11      C       -1.6770    0.0520   -0.0240
  QMMM:    12       12      O       -1.5220   -0.6520    1.1630
  QMMM:    13       13      C       -2.9690    0.8660    0.1390
  QMMM:    14       14      O       -2.9130    1.6540    1.2820
  QMMM:    15       15      C       -4.1920   -0.0410    0.1780
  QMMM:    16       16      O       -5.0550    0.0440    1.0030
  QMMM:    17       17      C       -4.3550   -1.0950   -0.9130
  QMMM:    18       18      O       -5.6620   -1.5840   -0.9310
  QMMM:    19       19      H        2.2520    1.4220    0.4700
  QMMM:    20       20      H        1.8820    1.7900   -1.2090
  QMMM:    21       21      H        0.7610   -0.4680   -1.3660
  QMMM:    22       22      H        2.6140   -1.3620    0.8120
  QMMM:    23       23      H       -0.3590    1.6780    0.4500
  QMMM:    24       24      H       -0.1120    1.2770   -2.1990
  QMMM:    25       25      H       -1.7880   -0.6190   -0.8780
  QMMM:    26       26      H       -0.5300   -0.8680    1.1630
  QMMM:    27       27      H       -3.0930    1.5220   -0.7180
  QMMM:    28       28      H       -2.4690    1.1190    1.9330
  QMMM:    29       29      H       -4.1120   -0.6760   -1.8840
  QMMM:    30       30      H       -3.6440   -1.8920   -0.7120
  QMMM:    31       31      H       -6.0500   -1.3150   -0.1040

--------------------------------------------------------------------------------
  RESULTS
--------------------------------------------------------------------------------

      iter         sqm energy              rms gradient
      ----    -------------------    -----------------------
xmin    10     -549.2303 kcal/mol        1.8943 kcal/(mol*A)
xmin    20     -551.2678 kcal/mol        0.8690 kcal/(mol*A)
xmin    30     -552.4058 kcal/mol        0.1442 kcal/(mol*A)
xmin    40     -552.4411 kcal/mol        0.0238 kcal/(mol*A)
xmin    50     -552.4420 kcal/mol        0.0007 kcal/(mol*A)
  ... geometry converged !
 
 Final MO eigenvalues (eV):
 -35.9920  -34.0656  -32.8621  -32.0044  -30.8698  -30.2619  -28.6688  -27.8029
 -26.5826  -26.0244  -25.9573  -23.5024  -21.6013  -20.2981  -17.3232  -16.4257
 -14.8027  -14.0081  -13.1247  -12.5562  -12.1947  -12.0627  -11.6888  -11.4275
 -10.9126  -10.6406  -10.3045   -9.9322   -9.5870   -9.2825   -9.0621   -8.4163
  -8.2170   -7.9320   -7.7293   -7.6757   -7.2988   -7.1107   -6.9653   -6.6980
  -6.3742   -6.1117   -5.6775   -5.4011   -5.2761   -4.8023   -4.3990   -4.3388
  -3.8028   -3.5900   -3.3740   -3.2905   -1.6145   -1.4691    5.1907    7.3375
   7.7534    8.3178    8.4758    8.5395    8.8288    9.0327    9.0948    9.7427
   9.8169   10.0194   10.1925   10.2678   10.7119   10.8452   10.8948   11.1120
  11.1716   11.3674   11.4075   11.6346   11.9595   12.2215   12.5638   12.7194
  12.9649   14.0546   14.2105   15.0687   15.5344

 Heat of formation   =       -552.44196944 kcal/mol  (      -23.95568143 eV)

 Total SCF energy    =    -101782.00635775 kcal/mol  (    -4413.59899214 eV)
 Electronic energy   =    -564860.14951889 kcal/mol  (   -24494.17412597 eV)
 Core-core repulsion =     463078.14316114 kcal/mol  (    20080.57513383 eV)
 
    Atomic Charges for Step       1 :
  Atom    Element       Mulliken Charge
     1      O                 -0.828
     2      P                  2.544
     3      O                 -1.183
     4      O                 -1.160
     5      O                 -0.779
     6      C                 -0.032
     7      C                  0.146
     8      O                 -0.744
     9      C                 -0.061
    10      O                 -0.396
    11      C                  0.039
    12      O                 -0.419
    13      C                 -0.017
    14      O                 -0.331
    15      C                  0.187
    16      O                 -0.336
    17      C                 -0.084
    18      O                 -0.347
    19      H                  0.078
    20      H                  0.037
    21      H                 -0.031
    22      H                  0.233
    23      H                  0.073
    24      H                  0.246
    25      H                  0.063
    26      H                  0.291
    27      H                  0.148
    28      H                  0.225
    29      H                  0.124
    30      H                  0.109
    31      H                  0.209
 Total Mulliken Charge =      -2.000
 
                  X        Y        Z     TOTAL  
  QM DIPOLE   -15.456   -0.652    2.709   15.706
 
 Final Structure

  QMMM: QM Region Cartesian Coordinates (*=link atom) 
  QMMM: QM_NO.   MM_NO.  ATOM         X         Y         Z
  QMMM:     1        1      O        3.5532   -1.6717   -0.6085
  QMMM:     2        2      P        3.8923   -0.2317   -1.3093
  QMMM:     3        3      O        4.8842    0.4576   -0.4539
  QMMM:     4        4      O        4.0737   -0.4373   -2.7627
  QMMM:     5        5      O        2.4123    0.4455   -1.0671
  QMMM:     6        6      C        2.0866    0.8475    0.2379
  QMMM:     7        7      C        0.8079    0.1280    0.7546
  QMMM:     8        8      O        0.7710    0.0569    2.0821
  QMMM:     9        9      C       -0.4496    0.8904    0.1949
  QMMM:    10       10      O       -0.4616    1.0365   -1.2171
  QMMM:    11       11      C       -1.7334    0.1323    0.5811
  QMMM:    12       12      O       -1.9178    0.0267    1.9758
  QMMM:    13       13      C       -2.9839    0.8643    0.0280
  QMMM:    14       14      O       -3.4381    1.8885    0.8873
  QMMM:    15       15      C       -4.1030   -0.1122   -0.2511
  QMMM:    16       16      O       -5.1530   -0.1791    0.4024
  QMMM:    17       17      C       -3.8924   -1.0463   -1.4226
  QMMM:    18       18      O       -5.0857   -1.6914   -1.8314
  QMMM:    19       19      H        2.9420    0.6278    0.9327
  QMMM:    20       20      H        1.9083    1.9590    0.2257
  QMMM:    21       21      H        0.7726   -0.8946    0.2481
  QMMM:    22       22      H        2.9846   -1.5971    0.1501
  QMMM:    23       23      H       -0.4949    1.9208    0.6397
  QMMM:    24       24      H        0.3828    0.6981   -1.5497
  QMMM:    25       25      H       -1.6896   -0.9037    0.1419
  QMMM:    26       26      H       -1.0217    0.0263    2.3939
  QMMM:    27       27      H       -2.7070    1.3851   -0.9350
  QMMM:    28       28      H       -3.3407    1.5652    1.7951
  QMMM:    29       29      H       -3.5283   -0.4801   -2.3208
  QMMM:    30       30      H       -3.1314   -1.8256   -1.1417
  QMMM:    31       31      H       -5.6423   -1.7916   -1.0463

           --------- Calculation Completed ----------

