            --------------------------------------------------------
                             AMBER SQM VERSION 14
 
                                     By
              Ross C. Walker, Michael F. Crowley, Scott Brozell,
                         Tim Giese, Andreas W. Goetz,
                        Tai-Sung Lee and David A. Case
 
            --------------------------------------------------------
 

--------------------------------------------------------------------------------
  QM CALCULATION INFO
--------------------------------------------------------------------------------

| QMMM: Citation for AMBER QMMM Run:
| QMMM: R.C. Walker, M.F. Crowley and D.A. Case, J. COMP. CHEM. 29:1019, 2008

QMMM: SINGLET STATE CALCULATION
QMMM: RHF CALCULATION, NO. OF DOUBLY OCCUPIED LEVELS = 33

| QMMM: *** Selected Hamiltonian *** 
| QMMM: AM1         

| QMMM: *** Parameter sets in use ***
| QMMM: C : M.J.S.DEWAR et al. JACS, 107, 3902, (1985)
| QMMM: P : M.J.S.DEWAR et al. THEOCHEM, 187,1, (1989)
| QMMM: O : M.J.S.DEWAR et al. JACS, 107, 3902, (1985)
| QMMM: H : M.J.S.DEWAR et al. JACS, 107, 3902, (1985)

| QMMM: *** SCF convergence criteria ***
| QMMM: Energy change                :  0.1D-09 kcal/mol
| QMMM: Error matrix |FP-PF|         :  0.1D+00 au
| QMMM: Density matrix change        :  0.1D-09
| QMMM: Maximum number of SCF cycles :     1000

| QMMM: *** Diagonalization Routine Information ***
| QMMM: Pseudo diagonalizations are allowed.
| QMMM: Auto diagonalization routine selection is disabled.
| QMMM: Using internal diagonalization routine (diag_routine=1).

  QMMM: QM Region Cartesian Coordinates (*=link atom) 
  QMMM: QM_NO.   MM_NO.  ATOM         X         Y         Z
  QMMM:     1        1      C        1.9060   -0.8620   -0.0350
  QMMM:     2        2      C        0.8490    0.2040    0.1010
  QMMM:     3        3      C        1.4630    1.5710   -0.2040
  QMMM:     4        4      P       -1.5490   -0.2480    0.0570
  QMMM:     5        5      O        1.7640   -1.7530   -0.8370
  QMMM:     6        6      O        3.0040   -0.8200    0.7340
  QMMM:     7        7      O        0.4610    2.5830   -0.0750
  QMMM:     8        8      O       -0.2120   -0.0570   -0.8180
  QMMM:     9        9      O       -1.8140    0.9870    0.8280
  QMMM:    10       10      O       -2.7930   -0.5480   -0.9200
  QMMM:    11       11      O       -1.3550   -1.4830    1.0710
  QMMM:    12       12      H        0.4580    0.1990    1.1180
  QMMM:    13       13      H        1.8540    1.5750   -1.2220
  QMMM:    14       14      H        2.2730    1.7710    0.4970
  QMMM:    15       15      H        0.8890    3.4260   -0.2750

--------------------------------------------------------------------------------
  RESULTS
--------------------------------------------------------------------------------

      iter         sqm energy              rms gradient
      ----    -------------------    -----------------------
xmin    10     -221.1654 kcal/mol        5.0880 kcal/(mol*A)
xmin    20     -243.1289 kcal/mol        1.4855 kcal/(mol*A)
xmin    30     -243.3643 kcal/mol        0.0098 kcal/(mol*A)
  ... geometry converged !
 
 Final MO eigenvalues (eV):
 -27.5307  -25.8945  -24.0513  -22.2096  -20.3371  -19.6467  -19.5254  -17.9807
 -12.7068   -8.6772   -6.4905   -6.3727   -5.1932   -4.2088   -3.8599   -3.5570
  -2.8882   -2.6721   -2.0036   -1.2172   -0.8819   -0.4560    0.0273    0.8422
   1.3688    1.5734    1.6701    2.2218    2.2436    2.4132    2.4944    2.5263
   2.5888   14.2463   14.7002   15.0466   15.1896   15.4530   15.8925   16.1007
  16.5125   17.5825   17.9968   19.0931   19.6917   19.8426   21.0242   21.1767


 Heat of formation   =       -243.36450206 kcal/mol  (      -10.55307671 eV)

 Total SCF energy    =     -64763.21166906 kcal/mol  (    -2808.34359607 eV)
 Electronic energy   =    -263327.79035379 kcal/mol  (   -11418.74985273 eV)
 Core-core repulsion =     198564.57868473 kcal/mol  (     8610.40625666 eV)
 
    Atomic Charges for Step       1 :
  Atom    Element       Mulliken Charge
     1      C                  0.320
     2      C                  0.063
     3      C                 -0.022
     4      P                  2.529
     5      O                 -0.639
     6      O                 -0.658
     7      O                 -0.464
     8      O                 -0.734
     9      O                 -1.270
    10      O                 -1.265
    11      O                 -1.261
    12      H                  0.059
    13      H                  0.036
    14      H                  0.019
    15      H                  0.286
 Total Mulliken Charge =      -3.000
 
                  X        Y        Z     TOTAL  
  QM DIPOLE     2.468    3.609   -0.909    4.466
 
 Final Structure

  QMMM: QM Region Cartesian Coordinates (*=link atom) 
  QMMM: QM_NO.   MM_NO.  ATOM         X         Y         Z
  QMMM:     1        1      C        2.1563   -0.8197    0.2011
  QMMM:     2        2      C        0.9396    0.1453    0.1765
  QMMM:     3        3      C        1.4913    1.4661   -0.4222
  QMMM:     4        4      P       -1.7192   -0.0369    0.0195
  QMMM:     5        5      O        2.7717   -1.1552   -0.8615
  QMMM:     6        6      O        2.6162   -1.1900    1.3334
  QMMM:     7        7      O        0.7662    2.6228   -0.0589
  QMMM:     8        8      O       -0.1323   -0.3224   -0.5565
  QMMM:     9        9      O       -1.6267    1.3591    0.6122
  QMMM:    10       10      O       -2.5402   -0.1058   -1.2460
  QMMM:    11       11      O       -2.0320   -1.1109    1.0283
  QMMM:    12       12      H        0.6137    0.3459    1.2390
  QMMM:    13       13      H        1.5028    1.3862   -1.5419
  QMMM:    14       14      H        2.5423    1.6391   -0.0613
  QMMM:    15       15      H       -0.1515    2.3214    0.1584

           --------- Calculation Completed ----------

