            --------------------------------------------------------
                             AMBER SQM VERSION 14
 
                                     By
              Ross C. Walker, Michael F. Crowley, Scott Brozell,
                         Tim Giese, Andreas W. Goetz,
                        Tai-Sung Lee and David A. Case
 
            --------------------------------------------------------
 

--------------------------------------------------------------------------------
  QM CALCULATION INFO
--------------------------------------------------------------------------------

| QMMM: Citation for AMBER QMMM Run:
| QMMM: R.C. Walker, M.F. Crowley and D.A. Case, J. COMP. CHEM. 29:1019, 2008

QMMM: SINGLET STATE CALCULATION
QMMM: RHF CALCULATION, NO. OF DOUBLY OCCUPIED LEVELS = 16

| QMMM: *** Selected Hamiltonian *** 
| QMMM: AM1         

| QMMM: *** Parameter sets in use ***
| QMMM: P : M.J.S.DEWAR et al. THEOCHEM, 187,1, (1989)
| QMMM: O : M.J.S.DEWAR et al. JACS, 107, 3902, (1985)
| QMMM: H : M.J.S.DEWAR et al. JACS, 107, 3902, (1985)

| QMMM: *** SCF convergence criteria ***
| QMMM: Energy change                :  0.1D-09 kcal/mol
| QMMM: Error matrix |FP-PF|         :  0.1D+00 au
| QMMM: Density matrix change        :  0.1D-09
| QMMM: Maximum number of SCF cycles :     1000

| QMMM: *** Diagonalization Routine Information ***
| QMMM: Pseudo diagonalizations are allowed.
| QMMM: Auto diagonalization routine selection is disabled.
| QMMM: Using internal diagonalization routine (diag_routine=1).

  QMMM: QM Region Cartesian Coordinates (*=link atom) 
  QMMM: QM_NO.   MM_NO.  ATOM         X         Y         Z
  QMMM:     1        1      P        0.0040   -0.1170    0.1200
  QMMM:     2        2      O        0.0530   -1.5810    0.1790
  QMMM:     3        3      O       -0.0350    0.7790    1.3020
  QMMM:     4        4      O        1.2620    0.4070   -0.7930
  QMMM:     5        5      O       -1.2750    0.3250   -0.8100
  QMMM:     6        6      H        1.5520    1.2220   -0.4070
  QMMM:     7        7      H       -1.6400    1.1010   -0.4090

--------------------------------------------------------------------------------
  RESULTS
--------------------------------------------------------------------------------

      iter         sqm energy              rms gradient
      ----    -------------------    -----------------------
xmin    10     -315.0597 kcal/mol        0.0053 kcal/(mol*A)
  ... geometry converged !
 
 Final MO eigenvalues (eV):
 -32.0151  -31.0079  -28.5819  -28.2590  -14.8648  -13.2661  -11.7326  -10.2122
 -10.0804   -8.3331   -7.9767   -7.9601   -6.3091   -6.0565   -5.8611   -5.8099
   7.6483    9.3357    9.8499   11.2567   11.6801   13.2032

 Heat of formation   =       -315.05974849 kcal/mol  (      -13.66201589 eV)

 Total SCF energy    =     -33286.61774093 kcal/mol  (    -1443.41605919 eV)
 Electronic energy   =     -90212.38088237 kcal/mol  (    -3911.90238421 eV)
 Core-core repulsion =      56925.76314144 kcal/mol  (     2468.48632503 eV)
 
    Atomic Charges for Step       1 :
  Atom    Element       Mulliken Charge
     1      P                  2.535
     2      O                 -1.135
     3      O                 -1.203
     4      O                 -0.816
     5      O                 -0.816
     6      H                  0.217
     7      H                  0.217
 Total Mulliken Charge =      -1.000
 
                  X        Y        Z     TOTAL  
  QM DIPOLE    -0.102    3.092   -1.387    3.391
 
 Final Structure

  QMMM: QM Region Cartesian Coordinates (*=link atom) 
  QMMM: QM_NO.   MM_NO.  ATOM         X         Y         Z
  QMMM:     1        1      P        0.0052   -0.1815    0.1458
  QMMM:     2        2      O        0.0580   -1.6530    0.1861
  QMMM:     3        3      O       -0.0331    0.7679    1.2846
  QMMM:     4        4      O        1.2292    0.4222   -0.7589
  QMMM:     5        5      O       -1.2523    0.3330   -0.7680
  QMMM:     6        6      H        1.4972    1.2790   -0.4482
  QMMM:     7        7      H       -1.5833    1.1683   -0.4595

           --------- Calculation Completed ----------

