            --------------------------------------------------------
                             AMBER SQM VERSION 14
 
                                     By
              Ross C. Walker, Michael F. Crowley, Scott Brozell,
                         Tim Giese, Andreas W. Goetz,
                        Tai-Sung Lee and David A. Case
 
            --------------------------------------------------------
 

--------------------------------------------------------------------------------
  QM CALCULATION INFO
--------------------------------------------------------------------------------

| QMMM: Citation for AMBER QMMM Run:
| QMMM: R.C. Walker, M.F. Crowley and D.A. Case, J. COMP. CHEM. 29:1019, 2008

QMMM: SINGLET STATE CALCULATION
QMMM: RHF CALCULATION, NO. OF DOUBLY OCCUPIED LEVELS = 30

| QMMM: *** Selected Hamiltonian *** 
| QMMM: AM1         

| QMMM: *** Parameter sets in use ***
| QMMM: P : M.J.S.DEWAR et al. THEOCHEM, 187,1, (1989)
| QMMM: O : M.J.S.DEWAR et al. JACS, 107, 3902, (1985)
| QMMM: C : M.J.S.DEWAR et al. JACS, 107, 3902, (1985)
| QMMM: H : M.J.S.DEWAR et al. JACS, 107, 3902, (1985)

| QMMM: *** SCF convergence criteria ***
| QMMM: Energy change                :  0.1D-09 kcal/mol
| QMMM: Error matrix |FP-PF|         :  0.1D+00 au
| QMMM: Density matrix change        :  0.1D-09
| QMMM: Maximum number of SCF cycles :     1000

| QMMM: *** Diagonalization Routine Information ***
| QMMM: Pseudo diagonalizations are allowed.
| QMMM: Auto diagonalization routine selection is disabled.
| QMMM: Using internal diagonalization routine (diag_routine=1).

  QMMM: QM Region Cartesian Coordinates (*=link atom) 
  QMMM: QM_NO.   MM_NO.  ATOM         X         Y         Z
  QMMM:     1        1      P       -1.8250    0.4800   -0.0490
  QMMM:     2        2      O       -0.6970   -0.5620    0.7940
  QMMM:     3        3      O        2.7420   -1.3360    0.0130
  QMMM:     4        4      O       -2.7330    0.8930    1.0680
  QMMM:     5        5      O       -2.3920   -0.4230   -1.1080
  QMMM:     6        6      O       -0.8920    1.5560   -0.5780
  QMMM:     7        7      O        2.8710    1.2300   -0.4180
  QMMM:     8        8      C        0.2930   -1.1510    0.0550
  QMMM:     9        9      C        1.6510   -0.5760    0.4840
  QMMM:    10       10      C        1.8210    0.8660    0.0600
  QMMM:    11       11      H        0.3400   -2.2280    0.2450
  QMMM:    12       12      H        0.1550   -1.0250   -1.0140
  QMMM:    13       13      H        1.6510   -0.5750    1.5750
  QMMM:    14       14      H        0.9590    1.5140    0.1860
  QMMM:    15       15      H        3.3300   -0.7030   -0.3860

--------------------------------------------------------------------------------
  RESULTS
--------------------------------------------------------------------------------

      iter         sqm energy              rms gradient
      ----    -------------------    -----------------------
xmin    10     -304.0918 kcal/mol        1.2812 kcal/(mol*A)
xmin    20     -304.2849 kcal/mol        0.0226 kcal/(mol*A)
  ... geometry converged !
 
 Final MO eigenvalues (eV):
 -32.9752  -30.5710  -28.7408  -23.5721  -23.1196  -22.9391  -22.6905  -17.4877
 -14.8591  -11.4979  -10.3198   -9.7003   -8.9376   -7.9542   -7.7622   -7.1228
  -6.7797   -6.1609   -5.5168   -4.3728   -4.1751   -3.9460   -3.3113   -2.2720
  -1.5058   -0.9687   -0.8932   -0.8210   -0.7015   -0.6944    7.7479   10.1049
  10.3907   10.9282   11.3508   11.7338   11.9305   12.2421   12.4537   12.8953
  13.3783   14.3595   16.0495   17.7777   18.0062

 Heat of formation   =       -304.28495185 kcal/mol  (      -13.19478565 eV)

 Total SCF energy    =     -57789.91709117 kcal/mol  (    -2505.95885223 eV)
 Electronic energy   =    -229159.15583363 kcal/mol  (    -9937.08667593 eV)
 Core-core repulsion =     171369.23874245 kcal/mol  (     7431.12782370 eV)
 
    Atomic Charges for Step       1 :
  Atom    Element       Mulliken Charge
     1      P                  2.514
     2      O                 -0.726
     3      O                 -0.362
     4      O                 -1.230
     5      O                 -1.250
     6      O                 -1.244
     7      O                 -0.421
     8      C                  0.060
     9      C                 -0.110
    10      C                  0.121
    11      H                  0.006
    12      H                  0.081
    13      H                  0.116
    14      H                  0.260
    15      H                  0.184
 Total Mulliken Charge =      -2.000
 
                  X        Y        Z     TOTAL  
  QM DIPOLE    10.574   -4.089   -0.168   11.338
 
 Final Structure

  QMMM: QM Region Cartesian Coordinates (*=link atom) 
  QMMM: QM_NO.   MM_NO.  ATOM         X         Y         Z
  QMMM:     1        1      P       -1.7781    0.4882    0.0192
  QMMM:     2        2      O       -0.7114   -0.6064    0.8507
  QMMM:     3        3      O        2.7646   -1.3447    0.2918
  QMMM:     4        4      O       -3.0051    0.4688    0.8793
  QMMM:     5        5      O       -1.8699   -0.1483   -1.3401
  QMMM:     6        6      O       -0.9447    1.7520    0.0603
  QMMM:     7        7      O        2.8896    1.2114   -0.6466
  QMMM:     8        8      C        0.3222   -1.1002    0.1046
  QMMM:     9        9      C        1.6699   -0.4697    0.5532
  QMMM:    10       10      C        1.8258    0.8848   -0.0949
  QMMM:    11       11      H        0.4234   -2.2130    0.2740
  QMMM:    12       12      H        0.1632   -0.9130   -0.9954
  QMMM:    13       13      H        1.6595   -0.3456    1.6712
  QMMM:    14       14      H        0.8702    1.5092   -0.0657
  QMMM:    15       15      H        2.9947   -1.2136   -0.6346

           --------- Calculation Completed ----------

