            --------------------------------------------------------
                             AMBER SQM VERSION 14
 
                                     By
              Ross C. Walker, Michael F. Crowley, Scott Brozell,
                         Tim Giese, Andreas W. Goetz,
                        Tai-Sung Lee and David A. Case
 
            --------------------------------------------------------
 

--------------------------------------------------------------------------------
  QM CALCULATION INFO
--------------------------------------------------------------------------------

| QMMM: Citation for AMBER QMMM Run:
| QMMM: R.C. Walker, M.F. Crowley and D.A. Case, J. COMP. CHEM. 29:1019, 2008

QMMM: SINGLET STATE CALCULATION
QMMM: RHF CALCULATION, NO. OF DOUBLY OCCUPIED LEVELS = 48

| QMMM: *** Selected Hamiltonian *** 
| QMMM: AM1         

| QMMM: *** Parameter sets in use ***
| QMMM: C : M.J.S.DEWAR et al. JACS, 107, 3902, (1985)
| QMMM: O : M.J.S.DEWAR et al. JACS, 107, 3902, (1985)
| QMMM: P : M.J.S.DEWAR et al. THEOCHEM, 187,1, (1989)
| QMMM: H : M.J.S.DEWAR et al. JACS, 107, 3902, (1985)

| QMMM: *** SCF convergence criteria ***
| QMMM: Energy change                :  0.1D-09 kcal/mol
| QMMM: Error matrix |FP-PF|         :  0.1D+00 au
| QMMM: Density matrix change        :  0.1D-09
| QMMM: Maximum number of SCF cycles :     1000

| QMMM: *** Diagonalization Routine Information ***
| QMMM: Pseudo diagonalizations are allowed.
| QMMM: Auto diagonalization routine selection is disabled.
| QMMM: Using internal diagonalization routine (diag_routine=1).

  QMMM: QM Region Cartesian Coordinates (*=link atom) 
  QMMM: QM_NO.   MM_NO.  ATOM         X         Y         Z
  QMMM:     1        1      C        4.2500   -1.0710    0.6590
  QMMM:     2        2      C        3.6920    0.1310   -0.0600
  QMMM:     3        3      C        2.4080    0.7630    0.4120
  QMMM:     4        4      C        1.2260   -0.1170    0.0010
  QMMM:     5        5      C       -0.0840    0.5830    0.3680
  QMMM:     6        6      C       -1.2660   -0.2960   -0.0430
  QMMM:     7        7      O        5.4640   -1.4820    0.0280
  QMMM:     8        8      O        4.2750    0.5870   -1.0150
  QMMM:     9        9      O        2.2680    2.0550   -0.1810
  QMMM:    10       10      O        1.2660   -0.3410   -1.4110
  QMMM:    11       11      O       -0.1240    0.8070    1.7790
  QMMM:    12       12      O       -2.4870    0.4060    0.1940
  QMMM:    13       13      P       -3.9350   -0.2210   -0.1260
  QMMM:    14       14      O       -4.1930   -1.4900    0.8320
  QMMM:    15       15      O       -5.0710    0.8890    0.1390
  QMMM:    16       16      O       -3.9860   -0.6510   -1.5400
  QMMM:    17       17      H        4.4500   -0.8120    1.6980
  QMMM:    18       18      H        3.5260   -1.8850    0.6200
  QMMM:    19       19      H        2.4290    0.8600    1.4970
  QMMM:    20       20      H        1.2860   -1.0730    0.5210
  QMMM:    21       21      H       -0.1430    1.5380   -0.1530
  QMMM:    22       22      H       -1.1860   -0.5400   -1.1020
  QMMM:    23       23      H       -1.2560   -1.2160    0.5430
  QMMM:    24       24      H        5.8800   -2.2530    0.4390
  QMMM:    25       25      H        2.2420    2.0450   -1.1480
  QMMM:    26       26      H        1.2170    0.4670   -1.9390
  QMMM:    27       27      H       -0.0750   -0.0020    2.3070

--------------------------------------------------------------------------------
  RESULTS
--------------------------------------------------------------------------------

      iter         sqm energy              rms gradient
      ----    -------------------    -----------------------
xmin    10     -450.6355 kcal/mol        2.6231 kcal/(mol*A)
xmin    20     -457.1339 kcal/mol        2.7347 kcal/(mol*A)
xmin    30     -460.6159 kcal/mol        1.8585 kcal/(mol*A)
xmin    40     -462.6380 kcal/mol        0.8617 kcal/(mol*A)
xmin    50     -465.9172 kcal/mol        3.6543 kcal/(mol*A)
xmin    60     -472.4795 kcal/mol        6.8438 kcal/(mol*A)
xmin    70     -503.9657 kcal/mol        1.8932 kcal/(mol*A)
xmin    80     -505.2164 kcal/mol        0.1515 kcal/(mol*A)
xmin    90     -505.2360 kcal/mol        0.0040 kcal/(mol*A)
  ... geometry converged !
 
 Final MO eigenvalues (eV):
 -34.4968  -32.6903  -31.8588  -30.9274  -30.0276  -29.1067  -27.9931  -26.4350
 -26.2963  -24.8786  -22.9170  -20.6293  -17.7252  -15.2696  -14.4619  -12.7549
 -12.5324  -11.6155  -11.5005  -11.2107  -11.0242  -10.7849   -9.6816   -9.4071
  -9.2069   -8.9476   -8.6410   -8.3871   -8.0449   -7.8420   -7.4166   -7.0369
  -6.6109   -6.3774   -6.1497   -6.0195   -5.8022   -5.4909   -5.2018   -5.0703
  -4.1870   -4.1296   -3.9629   -3.8962   -3.7514   -3.6737   -1.9357   -1.7178
   6.5680    8.7747    8.8772    9.4217    9.5915    9.9211   10.1822   10.3172
  10.4915   10.6930   10.7653   10.8673   10.9390   11.0294   11.2639   11.3181
  11.3970   11.7584   11.9673   12.1732   12.3112   12.8791   13.1059   13.6038
  13.7502   14.9274   15.2251

 Heat of formation   =       -505.23603508 kcal/mol  (      -21.90867851 eV)

 Total SCF energy    =     -90798.81736114 kcal/mol  (    -3937.33217819 eV)
 Electronic energy   =    -470767.67791714 kcal/mol  (   -20414.01838243 eV)
 Core-core repulsion =     379968.86055599 kcal/mol  (    16476.68620424 eV)
 
    Atomic Charges for Step       1 :
  Atom    Element       Mulliken Charge
     1      C                 -0.090
     2      C                  0.214
     3      C                 -0.091
     4      C                  0.199
     5      C                 -0.048
     6      C                  0.015
     7      O                 -0.368
     8      O                 -0.377
     9      O                 -0.370
    10      O                 -0.693
    11      O                 -0.381
    12      O                 -0.768
    13      P                  2.540
    14      O                 -1.186
    15      O                 -1.150
    16      O                 -0.819
    17      H                  0.103
    18      H                  0.131
    19      H                  0.094
    20      H                 -0.038
    21      H                  0.062
    22      H                  0.091
    23      H                  0.058
    24      H                  0.206
    25      H                  0.236
    26      H                  0.224
    27      H                  0.207
 Total Mulliken Charge =      -2.000
 
                  X        Y        Z     TOTAL  
  QM DIPOLE     5.452    1.495    2.286    6.098
 
 Final Structure

  QMMM: QM Region Cartesian Coordinates (*=link atom) 
  QMMM: QM_NO.   MM_NO.  ATOM         X         Y         Z
  QMMM:     1        1      C        3.5694   -0.5921    1.5176
  QMMM:     2        2      C        3.7959   -0.0153    0.1344
  QMMM:     3        3      C        2.6625    0.8135   -0.3867
  QMMM:     4        4      C        1.4553   -0.1409   -0.8665
  QMMM:     5        5      C        0.2450    0.1634    0.0689
  QMMM:     6        6      C       -0.9207   -0.7904   -0.2279
  QMMM:     7        7      O        4.6862   -1.3084    2.0214
  QMMM:     8        8      O        4.8516   -0.2852   -0.4619
  QMMM:     9        9      O        3.0970    1.6444   -1.4354
  QMMM:    10       10      O        1.2068    0.0596   -2.1396
  QMMM:    11       11      O        0.6708    0.0229    1.4233
  QMMM:    12       12      O       -1.8856   -0.6858    0.7840
  QMMM:    13       13      P       -3.4177   -0.2736    0.3509
  QMMM:    14       14      O       -3.7566   -0.9737   -0.9082
  QMMM:    15       15      O       -4.2457   -0.2768    1.5746
  QMMM:    16       16      O       -3.1318    1.2670   -0.1190
  QMMM:    17       17      H        3.3665    0.2318    2.2515
  QMMM:    18       18      H        2.6749   -1.2746    1.4880
  QMMM:    19       19      H        2.3039    1.4905    0.4359
  QMMM:    20       20      H        1.7908   -1.2001   -0.6158
  QMMM:    21       21      H       -0.0974    1.2240   -0.0821
  QMMM:    22       22      H       -1.3666   -0.5561   -1.2309
  QMMM:    23       23      H       -0.5328   -1.8475   -0.2323
  QMMM:    24       24      H        5.2475   -1.5329    1.2661
  QMMM:    25       25      H        2.6766    1.3105   -2.2544
  QMMM:    26       26      H       -2.7431    1.3134   -0.9845
  QMMM:    27       27      H       -0.1299   -0.1068    1.9476

           --------- Calculation Completed ----------

