            --------------------------------------------------------
                             AMBER SQM VERSION 14
 
                                     By
              Ross C. Walker, Michael F. Crowley, Scott Brozell,
                         Tim Giese, Andreas W. Goetz,
                        Tai-Sung Lee and David A. Case
 
            --------------------------------------------------------
 

--------------------------------------------------------------------------------
  QM CALCULATION INFO
--------------------------------------------------------------------------------

| QMMM: Citation for AMBER QMMM Run:
| QMMM: R.C. Walker, M.F. Crowley and D.A. Case, J. COMP. CHEM. 29:1019, 2008

QMMM: SINGLET STATE CALCULATION
QMMM: RHF CALCULATION, NO. OF DOUBLY OCCUPIED LEVELS = 45

| QMMM: *** Selected Hamiltonian *** 
| QMMM: AM1         

| QMMM: *** Parameter sets in use ***
| QMMM: O : M.J.S.DEWAR et al. JACS, 107, 3902, (1985)
| QMMM: P : M.J.S.DEWAR et al. THEOCHEM, 187,1, (1989)
| QMMM: C : M.J.S.DEWAR et al. JACS, 107, 3902, (1985)
| QMMM: H : M.J.S.DEWAR et al. JACS, 107, 3902, (1985)

| QMMM: *** SCF convergence criteria ***
| QMMM: Energy change                :  0.1D-09 kcal/mol
| QMMM: Error matrix |FP-PF|         :  0.1D+00 au
| QMMM: Density matrix change        :  0.1D-09
| QMMM: Maximum number of SCF cycles :     1000

| QMMM: *** Diagonalization Routine Information ***
| QMMM: Pseudo diagonalizations are allowed.
| QMMM: Auto diagonalization routine selection is disabled.
| QMMM: Using internal diagonalization routine (diag_routine=1).

  QMMM: QM Region Cartesian Coordinates (*=link atom) 
  QMMM: QM_NO.   MM_NO.  ATOM         X         Y         Z
  QMMM:     1        1      O        4.1230    1.3420    1.3060
  QMMM:     2        2      P        3.9340    0.3800    0.1710
  QMMM:     3        3      O        4.1180    0.9440   -1.2030
  QMMM:     4        4      O        4.4300   -1.0140    0.4060
  QMMM:     5        5      O        2.0750    0.1630    0.3210
  QMMM:     6        6      C        1.2780   -0.6540   -0.2480
  QMMM:     7        7      O        1.4720   -1.3150   -1.2510
  QMMM:     8        8      C       -0.0950   -0.8610    0.4530
  QMMM:     9        9      O       -0.3300   -2.2620    0.4350
  QMMM:    10       10      C       -1.2700   -0.0950   -0.1900
  QMMM:    11       11      O       -2.4170   -0.2440    0.5670
  QMMM:    12       12      P       -3.9520    0.2650   -0.0450
  QMMM:    13       13      O       -4.8640   -0.0630    1.1170
  QMMM:    14       14      O       -3.7760    1.7430   -0.3220
  QMMM:    15       15      O       -4.1700   -0.5790   -1.2840
  QMMM:    16       16      H       -0.0130   -0.5680    1.4910
  QMMM:    17       17      H       -0.0100   -2.5250   -0.4190
  QMMM:    18       18      H       -0.9890    0.9570   -0.2790
  QMMM:    19       19      H       -1.4080   -0.4780   -1.2010

--------------------------------------------------------------------------------
  RESULTS
--------------------------------------------------------------------------------

      iter         sqm energy              rms gradient
      ----    -------------------    -----------------------
xmin    10     -333.0487 kcal/mol        0.6347 kcal/(mol*A)
xmin    20     -334.1892 kcal/mol        0.7954 kcal/(mol*A)
xmin    30     -334.9032 kcal/mol        0.1212 kcal/(mol*A)
xmin    40     -334.9273 kcal/mol        0.0095 kcal/(mol*A)
  ... geometry converged !
 
 Final MO eigenvalues (eV):
 -26.6901  -24.8587  -23.1466  -22.2157  -19.7502  -19.2837  -19.0474  -18.9818
 -18.6295  -18.5529  -16.8978  -11.8581   -8.3876   -5.6019   -5.0521   -4.6361
  -4.2070   -3.0010   -2.5208   -2.2399   -2.1089   -1.7539   -1.1823   -0.4457
  -0.3630   -0.0584    0.1286    0.3869    0.8632    1.3434    1.7413    1.7833
   2.2727    2.8117    2.9334    3.0158    3.0402    3.0517    3.1504    3.1607
   3.3082    3.3113    3.3696    3.4760    3.5061   14.6775   15.4606   16.4719
  16.5820   16.7210   16.9365   17.0750   17.3244   17.5209   18.7879   18.9703
  19.1316   19.8050   20.6061   20.8947   21.9357   21.9431   22.0986   22.1151


 Heat of formation   =       -334.92732374 kcal/mol  (      -14.52353860 eV)

 Total SCF energy    =     -89847.37244636 kcal/mol  (    -3896.07443070 eV)
 Electronic energy   =    -403823.66379156 kcal/mol  (   -17511.10809555 eV)
 Core-core repulsion =     313976.29134520 kcal/mol  (    13615.03366485 eV)
 
    Atomic Charges for Step       1 :
  Atom    Element       Mulliken Charge
     1      O                 -1.244
     2      P                  2.574
     3      O                 -1.247
     4      O                 -1.248
     5      O                 -0.723
     6      C                  0.399
     7      O                 -0.519
     8      C                 -0.010
     9      O                 -0.395
    10      C                  0.047
    11      O                 -0.756
    12      P                  2.521
    13      O                 -1.269
    14      O                 -1.273
    15      O                 -1.265
    16      H                  0.070
    17      H                  0.259
    18      H                  0.016
    19      H                  0.064
 Total Mulliken Charge =      -4.000
 
                  X        Y        Z     TOTAL  
  QM DIPOLE    -2.474    3.850   -0.998    4.684
 
 Final Structure

  QMMM: QM Region Cartesian Coordinates (*=link atom) 
  QMMM: QM_NO.   MM_NO.  ATOM         X         Y         Z
  QMMM:     1        1      O        4.2433    0.1859    1.8698
  QMMM:     2        2      P        4.0976    0.0670    0.3813
  QMMM:     3        3      O        4.3509    1.3372   -0.3738
  QMMM:     4        4      O        4.7052   -1.1714   -0.2059
  QMMM:     5        5      O        2.2737   -0.1855    0.2614
  QMMM:     6        6      C        1.2231   -0.4211   -0.4794
  QMMM:     7        7      O        1.3032   -0.5007   -1.7262
  QMMM:     8        8      C       -0.1158   -0.5662    0.2727
  QMMM:     9        9      O       -0.4971   -1.9356    0.2570
  QMMM:    10       10      C       -1.2346    0.3171   -0.3315
  QMMM:    11       11      O       -2.3127    0.4192    0.5281
  QMMM:    12       12      P       -3.7993   -0.2471    0.0040
  QMMM:    13       13      O       -4.7407    0.0591    1.1463
  QMMM:    14       14      O       -4.1309    0.4863   -1.2734
  QMMM:    15       15      O       -3.4515   -1.7086   -0.1654
  QMMM:    16       16      H        0.0477   -0.2739    1.3476
  QMMM:    17       17      H       -1.4721   -1.9523    0.1372
  QMMM:    18       18      H       -0.7994    1.3431   -0.5054
  QMMM:    19       19      H       -1.5547   -0.1165   -1.3194

           --------- Calculation Completed ----------

